#
# There is insufficient memory for the Java Runtime Environment to continue.
# Native memory allocation (malloc) failed to allocate 8089856 bytes for Chunk::new
# Possible reasons:
#   The system is out of physical RAM or swap space
#   The process is running with CompressedOops enabled, and the Java Heap may be blocking the growth of the native heap
# Possible solutions:
#   Reduce memory load on the system
#   Increase physical memory or swap space
#   Check if swap backing store is full
#   Decrease Java heap size (-Xmx/-Xms)
#   Decrease number of Java threads
#   Decrease Java thread stack sizes (-Xss)
#   Set larger code cache with -XX:ReservedCodeCacheSize=
#   JVM is running with Zero Based Compressed Oops mode in which the Java heap is
#     placed in the first 32GB address space. The Java Heap base address is the
#     maximum limit for the native heap growth. Please use -XX:HeapBaseMinAddress
#     to set the Java Heap base and to place the Java Heap above 32GB virtual address.
# This output file may be truncated or incomplete.
#
#  Out of Memory Error (arena.cpp:189), pid=5020, tid=18456
#
# JRE version: OpenJDK Runtime Environment Microsoft-32931 (17.0.3+7) (build 17.0.3+7-LTS)
# Java VM: OpenJDK 64-Bit Server VM Microsoft-32931 (17.0.3+7-LTS, mixed mode, tiered, compressed oops, compressed class ptrs, g1 gc, windows-amd64)
# No core dump will be written. Minidumps are not enabled by default on client versions of Windows
#

---------------  S U M M A R Y ------------

Command Line: -XX:HeapDumpPath=MojangTricksIntelDriversForPerformance_javaw.exe_minecraft.exe.heapdump -Dos.name=Windows 10 -Dos.version=10.0 -Xss1M -Djava.library.path=C:\Users\Victor\AppData\Roaming\.minecraft\bin\44f0f6310b5cf669dc9eb2646e42ba1bf12bd968 -Dminecraft.launcher.brand=minecraft-launcher -Dminecraft.launcher.version=2.4.69 -Djava.net.preferIPv6Addresses=system -DignoreList=bootstraplauncher,securejarhandler,asm-commons,asm-util,asm-analysis,asm-tree,asm,JarJarFileSystems,client-extra,fmlcore,javafmllanguage,lowcodelanguage,mclanguage,forge-,1.19.2-forge-43.2.0.jar -DmergeModules=jna-5.10.0.jar,jna-platform-5.10.0.jar -DlibraryDirectory=C:\Users\Victor\AppData\Roaming\.minecraft\libraries --module-path=C:\Users\Victor\AppData\Roaming\.minecraft\libraries/cpw/mods/bootstraplauncher/1.1.2/bootstraplauncher-1.1.2.jar;C:\Users\Victor\AppData\Roaming\.minecraft\libraries/cpw/mods/securejarhandler/2.1.4/securejarhandler-2.1.4.jar;C:\Users\Victor\AppData\Roaming\.minecraft\libraries/org/ow2/asm/asm-commons/9.3/asm-commons-9.3.jar;C:\Users\Victor\AppData\Roaming\.minecraft\libraries/org/ow2/asm/asm-util/9.3/asm-util-9.3.jar;C:\Users\Victor\AppData\Roaming\.minecraft\libraries/org/ow2/asm/asm-analysis/9.3/asm-analysis-9.3.jar;C:\Users\Victor\AppData\Roaming\.minecraft\libraries/org/ow2/asm/asm-tree/9.3/asm-tree-9.3.jar;C:\Users\Victor\AppData\Roaming\.minecraft\libraries/org/ow2/asm/asm/9.3/asm-9.3.jar;C:\Users\Victor\AppData\Roaming\.minecraft\libraries/net/minecraftforge/JarJarFileSystems/0.3.16/JarJarFileSystems-0.3.16.jar --add-modules=ALL-MODULE-PATH --add-opens=java.base/java.util.jar=cpw.mods.securejarhandler --add-opens=java.base/java.lang.invoke=cpw.mods.securejarhandler --add-exports=java.base/sun.security.util=cpw.mods.securejarhandler --add-exports=jdk.naming.dns/com.sun.jndi.dns=java.naming -Xmx8G -XX:+UnlockExperimentalVMOptions -XX:+UseG1GC -XX:G1NewSizePercent=20 -XX:G1ReservePercent=20 -XX:MaxGCPauseMillis=50 -XX:G1HeapRegionSize=32M cpw.mods.bootstraplauncher.BootstrapLauncher --username Viitox --version 1.19.2-forge-43.2.0 --gameDir C:\Users\Victor\AppData\Roaming\.minecraft --assetsDir C:\Users\Victor\AppData\Roaming\.minecraft\assets --assetIndex 1.19 --uuid f894014521ca4c3c975bfc9153eb87f5 --accessToken eyJraWQiOiJhYzg0YSIsImFsZyI6IkhTMjU2In0.eyJ4dWlkIjoiMjUzNTQyNjIyMDAxMDU0NSIsImFnZyI6IkFkdWx0Iiwic3ViIjoiNjAzZWQyYTktYzM3Zi00MGQzLWE0OGYtM2VhMTJiMjc0ZTU2IiwiYXV0aCI6IlhCT1giLCJucyI6ImRlZmF1bHQiLCJyb2xlcyI6W10sImlzcyI6ImF1dGhlbnRpY2F0aW9uIiwiZmxhZ3MiOlsidHdvZmFjdG9yYXV0aCIsIm9yZGVyc18yMDIyIl0sInBsYXRmb3JtIjoiUENfTEFVTkNIRVIiLCJ5dWlkIjoiODU5OWQ3NTM4YTgwNGVlZWJhYmFkOGE2ODc5OGQxOGIiLCJuYmYiOjE2ODQ1NDAwMjcsImV4cCI6MTY4NDYyNjQyNywiaWF0IjoxNjg0NTQwMDI3fQ.CnnQlfBGQcG2-eMNcM1d0W1AqquEnDik6ghZFXQjJpQ --clientId NzRiM2JjY2EtNjllZC00Y2ZlLTg1NDktZWQyYmMxNmZiMWQ2 --xuid 2535426220010545 --userType msa --versionType release --launchTarget forgeclient --fml.forgeVersion 43.2.0 --fml.mcVersion 1.19.2 --fml.forgeGroup net.minecraftforge --fml.mcpVersion 20220805.130853

Host: Intel(R) Core(TM) i7-7740X CPU @ 4.30GHz, 8 cores, 15G,  Windows 10 , 64 bit Build 19041 (10.0.19041.2913)
Time: Fri May 19 21:28:36 2023 Hora oficial do Brasil elapsed time: 2413.424656 seconds (0d 0h 40m 13s)

---------------  T H R E A D  ---------------

Current thread (0x0000023bfdd24d30):  JavaThread "C2 CompilerThread0" daemon [_thread_in_native, id=18456, stack(0x00000056c1800000,0x00000056c1900000)]


Current CompileTask:
C2:2413424 88876       4       net.minecraft.world.level.levelgen.feature.MonsterRoomFeature::m_142674_ (857 bytes)

Stack: [0x00000056c1800000,0x00000056c1900000]
Native frames: (J=compiled Java code, j=interpreted, Vv=VM code, C=native code)
V  [jvm.dll+0x6771da]
V  [jvm.dll+0x8324e4]
V  [jvm.dll+0x833c8e]
V  [jvm.dll+0x8342f3]
V  [jvm.dll+0x245815]
V  [jvm.dll+0xabf1b]
V  [jvm.dll+0xac4ac]
V  [jvm.dll+0x3639d7]
V  [jvm.dll+0x32dea1]
V  [jvm.dll+0x32d34a]
V  [jvm.dll+0x218771]
V  [jvm.dll+0x217b91]
V  [jvm.dll+0x1a400d]
V  [jvm.dll+0x227508]
V  [jvm.dll+0x22565c]
V  [jvm.dll+0x7e7d2c]
V  [jvm.dll+0x7e22da]
V  [jvm.dll+0x676065]
C  [ucrtbase.dll+0x21bb2]
C  [KERNEL32.DLL+0x17614]
C  [ntdll.dll+0x526a1]


---------------  P R O C E S S  ---------------

Threads class SMR info:
_java_thread_list=0x0000023babad2e30, length=65, elements={
0x0000023be378e030, 0x0000023bfdcb1c60, 0x0000023bfdcb3790, 0x0000023bfdd3e550,
0x0000023bfdd01b60, 0x0000023bfdd02420, 0x0000023bfdd02ce0, 0x0000023bfdd24d30,
0x0000023bfdd25630, 0x0000023bfdd27f40, 0x0000023bfe9597b0, 0x0000023bfe9bafd0,
0x0000023b903acd50, 0x0000023b903ae090, 0x0000023b96b833d0, 0x0000023b92ded230,
0x0000023b92df0250, 0x0000023b92deb080, 0x0000023b92df0720, 0x0000023b92dedbd0,
0x0000023b92deea40, 0x0000023b92def3e0, 0x0000023b92dec3c0, 0x0000023b92deef10,
0x0000023b92df0bf0, 0x0000023b98de4a20, 0x0000023b98de36e0, 0x0000023b98de1530,
0x0000023b98de4550, 0x0000023b98de2d40, 0x0000023b98de1060, 0x0000023b98de23a0,
0x0000023baad7acb0, 0x0000023baad7e670, 0x0000023baad80820, 0x0000023baad79e40,
0x0000023baad7dcd0, 0x0000023baad7fe80, 0x0000023b9814d550, 0x0000023b9814cbb0,
0x0000023b96f5aa30, 0x0000023bdc39add0, 0x0000023bdc39a430, 0x0000023bdc39cf80,
0x0000023bdc39c110, 0x0000023bdc39e2c0, 0x0000023c0e209110, 0x0000023b9814c6e0,
0x0000023b96f59bc0, 0x0000023d7533cd30, 0x0000023d75341090, 0x0000023d75341560,
0x0000023d75343710, 0x0000023d7533d6d0, 0x0000023d753423d0, 0x0000023d7533d200,
0x0000023d7533dba0, 0x0000023d75344f20, 0x0000023d75343be0, 0x0000023d753453f0,
0x0000023d75345d90, 0x0000023be02049a0, 0x0000023c2e4c1d70, 0x0000023c102d6750,
0x0000023c0e9d2310
}

Java Threads: ( => current thread )
  0x0000023be378e030 JavaThread "Render thread" [_thread_in_native, id=6104, stack(0x00000056c0b00000,0x00000056c0c00000)]
  0x0000023bfdcb1c60 JavaThread "Reference Handler" daemon [_thread_blocked, id=15000, stack(0x00000056c1200000,0x00000056c1300000)]
  0x0000023bfdcb3790 JavaThread "Finalizer" daemon [_thread_blocked, id=16268, stack(0x00000056c1300000,0x00000056c1400000)]
  0x0000023bfdd3e550 JavaThread "Signal Dispatcher" daemon [_thread_blocked, id=16252, stack(0x00000056c1400000,0x00000056c1500000)]
  0x0000023bfdd01b60 JavaThread "Attach Listener" daemon [_thread_blocked, id=16228, stack(0x00000056c1500000,0x00000056c1600000)]
  0x0000023bfdd02420 JavaThread "Service Thread" daemon [_thread_blocked, id=18464, stack(0x00000056c1600000,0x00000056c1700000)]
  0x0000023bfdd02ce0 JavaThread "Monitor Deflation Thread" daemon [_thread_blocked, id=14792, stack(0x00000056c1700000,0x00000056c1800000)]
=>0x0000023bfdd24d30 JavaThread "C2 CompilerThread0" daemon [_thread_in_native, id=18456, stack(0x00000056c1800000,0x00000056c1900000)]
  0x0000023bfdd25630 JavaThread "C1 CompilerThread0" daemon [_thread_blocked, id=4888, stack(0x00000056c1900000,0x00000056c1a00000)]
  0x0000023bfdd27f40 JavaThread "Sweeper thread" daemon [_thread_blocked, id=5588, stack(0x00000056c1a00000,0x00000056c1b00000)]
  0x0000023bfe9597b0 JavaThread "Common-Cleaner" daemon [_thread_blocked, id=5520, stack(0x00000056c1b00000,0x00000056c1c00000)]
  0x0000023bfe9bafd0 JavaThread "Notification Thread" daemon [_thread_blocked, id=14064, stack(0x00000056c1d00000,0x00000056c1e00000)]
  0x0000023b903acd50 JavaThread "Thread-0" daemon [_thread_blocked, id=8588, stack(0x00000056c2700000,0x00000056c2800000)]
  0x0000023b903ae090 JavaThread "FileSystemWatchService" daemon [_thread_in_native, id=4804, stack(0x00000056c2900000,0x00000056c2a00000)]
  0x0000023b96b833d0 JavaThread "Timer hack thread" daemon [_thread_blocked, id=20140, stack(0x00000056c3400000,0x00000056c3500000)]
  0x0000023b92ded230 JavaThread "KubeJS Background Thread" daemon [_thread_blocked, id=15136, stack(0x00000056c4200000,0x00000056c4300000)]
  0x0000023b92df0250 JavaThread "pool-4-thread-1" [_thread_blocked, id=19676, stack(0x00000056c4400000,0x00000056c4500000)]
  0x0000023b92deb080 JavaThread "Cloth Updater Thread" daemon [_thread_blocked, id=19892, stack(0x00000056c4700000,0x00000056c4800000)]
  0x0000023b92df0720 JavaThread "pool-6-thread-1" [_thread_blocked, id=19708, stack(0x00000056c4500000,0x00000056c4600000)]
  0x0000023b92dedbd0 JavaThread "ForkJoinPool.commonPool-worker-1" daemon [_thread_blocked, id=19948, stack(0x00000056c4300000,0x00000056c4400000)]
  0x0000023b92deea40 JavaThread "ForkJoinPool.commonPool-worker-2" daemon [_thread_blocked, id=19980, stack(0x00000056c4600000,0x00000056c4700000)]
  0x0000023b92def3e0 JavaThread "ForkJoinPool.commonPool-worker-3" daemon [_thread_blocked, id=19816, stack(0x00000056c4800000,0x00000056c4900000)]
  0x0000023b92dec3c0 JavaThread "ForkJoinPool.commonPool-worker-4" daemon [_thread_blocked, id=19820, stack(0x00000056c4900000,0x00000056c4a00000)]
  0x0000023b92deef10 JavaThread "ForkJoinPool.commonPool-worker-6" daemon [_thread_blocked, id=19620, stack(0x00000056c4b00000,0x00000056c4c00000)]
  0x0000023b92df0bf0 JavaThread "ForkJoinPool.commonPool-worker-7" daemon [_thread_blocked, id=19148, stack(0x00000056c4c00000,0x00000056c4d00000)]
  0x0000023b98de4a20 JavaThread "Worker-Main-1" daemon [_thread_blocked, id=19880, stack(0x00000056c4f00000,0x00000056c5000000)]
  0x0000023b98de36e0 JavaThread "Worker-Main-2" daemon [_thread_blocked, id=20132, stack(0x00000056c5000000,0x00000056c5100000)]
  0x0000023b98de1530 JavaThread "Worker-Main-3" daemon [_thread_in_Java, id=20120, stack(0x00000056c5200000,0x00000056c5300000)]
  0x0000023b98de4550 JavaThread "Worker-Main-4" daemon [_thread_in_Java, id=20092, stack(0x00000056c5300000,0x00000056c5400000)]
  0x0000023b98de2d40 JavaThread "Worker-Main-5" daemon [_thread_blocked, id=20116, stack(0x00000056c5400000,0x00000056c5500000)]
  0x0000023b98de1060 JavaThread "Worker-Main-6" daemon [_thread_blocked, id=17276, stack(0x00000056c5500000,0x00000056c5600000)]
  0x0000023b98de23a0 JavaThread "Worker-Main-7" daemon [_thread_blocked, id=15356, stack(0x00000056c5600000,0x00000056c5700000)]
  0x0000023baad7acb0 JavaThread "FileSystemWatchService" daemon [_thread_in_native, id=19500, stack(0x00000056c5900000,0x00000056c5a00000)]
  0x0000023baad7e670 JavaThread "FileSystemWatchService" daemon [_thread_in_native, id=14344, stack(0x00000056c5a00000,0x00000056c5b00000)]
  0x0000023baad80820 JavaThread "FileSystemWatchService" daemon [_thread_in_native, id=18724, stack(0x00000056c5b00000,0x00000056c5c00000)]
  0x0000023baad79e40 JavaThread "FileSystemWatchService" daemon [_thread_in_native, id=2088, stack(0x00000056c5c00000,0x00000056c5d00000)]
  0x0000023baad7dcd0 JavaThread "Java2D Disposer" daemon [_thread_blocked, id=3600, stack(0x00000056c5d00000,0x00000056c5e00000)]
  0x0000023baad7fe80 JavaThread "pool-5-thread-1" [_thread_blocked, id=988, stack(0x00000056c6500000,0x00000056c6600000)]
  0x0000023b9814d550 JavaThread "FileSystemWatchService" daemon [_thread_in_native, id=2496, stack(0x00000056c6600000,0x00000056c6700000)]
  0x0000023b9814cbb0 JavaThread "Physics Cleaner" daemon [_thread_blocked, id=17080, stack(0x00000056c4a00000,0x00000056c4b00000)]
  0x0000023b96f5aa30 JavaThread "Netty Server IO #0" daemon [_thread_in_native, id=5668, stack(0x00000056c6100000,0x00000056c6200000)]
  0x0000023bdc39add0 JavaThread "Netty Local Client IO #0" daemon [_thread_blocked, id=19316, stack(0x00000056c6400000,0x00000056c6500000)]
  0x0000023bdc39a430 JavaThread "Netty Server IO #1" daemon [_thread_in_native, id=14504, stack(0x00000056c6700000,0x00000056c6800000)]
  0x0000023bdc39cf80 JavaThread "Flywheel 0" [_thread_blocked, id=864, stack(0x00000056c0a00000,0x00000056c0b00000)]
  0x0000023bdc39c110 JavaThread "Flywheel 1" [_thread_blocked, id=816, stack(0x00000056c6b00000,0x00000056c6c00000)]
  0x0000023bdc39e2c0 JavaThread "Telemetry-Sender-#1" [_thread_blocked, id=19840, stack(0x00000056c6a00000,0x00000056c6b00000)]
  0x0000023c0e209110 JavaThread "ForkJoinPool.commonPool-worker-8" daemon [_thread_blocked, id=1800, stack(0x00000056c3b00000,0x00000056c3c00000)]
  0x0000023b9814c6e0 JavaThread "FileSystemWatchService" daemon [_thread_in_native, id=13928, stack(0x00000056c3500000,0x00000056c3600000)]
  0x0000023b96f59bc0 JavaThread "FileSystemWatchService" daemon [_thread_in_native, id=13964, stack(0x00000056c3e00000,0x00000056c3f00000)]
  0x0000023d7533cd30 JavaThread "Server thread" [_thread_in_Java, id=6796, stack(0x00000056c4000000,0x00000056c4100000)]
  0x0000023d75341090 JavaThread "Server Physics Thread" [_thread_in_Java, id=6128, stack(0x00000056c4e00000,0x00000056c4f00000)]
  0x0000023d75341560 JavaThread "FileSystemWatchService" daemon [_thread_in_native, id=6812, stack(0x00000056c5100000,0x00000056c5200000)]
  0x0000023d75343710 JavaThread "Netty Server IO #2" daemon [_thread_in_native, id=19596, stack(0x00000056c6c00000,0x00000056c6d00000)]
  0x0000023d7533d6d0 JavaThread "Netty Local Client IO #1" daemon [_thread_blocked, id=19920, stack(0x00000056c6d00000,0x00000056c6e00000)]
  0x0000023d753423d0 JavaThread "Netty Server IO #3" daemon [_thread_in_native, id=6728, stack(0x00000056c6e00000,0x00000056c6f00000)]
  0x0000023d7533d200 JavaThread "Client Physics Thread" [_thread_in_Java, id=19356, stack(0x00000056c6900000,0x00000056c6a00000)]
  0x0000023d7533dba0 JavaThread "Sound engine" daemon [_thread_blocked, id=17660, stack(0x00000056c7300000,0x00000056c7400000)]
  0x0000023d75344f20 JavaThread "JEI Library Config file watcher" daemon [_thread_blocked, id=20036, stack(0x00000056c7100000,0x00000056c7200000)]
  0x0000023d75343be0 JavaThread "JEI GUI Config file watcher" daemon [_thread_blocked, id=14760, stack(0x00000056c7200000,0x00000056c7300000)]
  0x0000023d753453f0 JavaThread "Snow Contouring Thread" daemon [_thread_blocked, id=15964, stack(0x00000056c7700000,0x00000056c7800000)]
  0x0000023d75345d90 JavaThread "Ocean Processor Thread" daemon [_thread_blocked, id=14600, stack(0x00000056c7800000,0x00000056c7900000)]
  0x0000023be02049a0 JavaThread "IO-Worker-23" [_thread_blocked, id=724, stack(0x00000056c0800000,0x00000056c0900000)]
  0x0000023c2e4c1d70 JavaThread "IO-Worker-30" [_thread_blocked, id=15292, stack(0x00000056c0900000,0x00000056c0a00000)]
  0x0000023c102d6750 JavaThread "IO-Worker-31" [_thread_blocked, id=13168, stack(0x00000056c3200000,0x00000056c3300000)]
  0x0000023c0e9d2310 JavaThread "IO-Worker-32" [_thread_blocked, id=6660, stack(0x00000056c3000000,0x00000056c3100000)]

Other Threads:
  0x0000023bfdc77930 VMThread "VM Thread" [stack: 0x00000056c1100000,0x00000056c1200000] [id=19364]
  0x0000023be5855040 WatcherThread [stack: 0x00000056c1e00000,0x00000056c1f00000] [id=5636]
  0x0000023be584a8f0 GCTaskThread "GC Thread#0" [stack: 0x00000056c0c00000,0x00000056c0d00000] [id=14692]
  0x0000023bff1f7620 GCTaskThread "GC Thread#1" [stack: 0x00000056c2000000,0x00000056c2100000] [id=1044]
  0x0000023bff1f80e0 GCTaskThread "GC Thread#2" [stack: 0x00000056c2100000,0x00000056c2200000] [id=14592]
  0x0000023bff1f8390 GCTaskThread "GC Thread#3" [stack: 0x00000056c2200000,0x00000056c2300000] [id=16360]
  0x0000023bff1f68b0 GCTaskThread "GC Thread#4" [stack: 0x00000056c2300000,0x00000056c2400000] [id=16356]
  0x0000023bff1f7b80 GCTaskThread "GC Thread#5" [stack: 0x00000056c2400000,0x00000056c2500000] [id=16408]
  0x0000023bff1f6b60 GCTaskThread "GC Thread#6" [stack: 0x00000056c2500000,0x00000056c2600000] [id=5132]
  0x0000023bff1f70c0 GCTaskThread "GC Thread#7" [stack: 0x00000056c2600000,0x00000056c2700000] [id=14540]
  0x0000023be584d740 ConcurrentGCThread "G1 Main Marker" [stack: 0x00000056c0d00000,0x00000056c0e00000] [id=16272]
  0x0000023be584e800 ConcurrentGCThread "G1 Conc#0" [stack: 0x00000056c0e00000,0x00000056c0f00000] [id=5688]
  0x0000023b920c8600 ConcurrentGCThread "G1 Conc#1" [stack: 0x00000056c2800000,0x00000056c2900000] [id=2036]
  0x0000023be58868c0 ConcurrentGCThread "G1 Refine#0" [stack: 0x00000056c0f00000,0x00000056c1000000] [id=16276]
  0x0000023b92a91010 ConcurrentGCThread "G1 Refine#1" [stack: 0x00000056c2a00000,0x00000056c2b00000] [id=19472]
  0x0000023b91d78340 ConcurrentGCThread "G1 Refine#2" [stack: 0x00000056c2b00000,0x00000056c2c00000] [id=19476]
  0x0000023b91d79a40 ConcurrentGCThread "G1 Refine#3" [stack: 0x00000056c2c00000,0x00000056c2d00000] [id=19480]
  0x0000023b91d78620 ConcurrentGCThread "G1 Refine#4" [stack: 0x00000056c2d00000,0x00000056c2e00000] [id=19484]
  0x0000023b91d78060 ConcurrentGCThread "G1 Refine#5" [stack: 0x00000056c2e00000,0x00000056c2f00000] [id=19488]
  0x0000023b91d78900 ConcurrentGCThread "G1 Refine#6" [stack: 0x00000056c2f00000,0x00000056c3000000] [id=19492]
  0x0000023b9771d350 ConcurrentGCThread "G1 Refine#7" [stack: 0x00000056c4100000,0x00000056c4200000] [id=17236]
  0x0000023be58871f0 ConcurrentGCThread "G1 Service" [stack: 0x00000056c1000000,0x00000056c1100000] [id=18488]

Threads with active compile tasks:
C2 CompilerThread0  2413562 88876       4       net.minecraft.world.level.levelgen.feature.MonsterRoomFeature::m_142674_ (857 bytes)

VM state: not at safepoint (normal execution)

VM Mutex/Monitor currently owned by a thread: None

Heap address: 0x0000000600000000, size: 8192 MB, Compressed Oops mode: Zero based, Oop shift amount: 3

CDS archive(s) not mapped
Compressed class space mapped at: 0x0000000800000000-0x0000000840000000, reserved size: 1073741824
Narrow klass base: 0x0000000800000000, Narrow klass shift: 0, Narrow klass range: 0x40000000

GC Precious Log:
 CPUs: 8 total, 8 available
 Memory: 16322M
 Large Page Support: Disabled
 NUMA Support: Disabled
 Compressed Oops: Enabled (Zero based)
 Heap Region Size: 32M
 Heap Min Capacity: 32M
 Heap Initial Capacity: 256M
 Heap Max Capacity: 8G
 Pre-touch: Disabled
 Parallel Workers: 8
 Concurrent Workers: 2
 Concurrent Refinement Workers: 8
 Periodic GC: Disabled

Heap:
 garbage-first heap   total 8224768K, used 4955218K [0x0000000600000000, 0x0000000800000000)
  region size 32768K, 51 young (1671168K), 5 survivors (163840K)
 Metaspace       used 312774K, committed 318080K, reserved 1318912K
  class space    used 49180K, committed 51456K, reserved 1048576K

Heap Regions: E=young(eden), S=young(survivor), O=old, HS=humongous(starts), HC=humongous(continues), CS=collection set, F=free, OA=open archive, CA=closed archive, TAMS=top-at-mark-start (previous, next)
|   0|0x0000000600000000, 0x0000000602000000, 0x0000000602000000|100%| O|  |TAMS 0x0000000602000000, 0x0000000600000000| Untracked 
|   1|0x0000000602000000, 0x0000000603e9c600, 0x0000000604000000| 95%| O|  |TAMS 0x0000000603e9c600, 0x0000000602000000| Untracked 
|   2|0x0000000604000000, 0x0000000606000000, 0x0000000606000000|100%| O|  |TAMS 0x0000000606000000, 0x0000000604000000| Untracked 
|   3|0x0000000606000000, 0x0000000608000000, 0x0000000608000000|100%| O|  |TAMS 0x0000000608000000, 0x0000000606000000| Untracked 
|   4|0x0000000608000000, 0x000000060a000000, 0x000000060a000000|100%| O|  |TAMS 0x000000060a000000, 0x0000000608000000| Untracked 
|   5|0x000000060a000000, 0x000000060c000000, 0x000000060c000000|100%| O|  |TAMS 0x000000060c000000, 0x000000060a000000| Untracked 
|   6|0x000000060c000000, 0x000000060e000000, 0x000000060e000000|100%| O|  |TAMS 0x000000060e000000, 0x000000060c000000| Untracked 
|   7|0x000000060e000000, 0x0000000610000000, 0x0000000610000000|100%| O|  |TAMS 0x0000000610000000, 0x000000060e000000| Untracked 
|   8|0x0000000610000000, 0x0000000612000000, 0x0000000612000000|100%| O|  |TAMS 0x0000000612000000, 0x0000000610000000| Untracked 
|   9|0x0000000612000000, 0x0000000614000000, 0x0000000614000000|100%| O|  |TAMS 0x0000000614000000, 0x0000000612000000| Untracked 
|  10|0x0000000614000000, 0x0000000616000000, 0x0000000616000000|100%| O|  |TAMS 0x0000000616000000, 0x0000000614000000| Untracked 
|  11|0x0000000616000000, 0x0000000618000000, 0x0000000618000000|100%| O|  |TAMS 0x0000000618000000, 0x0000000616000000| Untracked 
|  12|0x0000000618000000, 0x000000061a000000, 0x000000061a000000|100%| O|  |TAMS 0x000000061a000000, 0x0000000618000000| Untracked 
|  13|0x000000061a000000, 0x000000061c000000, 0x000000061c000000|100%| O|  |TAMS 0x000000061c000000, 0x000000061a000000| Untracked 
|  14|0x000000061c000000, 0x000000061e000000, 0x000000061e000000|100%| O|  |TAMS 0x000000061e000000, 0x000000061c000000| Untracked 
|  15|0x000000061e000000, 0x0000000620000000, 0x0000000620000000|100%| O|  |TAMS 0x0000000620000000, 0x000000061e000000| Untracked 
|  16|0x0000000620000000, 0x0000000622000000, 0x0000000622000000|100%| O|  |TAMS 0x0000000622000000, 0x0000000620000000| Untracked 
|  17|0x0000000622000000, 0x0000000622000000, 0x0000000624000000|  0%| F|  |TAMS 0x0000000622000000, 0x0000000622000000| Untracked 
|  18|0x0000000624000000, 0x0000000626000000, 0x0000000626000000|100%| O|  |TAMS 0x0000000626000000, 0x0000000624000000| Untracked 
|  19|0x0000000626000000, 0x0000000628000000, 0x0000000628000000|100%| O|  |TAMS 0x0000000628000000, 0x0000000626000000| Untracked 
|  20|0x0000000628000000, 0x000000062a000000, 0x000000062a000000|100%| O|  |TAMS 0x000000062a000000, 0x0000000628000000| Untracked 
|  21|0x000000062a000000, 0x000000062c000000, 0x000000062c000000|100%| O|  |TAMS 0x000000062c000000, 0x000000062a000000| Untracked 
|  22|0x000000062c000000, 0x000000062e000000, 0x000000062e000000|100%| O|  |TAMS 0x000000062e000000, 0x000000062c000000| Untracked 
|  23|0x000000062e000000, 0x0000000630000000, 0x0000000630000000|100%| O|  |TAMS 0x0000000630000000, 0x000000062e000000| Untracked 
|  24|0x0000000630000000, 0x0000000632000000, 0x0000000632000000|100%| O|  |TAMS 0x0000000632000000, 0x0000000630000000| Untracked 
|  25|0x0000000632000000, 0x0000000634000000, 0x0000000634000000|100%| O|  |TAMS 0x0000000634000000, 0x0000000632000000| Untracked 
|  26|0x0000000634000000, 0x0000000634000000, 0x0000000636000000|  0%| F|  |TAMS 0x0000000634000000, 0x0000000634000000| Untracked 
|  27|0x0000000636000000, 0x0000000638000000, 0x0000000638000000|100%| O|  |TAMS 0x0000000638000000, 0x0000000636000000| Untracked 
|  28|0x0000000638000000, 0x000000063a000000, 0x000000063a000000|100%| O|  |TAMS 0x000000063a000000, 0x0000000638000000| Untracked 
|  29|0x000000063a000000, 0x000000063c000000, 0x000000063c000000|100%| O|  |TAMS 0x000000063c000000, 0x000000063a000000| Untracked 
|  30|0x000000063c000000, 0x000000063e000000, 0x000000063e000000|100%| O|  |TAMS 0x000000063e000000, 0x000000063c000000| Untracked 
|  31|0x000000063e000000, 0x0000000640000000, 0x0000000640000000|100%| O|  |TAMS 0x0000000640000000, 0x000000063e000000| Untracked 
|  32|0x0000000640000000, 0x0000000642000000, 0x0000000642000000|100%| O|  |TAMS 0x0000000642000000, 0x0000000640000000| Untracked 
|  33|0x0000000642000000, 0x0000000644000000, 0x0000000644000000|100%| O|  |TAMS 0x0000000644000000, 0x0000000642000000| Untracked 
|  34|0x0000000644000000, 0x0000000644000000, 0x0000000646000000|  0%| F|  |TAMS 0x0000000644000000, 0x0000000644000000| Untracked 
|  35|0x0000000646000000, 0x0000000648000000, 0x0000000648000000|100%| O|  |TAMS 0x0000000648000000, 0x0000000646000000| Untracked 
|  36|0x0000000648000000, 0x000000064a000000, 0x000000064a000000|100%| O|  |TAMS 0x000000064a000000, 0x0000000648000000| Untracked 
|  37|0x000000064a000000, 0x000000064c000000, 0x000000064c000000|100%| O|  |TAMS 0x000000064c000000, 0x000000064a000000| Untracked 
|  38|0x000000064c000000, 0x000000064e000000, 0x000000064e000000|100%| O|  |TAMS 0x000000064e000000, 0x000000064c000000| Untracked 
|  39|0x000000064e000000, 0x0000000650000000, 0x0000000650000000|100%| O|  |TAMS 0x0000000650000000, 0x000000064e000000| Untracked 
|  40|0x0000000650000000, 0x0000000652000000, 0x0000000652000000|100%| O|  |TAMS 0x0000000652000000, 0x0000000650000000| Untracked 
|  41|0x0000000652000000, 0x0000000654000000, 0x0000000654000000|100%| O|  |TAMS 0x0000000654000000, 0x0000000652000000| Untracked 
|  42|0x0000000654000000, 0x0000000656000000, 0x0000000656000000|100%| O|  |TAMS 0x0000000656000000, 0x0000000654000000| Untracked 
|  43|0x0000000656000000, 0x0000000658000000, 0x0000000658000000|100%| O|  |TAMS 0x0000000658000000, 0x0000000656000000| Untracked 
|  44|0x0000000658000000, 0x000000065a000000, 0x000000065a000000|100%| O|  |TAMS 0x000000065a000000, 0x0000000658000000| Untracked 
|  45|0x000000065a000000, 0x000000065c000000, 0x000000065c000000|100%| O|  |TAMS 0x000000065c000000, 0x000000065a000000| Untracked 
|  46|0x000000065c000000, 0x000000065e000000, 0x000000065e000000|100%| O|  |TAMS 0x000000065e000000, 0x000000065c000000| Untracked 
|  47|0x000000065e000000, 0x0000000660000000, 0x0000000660000000|100%| O|  |TAMS 0x0000000660000000, 0x000000065e000000| Untracked 
|  48|0x0000000660000000, 0x0000000662000000, 0x0000000662000000|100%| O|  |TAMS 0x0000000662000000, 0x0000000660000000| Untracked 
|  49|0x0000000662000000, 0x0000000664000000, 0x0000000664000000|100%| O|  |TAMS 0x0000000664000000, 0x0000000662000000| Untracked 
|  50|0x0000000664000000, 0x0000000666000000, 0x0000000666000000|100%| O|  |TAMS 0x0000000666000000, 0x0000000664000000| Untracked 
|  51|0x0000000666000000, 0x0000000668000000, 0x0000000668000000|100%| O|  |TAMS 0x0000000668000000, 0x0000000666000000| Untracked 
|  52|0x0000000668000000, 0x000000066a000000, 0x000000066a000000|100%| O|  |TAMS 0x000000066a000000, 0x0000000668000000| Untracked 
|  53|0x000000066a000000, 0x000000066c000000, 0x000000066c000000|100%| O|  |TAMS 0x000000066c000000, 0x000000066a000000| Untracked 
|  54|0x000000066c000000, 0x000000066e000000, 0x000000066e000000|100%| O|  |TAMS 0x000000066e000000, 0x000000066c000000| Untracked 
|  55|0x000000066e000000, 0x0000000670000000, 0x0000000670000000|100%| O|  |TAMS 0x0000000670000000, 0x000000066e000000| Untracked 
|  56|0x0000000670000000, 0x0000000672000000, 0x0000000672000000|100%| O|  |TAMS 0x0000000672000000, 0x0000000670000000| Untracked 
|  57|0x0000000672000000, 0x0000000674000000, 0x0000000674000000|100%| O|  |TAMS 0x0000000674000000, 0x0000000672000000| Untracked 
|  58|0x0000000674000000, 0x0000000676000000, 0x0000000676000000|100%| O|  |TAMS 0x0000000676000000, 0x0000000674000000| Untracked 
|  59|0x0000000676000000, 0x0000000678000000, 0x0000000678000000|100%| O|  |TAMS 0x0000000678000000, 0x0000000676000000| Untracked 
|  60|0x0000000678000000, 0x000000067a000000, 0x000000067a000000|100%| O|  |TAMS 0x0000000678000000, 0x0000000678000000| Untracked 
|  61|0x000000067a000000, 0x000000067a000000, 0x000000067c000000|  0%| F|  |TAMS 0x000000067a000000, 0x000000067a000000| Untracked 
|  62|0x000000067c000000, 0x000000067e000000, 0x000000067e000000|100%| O|  |TAMS 0x000000067e000000, 0x000000067c000000| Untracked 
|  63|0x000000067e000000, 0x0000000680000000, 0x0000000680000000|100%| O|  |TAMS 0x0000000680000000, 0x000000067e000000| Untracked 
|  64|0x0000000680000000, 0x0000000682000000, 0x0000000682000000|100%| O|  |TAMS 0x0000000682000000, 0x0000000680000000| Untracked 
|  65|0x0000000682000000, 0x0000000684000000, 0x0000000684000000|100%| O|  |TAMS 0x0000000684000000, 0x0000000682000000| Untracked 
|  66|0x0000000684000000, 0x0000000686000000, 0x0000000686000000|100%| O|  |TAMS 0x0000000686000000, 0x0000000684000000| Untracked 
|  67|0x0000000686000000, 0x0000000688000000, 0x0000000688000000|100%| O|  |TAMS 0x0000000688000000, 0x0000000686000000| Untracked 
|  68|0x0000000688000000, 0x000000068a000000, 0x000000068a000000|100%| O|  |TAMS 0x000000068a000000, 0x0000000688000000| Untracked 
|  69|0x000000068a000000, 0x000000068c000000, 0x000000068c000000|100%| O|  |TAMS 0x000000068c000000, 0x000000068a000000| Untracked 
|  70|0x000000068c000000, 0x000000068e000000, 0x000000068e000000|100%| O|  |TAMS 0x000000068e000000, 0x000000068c000000| Untracked 
|  71|0x000000068e000000, 0x0000000690000000, 0x0000000690000000|100%| O|  |TAMS 0x0000000690000000, 0x000000068e000000| Untracked 
|  72|0x0000000690000000, 0x0000000692000000, 0x0000000692000000|100%| O|  |TAMS 0x0000000692000000, 0x0000000690000000| Untracked 
|  73|0x0000000692000000, 0x0000000694000000, 0x0000000694000000|100%| O|  |TAMS 0x0000000692000000, 0x0000000692000000| Untracked 
|  74|0x0000000694000000, 0x0000000696000000, 0x0000000696000000|100%| O|  |TAMS 0x0000000694000000, 0x0000000694000000| Untracked 
|  75|0x0000000696000000, 0x0000000698000000, 0x0000000698000000|100%| O|  |TAMS 0x0000000696000000, 0x0000000696000000| Untracked 
|  76|0x0000000698000000, 0x000000069a000000, 0x000000069a000000|100%| O|  |TAMS 0x000000069a000000, 0x0000000698000000| Untracked 
|  77|0x000000069a000000, 0x000000069c000000, 0x000000069c000000|100%| O|  |TAMS 0x000000069c000000, 0x000000069a000000| Untracked 
|  78|0x000000069c000000, 0x000000069e000000, 0x000000069e000000|100%| O|  |TAMS 0x000000069e000000, 0x000000069c000000| Untracked 
|  79|0x000000069e000000, 0x00000006a0000000, 0x00000006a0000000|100%| O|  |TAMS 0x000000069e608000, 0x000000069e000000| Untracked 
|  80|0x00000006a0000000, 0x00000006a0defc00, 0x00000006a2000000| 43%| O|  |TAMS 0x00000006a0000000, 0x00000006a0000000| Untracked 
|  81|0x00000006a2000000, 0x00000006a2000000, 0x00000006a4000000|  0%| F|  |TAMS 0x00000006a2000000, 0x00000006a2000000| Untracked 
|  82|0x00000006a4000000, 0x00000006a6000000, 0x00000006a6000000|100%| O|  |TAMS 0x00000006a6000000, 0x00000006a4000000| Untracked 
|  83|0x00000006a6000000, 0x00000006a8000000, 0x00000006a8000000|100%| O|  |TAMS 0x00000006a8000000, 0x00000006a6000000| Untracked 
|  84|0x00000006a8000000, 0x00000006a8000000, 0x00000006aa000000|  0%| F|  |TAMS 0x00000006a8000000, 0x00000006a8000000| Untracked 
|  85|0x00000006aa000000, 0x00000006aa000000, 0x00000006ac000000|  0%| F|  |TAMS 0x00000006aa000000, 0x00000006aa000000| Untracked 
|  86|0x00000006ac000000, 0x00000006ac000000, 0x00000006ae000000|  0%| F|  |TAMS 0x00000006ac000000, 0x00000006ac000000| Untracked 
|  87|0x00000006ae000000, 0x00000006ae000000, 0x00000006b0000000|  0%| F|  |TAMS 0x00000006ae000000, 0x00000006ae000000| Untracked 
|  88|0x00000006b0000000, 0x00000006b2000000, 0x00000006b2000000|100%| O|  |TAMS 0x00000006b2000000, 0x00000006b0000000| Untracked 
|  89|0x00000006b2000000, 0x00000006b2000000, 0x00000006b4000000|  0%| F|  |TAMS 0x00000006b2000000, 0x00000006b2000000| Untracked 
|  90|0x00000006b4000000, 0x00000006b4000000, 0x00000006b6000000|  0%| F|  |TAMS 0x00000006b4000000, 0x00000006b4000000| Untracked 
|  91|0x00000006b6000000, 0x00000006b6000000, 0x00000006b8000000|  0%| F|  |TAMS 0x00000006b6000000, 0x00000006b6000000| Untracked 
|  92|0x00000006b8000000, 0x00000006b8000000, 0x00000006ba000000|  0%| F|  |TAMS 0x00000006b8000000, 0x00000006b8000000| Untracked 
|  93|0x00000006ba000000, 0x00000006ba000000, 0x00000006bc000000|  0%| F|  |TAMS 0x00000006ba000000, 0x00000006ba000000| Untracked 
|  94|0x00000006bc000000, 0x00000006bc000000, 0x00000006be000000|  0%| F|  |TAMS 0x00000006bc000000, 0x00000006bc000000| Untracked 
|  95|0x00000006be000000, 0x00000006be000000, 0x00000006c0000000|  0%| F|  |TAMS 0x00000006be000000, 0x00000006be000000| Untracked 
|  96|0x00000006c0000000, 0x00000006c0000000, 0x00000006c2000000|  0%| F|  |TAMS 0x00000006c0000000, 0x00000006c0000000| Untracked 
|  97|0x00000006c2000000, 0x00000006c2000000, 0x00000006c4000000|  0%| F|  |TAMS 0x00000006c2000000, 0x00000006c2000000| Untracked 
|  98|0x00000006c4000000, 0x00000006c4000000, 0x00000006c6000000|  0%| F|  |TAMS 0x00000006c4000000, 0x00000006c4000000| Untracked 
|  99|0x00000006c6000000, 0x00000006c6000000, 0x00000006c8000000|  0%| F|  |TAMS 0x00000006c6000000, 0x00000006c6000000| Untracked 
| 100|0x00000006c8000000, 0x00000006c8000000, 0x00000006ca000000|  0%| F|  |TAMS 0x00000006c8000000, 0x00000006c8000000| Untracked 
| 101|0x00000006ca000000, 0x00000006cc000000, 0x00000006cc000000|100%| O|  |TAMS 0x00000006cc000000, 0x00000006ca000000| Untracked 
| 102|0x00000006cc000000, 0x00000006ce000000, 0x00000006ce000000|100%| O|  |TAMS 0x00000006ce000000, 0x00000006cc000000| Untracked 
| 103|0x00000006ce000000, 0x00000006d0000000, 0x00000006d0000000|100%| O|  |TAMS 0x00000006d0000000, 0x00000006ce000000| Untracked 
| 104|0x00000006d0000000, 0x00000006d0000000, 0x00000006d2000000|  0%| F|  |TAMS 0x00000006d0000000, 0x00000006d0000000| Untracked 
| 105|0x00000006d2000000, 0x00000006d4000000, 0x00000006d4000000|100%| O|  |TAMS 0x00000006d4000000, 0x00000006d2000000| Untracked 
| 106|0x00000006d4000000, 0x00000006d4000000, 0x00000006d6000000|  0%| F|  |TAMS 0x00000006d4000000, 0x00000006d4000000| Untracked 
| 107|0x00000006d6000000, 0x00000006d8000000, 0x00000006d8000000|100%| O|  |TAMS 0x00000006d8000000, 0x00000006d6000000| Untracked 
| 108|0x00000006d8000000, 0x00000006d8000000, 0x00000006da000000|  0%| F|  |TAMS 0x00000006d8000000, 0x00000006d8000000| Untracked 
| 109|0x00000006da000000, 0x00000006dc000000, 0x00000006dc000000|100%| O|  |TAMS 0x00000006dc000000, 0x00000006da000000| Untracked 
| 110|0x00000006dc000000, 0x00000006de000000, 0x00000006de000000|100%| O|  |TAMS 0x00000006de000000, 0x00000006dc000000| Untracked 
| 111|0x00000006de000000, 0x00000006de000000, 0x00000006e0000000|  0%| F|  |TAMS 0x00000006de000000, 0x00000006de000000| Untracked 
| 112|0x00000006e0000000, 0x00000006e0000000, 0x00000006e2000000|  0%| F|  |TAMS 0x00000006e0000000, 0x00000006e0000000| Untracked 
| 113|0x00000006e2000000, 0x00000006e2000000, 0x00000006e4000000|  0%| F|  |TAMS 0x00000006e2000000, 0x00000006e2000000| Untracked 
| 114|0x00000006e4000000, 0x00000006e4000000, 0x00000006e6000000|  0%| F|  |TAMS 0x00000006e4000000, 0x00000006e4000000| Untracked 
| 115|0x00000006e6000000, 0x00000006e6000000, 0x00000006e8000000|  0%| F|  |TAMS 0x00000006e6000000, 0x00000006e6000000| Untracked 
| 116|0x00000006e8000000, 0x00000006e8000000, 0x00000006ea000000|  0%| F|  |TAMS 0x00000006e8000000, 0x00000006e8000000| Untracked 
| 117|0x00000006ea000000, 0x00000006ea000000, 0x00000006ec000000|  0%| F|  |TAMS 0x00000006ea000000, 0x00000006ea000000| Untracked 
| 118|0x00000006ec000000, 0x00000006ec000000, 0x00000006ee000000|  0%| F|  |TAMS 0x00000006ec000000, 0x00000006ec000000| Untracked 
| 119|0x00000006ee000000, 0x00000006ee000000, 0x00000006f0000000|  0%| F|  |TAMS 0x00000006ee000000, 0x00000006ee000000| Untracked 
| 120|0x00000006f0000000, 0x00000006f0000000, 0x00000006f2000000|  0%| F|  |TAMS 0x00000006f0000000, 0x00000006f0000000| Untracked 
| 121|0x00000006f2000000, 0x00000006f2000000, 0x00000006f4000000|  0%| F|  |TAMS 0x00000006f2000000, 0x00000006f2000000| Untracked 
| 122|0x00000006f4000000, 0x00000006f4000000, 0x00000006f6000000|  0%| F|  |TAMS 0x00000006f4000000, 0x00000006f4000000| Untracked 
| 123|0x00000006f6000000, 0x00000006f8000000, 0x00000006f8000000|100%| O|  |TAMS 0x00000006f8000000, 0x00000006f6000000| Untracked 
| 124|0x00000006f8000000, 0x00000006f8000000, 0x00000006fa000000|  0%| F|  |TAMS 0x00000006f8000000, 0x00000006f8000000| Untracked 
| 125|0x00000006fa000000, 0x00000006fa000000, 0x00000006fc000000|  0%| F|  |TAMS 0x00000006fa000000, 0x00000006fa000000| Untracked 
| 126|0x00000006fc000000, 0x00000006fc000000, 0x00000006fe000000|  0%| F|  |TAMS 0x00000006fc000000, 0x00000006fc000000| Untracked 
| 127|0x00000006fe000000, 0x0000000700000000, 0x0000000700000000|100%| O|  |TAMS 0x0000000700000000, 0x00000006fe000000| Untracked 
| 128|0x0000000700000000, 0x0000000702000000, 0x0000000702000000|100%| O|  |TAMS 0x0000000702000000, 0x0000000700000000| Untracked 
| 129|0x0000000702000000, 0x0000000704000000, 0x0000000704000000|100%| O|  |TAMS 0x0000000704000000, 0x0000000702000000| Untracked 
| 130|0x0000000704000000, 0x0000000706000000, 0x0000000706000000|100%| O|  |TAMS 0x0000000706000000, 0x0000000704000000| Untracked 
| 131|0x0000000706000000, 0x0000000708000000, 0x0000000708000000|100%| O|  |TAMS 0x0000000708000000, 0x0000000706000000| Untracked 
| 132|0x0000000708000000, 0x000000070a000000, 0x000000070a000000|100%| O|  |TAMS 0x000000070a000000, 0x0000000708000000| Untracked 
| 133|0x000000070a000000, 0x000000070c000000, 0x000000070c000000|100%| O|  |TAMS 0x000000070c000000, 0x000000070a000000| Untracked 
| 134|0x000000070c000000, 0x000000070e000000, 0x000000070e000000|100%| O|  |TAMS 0x000000070e000000, 0x000000070c000000| Untracked 
| 135|0x000000070e000000, 0x0000000710000000, 0x0000000710000000|100%| O|  |TAMS 0x0000000710000000, 0x000000070e000000| Untracked 
| 136|0x0000000710000000, 0x0000000712000000, 0x0000000712000000|100%| O|  |TAMS 0x0000000712000000, 0x0000000710000000| Untracked 
| 137|0x0000000712000000, 0x0000000714000000, 0x0000000714000000|100%| O|  |TAMS 0x0000000714000000, 0x0000000712000000| Untracked 
| 138|0x0000000714000000, 0x0000000716000000, 0x0000000716000000|100%| O|  |TAMS 0x0000000716000000, 0x0000000714000000| Untracked 
| 139|0x0000000716000000, 0x0000000718000000, 0x0000000718000000|100%| O|  |TAMS 0x0000000718000000, 0x0000000716000000| Untracked 
| 140|0x0000000718000000, 0x000000071a000000, 0x000000071a000000|100%| O|  |TAMS 0x000000071a000000, 0x0000000718000000| Untracked 
| 141|0x000000071a000000, 0x000000071a000000, 0x000000071c000000|  0%| F|  |TAMS 0x000000071a000000, 0x000000071a000000| Untracked 
| 142|0x000000071c000000, 0x000000071c000000, 0x000000071e000000|  0%| F|  |TAMS 0x000000071c000000, 0x000000071c000000| Untracked 
| 143|0x000000071e000000, 0x000000071e000000, 0x0000000720000000|  0%| F|  |TAMS 0x000000071e000000, 0x000000071e000000| Untracked 
| 144|0x0000000720000000, 0x0000000720000000, 0x0000000722000000|  0%| F|  |TAMS 0x0000000720000000, 0x0000000720000000| Untracked 
| 145|0x0000000722000000, 0x0000000722000000, 0x0000000724000000|  0%| F|  |TAMS 0x0000000722000000, 0x0000000722000000| Untracked 
| 146|0x0000000724000000, 0x0000000724000000, 0x0000000726000000|  0%| F|  |TAMS 0x0000000724000000, 0x0000000724000000| Untracked 
| 147|0x0000000726000000, 0x0000000726000000, 0x0000000728000000|  0%| F|  |TAMS 0x0000000726000000, 0x0000000726000000| Untracked 
| 148|0x0000000728000000, 0x0000000728000000, 0x000000072a000000|  0%| F|  |TAMS 0x0000000728000000, 0x0000000728000000| Untracked 
| 149|0x000000072a000000, 0x000000072a000000, 0x000000072c000000|  0%| F|  |TAMS 0x000000072a000000, 0x000000072a000000| Untracked 
| 150|0x000000072c000000, 0x000000072c000000, 0x000000072e000000|  0%| F|  |TAMS 0x000000072c000000, 0x000000072c000000| Untracked 
| 151|0x000000072e000000, 0x000000072e000000, 0x0000000730000000|  0%| F|  |TAMS 0x000000072e000000, 0x000000072e000000| Untracked 
| 152|0x0000000730000000, 0x0000000731a88738, 0x0000000732000000| 82%| S|CS|TAMS 0x0000000730000000, 0x0000000730000000| Complete 
| 153|0x0000000732000000, 0x0000000732000000, 0x0000000734000000|  0%| F|  |TAMS 0x0000000732000000, 0x0000000732000000| Untracked 
| 154|0x0000000734000000, 0x0000000734000000, 0x0000000736000000|  0%| F|  |TAMS 0x0000000734000000, 0x0000000734000000| Untracked 
| 155|0x0000000736000000, 0x0000000736000000, 0x0000000738000000|  0%| F|  |TAMS 0x0000000736000000, 0x0000000736000000| Untracked 
| 156|0x0000000738000000, 0x0000000738000000, 0x000000073a000000|  0%| F|  |TAMS 0x0000000738000000, 0x0000000738000000| Untracked 
| 157|0x000000073a000000, 0x000000073c000000, 0x000000073c000000|100%| S|CS|TAMS 0x000000073a000000, 0x000000073a000000| Complete 
| 158|0x000000073c000000, 0x000000073e000000, 0x000000073e000000|100%| S|CS|TAMS 0x000000073c000000, 0x000000073c000000| Complete 
| 159|0x000000073e000000, 0x0000000740000000, 0x0000000740000000|100%| S|CS|TAMS 0x000000073e000000, 0x000000073e000000| Complete 
| 160|0x0000000740000000, 0x0000000742000000, 0x0000000742000000|100%| S|CS|TAMS 0x0000000740000000, 0x0000000740000000| Complete 
| 161|0x0000000742000000, 0x0000000742000000, 0x0000000744000000|  0%| F|  |TAMS 0x0000000742000000, 0x0000000742000000| Untracked 
| 162|0x0000000744000000, 0x0000000744000000, 0x0000000746000000|  0%| F|  |TAMS 0x0000000744000000, 0x0000000744000000| Untracked 
| 163|0x0000000746000000, 0x0000000746000000, 0x0000000748000000|  0%| F|  |TAMS 0x0000000746000000, 0x0000000746000000| Untracked 
| 164|0x0000000748000000, 0x0000000748000000, 0x000000074a000000|  0%| F|  |TAMS 0x0000000748000000, 0x0000000748000000| Untracked 
| 165|0x000000074a000000, 0x000000074a000000, 0x000000074c000000|  0%| F|  |TAMS 0x000000074a000000, 0x000000074a000000| Untracked 
| 166|0x000000074c000000, 0x000000074c000000, 0x000000074e000000|  0%| F|  |TAMS 0x000000074c000000, 0x000000074c000000| Untracked 
| 167|0x000000074e000000, 0x000000074e000000, 0x0000000750000000|  0%| F|  |TAMS 0x000000074e000000, 0x000000074e000000| Untracked 
| 168|0x0000000750000000, 0x0000000750000000, 0x0000000752000000|  0%| F|  |TAMS 0x0000000750000000, 0x0000000750000000| Untracked 
| 169|0x0000000752000000, 0x0000000752000000, 0x0000000754000000|  0%| F|  |TAMS 0x0000000752000000, 0x0000000752000000| Untracked 
| 170|0x0000000754000000, 0x0000000754000000, 0x0000000756000000|  0%| F|  |TAMS 0x0000000754000000, 0x0000000754000000| Untracked 
| 171|0x0000000756000000, 0x0000000756000000, 0x0000000758000000|  0%| F|  |TAMS 0x0000000756000000, 0x0000000756000000| Untracked 
| 172|0x0000000758000000, 0x0000000758000000, 0x000000075a000000|  0%| F|  |TAMS 0x0000000758000000, 0x0000000758000000| Untracked 
| 173|0x000000075a000000, 0x000000075a000000, 0x000000075c000000|  0%| F|  |TAMS 0x000000075a000000, 0x000000075a000000| Untracked 
| 174|0x000000075c000000, 0x000000075c000000, 0x000000075e000000|  0%| F|  |TAMS 0x000000075c000000, 0x000000075c000000| Untracked 
| 175|0x000000075e000000, 0x000000075e000000, 0x0000000760000000|  0%| F|  |TAMS 0x000000075e000000, 0x000000075e000000| Untracked 
| 176|0x0000000760000000, 0x0000000760000000, 0x0000000762000000|  0%| F|  |TAMS 0x0000000760000000, 0x0000000760000000| Untracked 
| 177|0x0000000762000000, 0x0000000762000000, 0x0000000764000000|  0%| F|  |TAMS 0x0000000762000000, 0x0000000762000000| Untracked 
| 178|0x0000000764000000, 0x0000000764000000, 0x0000000766000000|  0%| F|  |TAMS 0x0000000764000000, 0x0000000764000000| Untracked 
| 179|0x0000000766000000, 0x0000000766000000, 0x0000000768000000|  0%| F|  |TAMS 0x0000000766000000, 0x0000000766000000| Untracked 
| 180|0x0000000768000000, 0x0000000768000000, 0x000000076a000000|  0%| F|  |TAMS 0x0000000768000000, 0x0000000768000000| Untracked 
| 181|0x000000076a000000, 0x000000076a000000, 0x000000076c000000|  0%| F|  |TAMS 0x000000076a000000, 0x000000076a000000| Untracked 
| 182|0x000000076c000000, 0x000000076c000000, 0x000000076e000000|  0%| F|  |TAMS 0x000000076c000000, 0x000000076c000000| Untracked 
| 183|0x000000076e000000, 0x000000076e000000, 0x0000000770000000|  0%| F|  |TAMS 0x000000076e000000, 0x000000076e000000| Untracked 
| 184|0x0000000770000000, 0x0000000770000000, 0x0000000772000000|  0%| F|  |TAMS 0x0000000770000000, 0x0000000770000000| Untracked 
| 185|0x0000000772000000, 0x0000000772000000, 0x0000000774000000|  0%| F|  |TAMS 0x0000000772000000, 0x0000000772000000| Untracked 
| 186|0x0000000774000000, 0x0000000774000000, 0x0000000776000000|  0%| F|  |TAMS 0x0000000774000000, 0x0000000774000000| Untracked 
| 187|0x0000000776000000, 0x0000000776000000, 0x0000000778000000|  0%| F|  |TAMS 0x0000000776000000, 0x0000000776000000| Untracked 
| 188|0x0000000778000000, 0x0000000778000000, 0x000000077a000000|  0%| F|  |TAMS 0x0000000778000000, 0x0000000778000000| Untracked 
| 189|0x000000077a000000, 0x000000077a000000, 0x000000077c000000|  0%| F|  |TAMS 0x000000077a000000, 0x000000077a000000| Untracked 
| 190|0x000000077c000000, 0x000000077c000000, 0x000000077e000000|  0%| F|  |TAMS 0x000000077c000000, 0x000000077c000000| Untracked 
| 191|0x000000077e000000, 0x000000077e000000, 0x0000000780000000|  0%| F|  |TAMS 0x000000077e000000, 0x000000077e000000| Untracked 
| 192|0x0000000780000000, 0x0000000780000000, 0x0000000782000000|  0%| F|  |TAMS 0x0000000780000000, 0x0000000780000000| Untracked 
| 193|0x0000000782000000, 0x0000000782000000, 0x0000000784000000|  0%| F|  |TAMS 0x0000000782000000, 0x0000000782000000| Untracked 
| 194|0x0000000784000000, 0x0000000784000000, 0x0000000786000000|  0%| F|  |TAMS 0x0000000784000000, 0x0000000784000000| Untracked 
| 195|0x0000000786000000, 0x0000000786000000, 0x0000000788000000|  0%| F|  |TAMS 0x0000000786000000, 0x0000000786000000| Untracked 
| 196|0x0000000788000000, 0x0000000788000000, 0x000000078a000000|  0%| F|  |TAMS 0x0000000788000000, 0x0000000788000000| Untracked 
| 197|0x000000078a000000, 0x000000078a000000, 0x000000078c000000|  0%| F|  |TAMS 0x000000078a000000, 0x000000078a000000| Untracked 
| 198|0x000000078c000000, 0x000000078c000000, 0x000000078e000000|  0%| F|  |TAMS 0x000000078c000000, 0x000000078c000000| Untracked 
| 199|0x000000078e000000, 0x000000078e000000, 0x0000000790000000|  0%| F|  |TAMS 0x000000078e000000, 0x000000078e000000| Untracked 
| 200|0x0000000790000000, 0x0000000790000000, 0x0000000792000000|  0%| F|  |TAMS 0x0000000790000000, 0x0000000790000000| Untracked 
| 201|0x0000000792000000, 0x0000000792000000, 0x0000000794000000|  0%| F|  |TAMS 0x0000000792000000, 0x0000000792000000| Untracked 
| 202|0x0000000794000000, 0x0000000794000000, 0x0000000796000000|  0%| F|  |TAMS 0x0000000794000000, 0x0000000794000000| Untracked 
| 203|0x0000000796000000, 0x0000000796000000, 0x0000000798000000|  0%| F|  |TAMS 0x0000000796000000, 0x0000000796000000| Untracked 
| 204|0x0000000798000000, 0x0000000798000000, 0x000000079a000000|  0%| F|  |TAMS 0x0000000798000000, 0x0000000798000000| Untracked 
| 205|0x000000079a000000, 0x000000079b186410, 0x000000079c000000| 54%| E|  |TAMS 0x000000079a000000, 0x000000079a000000| Complete 
| 206|0x000000079c000000, 0x000000079e000000, 0x000000079e000000|100%| E|CS|TAMS 0x000000079c000000, 0x000000079c000000| Complete 
| 207|0x000000079e000000, 0x00000007a0000000, 0x00000007a0000000|100%| E|CS|TAMS 0x000000079e000000, 0x000000079e000000| Complete 
| 208|0x00000007a0000000, 0x00000007a2000000, 0x00000007a2000000|100%| E|CS|TAMS 0x00000007a0000000, 0x00000007a0000000| Complete 
| 209|0x00000007a2000000, 0x00000007a4000000, 0x00000007a4000000|100%| E|CS|TAMS 0x00000007a2000000, 0x00000007a2000000| Complete 
| 210|0x00000007a4000000, 0x00000007a6000000, 0x00000007a6000000|100%| E|CS|TAMS 0x00000007a4000000, 0x00000007a4000000| Complete 
| 211|0x00000007a6000000, 0x00000007a8000000, 0x00000007a8000000|100%| E|CS|TAMS 0x00000007a6000000, 0x00000007a6000000| Complete 
| 212|0x00000007a8000000, 0x00000007aa000000, 0x00000007aa000000|100%| E|CS|TAMS 0x00000007a8000000, 0x00000007a8000000| Complete 
| 213|0x00000007aa000000, 0x00000007ac000000, 0x00000007ac000000|100%| E|CS|TAMS 0x00000007aa000000, 0x00000007aa000000| Complete 
| 214|0x00000007ac000000, 0x00000007ae000000, 0x00000007ae000000|100%| E|CS|TAMS 0x00000007ac000000, 0x00000007ac000000| Complete 
| 215|0x00000007ae000000, 0x00000007b0000000, 0x00000007b0000000|100%| E|CS|TAMS 0x00000007ae000000, 0x00000007ae000000| Complete 
| 216|0x00000007b0000000, 0x00000007b2000000, 0x00000007b2000000|100%| E|CS|TAMS 0x00000007b0000000, 0x00000007b0000000| Complete 
| 217|0x00000007b2000000, 0x00000007b4000000, 0x00000007b4000000|100%| E|CS|TAMS 0x00000007b2000000, 0x00000007b2000000| Complete 
| 218|0x00000007b4000000, 0x00000007b6000000, 0x00000007b6000000|100%| E|CS|TAMS 0x00000007b4000000, 0x00000007b4000000| Complete 
| 219|0x00000007b6000000, 0x00000007b8000000, 0x00000007b8000000|100%| E|CS|TAMS 0x00000007b6000000, 0x00000007b6000000| Complete 
| 220|0x00000007b8000000, 0x00000007ba000000, 0x00000007ba000000|100%| E|CS|TAMS 0x00000007b8000000, 0x00000007b8000000| Complete 
| 221|0x00000007ba000000, 0x00000007bc000000, 0x00000007bc000000|100%| E|CS|TAMS 0x00000007ba000000, 0x00000007ba000000| Complete 
| 222|0x00000007bc000000, 0x00000007be000000, 0x00000007be000000|100%| E|CS|TAMS 0x00000007bc000000, 0x00000007bc000000| Complete 
| 223|0x00000007be000000, 0x00000007c0000000, 0x00000007c0000000|100%| E|CS|TAMS 0x00000007be000000, 0x00000007be000000| Complete 
| 224|0x00000007c0000000, 0x00000007c2000000, 0x00000007c2000000|100%| E|CS|TAMS 0x00000007c0000000, 0x00000007c0000000| Complete 
| 225|0x00000007c2000000, 0x00000007c4000000, 0x00000007c4000000|100%| E|CS|TAMS 0x00000007c2000000, 0x00000007c2000000| Complete 
| 226|0x00000007c4000000, 0x00000007c6000000, 0x00000007c6000000|100%| E|CS|TAMS 0x00000007c4000000, 0x00000007c4000000| Complete 
| 227|0x00000007c6000000, 0x00000007c8000000, 0x00000007c8000000|100%| E|CS|TAMS 0x00000007c6000000, 0x00000007c6000000| Complete 
| 228|0x00000007c8000000, 0x00000007ca000000, 0x00000007ca000000|100%| E|CS|TAMS 0x00000007c8000000, 0x00000007c8000000| Complete 
| 229|0x00000007ca000000, 0x00000007cc000000, 0x00000007cc000000|100%| E|CS|TAMS 0x00000007ca000000, 0x00000007ca000000| Complete 
| 230|0x00000007cc000000, 0x00000007ce000000, 0x00000007ce000000|100%| E|CS|TAMS 0x00000007cc000000, 0x00000007cc000000| Complete 
| 231|0x00000007ce000000, 0x00000007d0000000, 0x00000007d0000000|100%| E|CS|TAMS 0x00000007ce000000, 0x00000007ce000000| Complete 
| 232|0x00000007d0000000, 0x00000007d2000000, 0x00000007d2000000|100%| E|CS|TAMS 0x00000007d0000000, 0x00000007d0000000| Complete 
| 233|0x00000007d2000000, 0x00000007d4000000, 0x00000007d4000000|100%| E|CS|TAMS 0x00000007d2000000, 0x00000007d2000000| Complete 
| 234|0x00000007d4000000, 0x00000007d6000000, 0x00000007d6000000|100%| E|CS|TAMS 0x00000007d4000000, 0x00000007d4000000| Complete 
| 235|0x00000007d6000000, 0x00000007d8000000, 0x00000007d8000000|100%| E|CS|TAMS 0x00000007d6000000, 0x00000007d6000000| Complete 
| 236|0x00000007d8000000, 0x00000007da000000, 0x00000007da000000|100%| E|CS|TAMS 0x00000007d8000000, 0x00000007d8000000| Complete 
| 237|0x00000007da000000, 0x00000007dc000000, 0x00000007dc000000|100%| E|CS|TAMS 0x00000007da000000, 0x00000007da000000| Complete 
| 238|0x00000007dc000000, 0x00000007de000000, 0x00000007de000000|100%| E|CS|TAMS 0x00000007dc000000, 0x00000007dc000000| Complete 
| 239|0x00000007de000000, 0x00000007e0000000, 0x00000007e0000000|100%| E|CS|TAMS 0x00000007de000000, 0x00000007de000000| Complete 
| 240|0x00000007e0000000, 0x00000007e2000000, 0x00000007e2000000|100%| E|CS|TAMS 0x00000007e0000000, 0x00000007e0000000| Complete 
| 241|0x00000007e2000000, 0x00000007e4000000, 0x00000007e4000000|100%| E|CS|TAMS 0x00000007e2000000, 0x00000007e2000000| Complete 
| 242|0x00000007e4000000, 0x00000007e6000000, 0x00000007e6000000|100%| E|CS|TAMS 0x00000007e4000000, 0x00000007e4000000| Complete 
| 243|0x00000007e6000000, 0x00000007e8000000, 0x00000007e8000000|100%| E|CS|TAMS 0x00000007e6000000, 0x00000007e6000000| Complete 
| 244|0x00000007e8000000, 0x00000007ea000000, 0x00000007ea000000|100%| E|CS|TAMS 0x00000007e8000000, 0x00000007e8000000| Complete 
| 245|0x00000007ea000000, 0x00000007ec000000, 0x00000007ec000000|100%| E|CS|TAMS 0x00000007ea000000, 0x00000007ea000000| Complete 
| 246|0x00000007ec000000, 0x00000007ee000000, 0x00000007ee000000|100%| E|CS|TAMS 0x00000007ec000000, 0x00000007ec000000| Complete 
| 247|0x00000007ee000000, 0x00000007f0000000, 0x00000007f0000000|100%| E|CS|TAMS 0x00000007ee000000, 0x00000007ee000000| Complete 
| 248|0x00000007f0000000, 0x00000007f2000000, 0x00000007f2000000|100%| E|CS|TAMS 0x00000007f0000000, 0x00000007f0000000| Complete 
| 249|0x00000007f2000000, 0x00000007f4000000, 0x00000007f4000000|100%| E|CS|TAMS 0x00000007f2000000, 0x00000007f2000000| Complete 
| 250|0x00000007f4000000, 0x00000007f6000000, 0x00000007f6000000|100%| E|CS|TAMS 0x00000007f4000000, 0x00000007f4000000| Complete 

Card table byte_map: [0x0000023bf92c0000,0x0000023bfa2c0000] _byte_map_base: 0x0000023bf62c0000

Marking Bits (Prev, Next): (CMBitMap*) 0x0000023be584ae10, (CMBitMap*) 0x0000023be584ae50
 Prev Bits: [0x0000023b80000000, 0x0000023b88000000)
 Next Bits: [0x0000023b88000000, 0x0000023b90000000)

Polling page: 0x0000023be3660000

Metaspace:

Usage:
  Non-class:    257.42 MB used.
      Class:     48.03 MB used.
       Both:    305.44 MB used.

Virtual space:
  Non-class space:      264.00 MB reserved,     260.38 MB ( 99%) committed,  33 nodes.
      Class space:        1.00 GB reserved,      50.25 MB (  5%) committed,  1 nodes.
             Both:        1.26 GB reserved,     310.62 MB ( 24%) committed. 

Chunk freelists:
   Non-Class:  2.91 MB
       Class:  1.67 MB
        Both:  4.58 MB

MaxMetaspaceSize: unlimited
CompressedClassSpaceSize: 1.00 GB
Initial GC threshold: 21.00 MB
Current GC threshold: 517.62 MB
CDS: off
MetaspaceReclaimPolicy: balanced
 - commit_granule_bytes: 65536.
 - commit_granule_words: 8192.
 - virtual_space_node_default_size: 1048576.
 - enlarge_chunks_in_place: 1.
 - new_chunks_are_fully_committed: 0.
 - uncommit_free_chunks: 1.
 - use_allocation_guard: 0.
 - handle_deallocations: 1.


Internal statistics:

num_allocs_failed_limit: 283.
num_arena_births: 6560.
num_arena_deaths: 528.
num_vsnodes_births: 34.
num_vsnodes_deaths: 0.
num_space_committed: 4972.
num_space_uncommitted: 8.
num_chunks_returned_to_freelist: 917.
num_chunks_taken_from_freelist: 20073.
num_chunk_merges: 549.
num_chunk_splits: 13285.
num_chunks_enlarged: 8484.
num_purges: 12.
num_inconsistent_stats: 0.

CodeHeap 'non-profiled nmethods': size=120000Kb used=93880Kb max_used=94538Kb free=26119Kb
 bounds [0x0000023bf0a50000, 0x0000023bf66b0000, 0x0000023bf7f80000]
CodeHeap 'profiled nmethods': size=120000Kb used=79327Kb max_used=80752Kb free=40672Kb
 bounds [0x0000023be9520000, 0x0000023bee560000, 0x0000023bf0a50000]
CodeHeap 'non-nmethods': size=5760Kb used=3069Kb max_used=3185Kb free=2690Kb
 bounds [0x0000023be8f80000, 0x0000023be92c0000, 0x0000023be9520000]
 total_blobs=55331 nmethods=52436 adapters=2799
 compilation: enabled
              stopped_count=0, restarted_count=0
 full_count=0

Compilation events (20 events):
Event: 2411.990 Thread 0x0000023bfdd25630 nmethod 88868 0x0000023bea0d5b90 code [0x0000023bea0d5d20, 0x0000023bea0d5ee8]
Event: 2411.992 Thread 0x0000023bfdd24d30 88869       4       net.minecraft.server.level.ChunkMap$TrackedEntity::m_140497_ (153 bytes)
Event: 2412.006 Thread 0x0000023bfdd24d30 nmethod 88869 0x0000023bf4f6dd10 code [0x0000023bf4f6dfe0, 0x0000023bf4f6ef70]
Event: 2412.006 Thread 0x0000023bfdd24d30 88872       4       net.minecraft.server.level.ChunkMap$TrackedEntity::m_140496_ (67 bytes)
Event: 2412.007 Thread 0x0000023e02af7af0 88873       4       net.minecraft.world.entity.Entity::m_146897_ (29 bytes)
Event: 2412.008 Thread 0x0000023e02af7af0 nmethod 88873 0x0000023bf4d20c10 code [0x0000023bf4d20dc0, 0x0000023bf4d20f48]
Event: 2412.008 Thread 0x0000023e02af7af0 88870       4       net.minecraft.server.level.ChunkMap$TrackedEntity::m_140483_ (15 bytes)
Event: 2412.009 Thread 0x0000023e02af7af0 nmethod 88870 0x0000023bf5775710 code [0x0000023bf57758a0, 0x0000023bf5775a58]
Event: 2412.009 Thread 0x0000023e02af7af0 88871       4       net.minecraft.client.server.IntegratedServer::m_7186_ (24 bytes)
Event: 2412.010 Thread 0x0000023e02af7af0 nmethod 88871 0x0000023bf229b710 code [0x0000023bf229b8a0, 0x0000023bf229b9f8]
Event: 2412.013 Thread 0x0000023bfdd24d30 nmethod 88872 0x0000023bf3ad7490 code [0x0000023bf3ad76a0, 0x0000023bf3ad7cb8]
Event: 2412.165 Thread 0x0000023bfdd24d30 88874       4       greekfantasy.entity.Dryad$RandomStrollWhenNotHidingGoal::m_8036_ (43 bytes)
Event: 2412.181 Thread 0x0000023bfdd24d30 nmethod 88874 0x0000023bf5b11690 code [0x0000023bf5b11920, 0x0000023bf5b12530]
Event: 2412.361 Thread 0x0000023bfdd24d30 88875       4       net.minecraft.server.level.ServerEntity::m_8533_ (1142 bytes)
Event: 2412.453 Thread 0x0000023bfdd24d30 nmethod 88875 0x0000023bf63c3590 code [0x0000023bf63c3b00, 0x0000023bf63c7508]
Event: 2412.624 Thread 0x0000023bfdd24d30 88876       4       net.minecraft.world.level.levelgen.feature.MonsterRoomFeature::m_142674_ (857 bytes)
Event: 2413.077 Thread 0x0000023bfdd25630 88878       3       net.minecraft.world.entity.animal.horse.AbstractHorse::handler$bbk000$travelInject (640 bytes)
Event: 2413.083 Thread 0x0000023bfdd25630 nmethod 88878 0x0000023bed582110 code [0x0000023bed5828e0, 0x0000023bed587af8]
Event: 2413.167 Thread 0x0000023bfdd25630 88879       3       greekfantasy.entity.Dryad$FindTreeGoal::isTargetBlock (61 bytes)
Event: 2413.169 Thread 0x0000023bfdd25630 nmethod 88879 0x0000023beb5eac90 code [0x0000023beb5eaf20, 0x0000023beb5ebbe8]

GC Heap History (20 events):
Event: 2355.836 GC heap before
{Heap before GC invocations=462 (full 0):
 garbage-first heap   total 8224768K, used 6407311K [0x0000000600000000, 0x0000000800000000)
  region size 32768K, 95 young (3112960K), 4 survivors (131072K)
 Metaspace       used 312725K, committed 318016K, reserved 1318912K
  class space    used 49178K, committed 51456K, reserved 1048576K
}
Event: 2355.879 GC heap after
{Heap after GC invocations=463 (full 0):
 garbage-first heap   total 8224768K, used 3442256K [0x0000000600000000, 0x0000000800000000)
  region size 32768K, 5 young (163840K), 5 survivors (163840K)
 Metaspace       used 312725K, committed 318016K, reserved 1318912K
  class space    used 49178K, committed 51456K, reserved 1048576K
}
Event: 2357.988 GC heap before
{Heap before GC invocations=463 (full 0):
 garbage-first heap   total 8224768K, used 4916816K [0x0000000600000000, 0x0000000800000000)
  region size 32768K, 50 young (1638400K), 5 survivors (163840K)
 Metaspace       used 312741K, committed 318016K, reserved 1318912K
  class space    used 49178K, committed 51456K, reserved 1048576K
}
Event: 2358.056 GC heap after
{Heap after GC invocations=464 (full 0):
 garbage-first heap   total 8224768K, used 3412625K [0x0000000600000000, 0x0000000800000000)
  region size 32768K, 4 young (131072K), 4 survivors (131072K)
 Metaspace       used 312741K, committed 318016K, reserved 1318912K
  class space    used 49178K, committed 51456K, reserved 1048576K
}
Event: 2374.323 GC heap before
{Heap before GC invocations=464 (full 0):
 garbage-first heap   total 8224768K, used 6394513K [0x0000000600000000, 0x0000000800000000)
  region size 32768K, 95 young (3112960K), 4 survivors (131072K)
 Metaspace       used 312752K, committed 318080K, reserved 1318912K
  class space    used 49179K, committed 51456K, reserved 1048576K
}
Event: 2374.364 GC heap after
{Heap after GC invocations=465 (full 0):
 garbage-first heap   total 8224768K, used 3421689K [0x0000000600000000, 0x0000000800000000)
  region size 32768K, 5 young (163840K), 5 survivors (163840K)
 Metaspace       used 312752K, committed 318080K, reserved 1318912K
  class space    used 49179K, committed 51456K, reserved 1048576K
}
Event: 2381.993 GC heap before
{Heap before GC invocations=465 (full 0):
 garbage-first heap   total 8224768K, used 6338041K [0x0000000600000000, 0x0000000800000000)
  region size 32768K, 94 young (3080192K), 5 survivors (163840K)
 Metaspace       used 312756K, committed 318080K, reserved 1318912K
  class space    used 49179K, committed 51456K, reserved 1048576K
}
Event: 2382.040 GC heap after
{Heap after GC invocations=466 (full 0):
 garbage-first heap   total 8224768K, used 3441457K [0x0000000600000000, 0x0000000800000000)
  region size 32768K, 5 young (163840K), 5 survivors (163840K)
 Metaspace       used 312756K, committed 318080K, reserved 1318912K
  class space    used 49179K, committed 51456K, reserved 1048576K
}
Event: 2388.462 GC heap before
{Heap before GC invocations=466 (full 0):
 garbage-first heap   total 8224768K, used 6357809K [0x0000000600000000, 0x0000000800000000)
  region size 32768K, 94 young (3080192K), 5 survivors (163840K)
 Metaspace       used 312760K, committed 318080K, reserved 1318912K
  class space    used 49179K, committed 51456K, reserved 1048576K
}
Event: 2388.512 GC heap after
{Heap after GC invocations=467 (full 0):
 garbage-first heap   total 8224768K, used 3459662K [0x0000000600000000, 0x0000000800000000)
  region size 32768K, 6 young (196608K), 6 survivors (196608K)
 Metaspace       used 312760K, committed 318080K, reserved 1318912K
  class space    used 49179K, committed 51456K, reserved 1048576K
}
Event: 2390.818 GC heap before
{Heap before GC invocations=467 (full 0):
 garbage-first heap   total 8224768K, used 4901454K [0x0000000600000000, 0x0000000800000000)
  region size 32768K, 50 young (1638400K), 6 survivors (196608K)
 Metaspace       used 312760K, committed 318080K, reserved 1318912K
  class space    used 49179K, committed 51456K, reserved 1048576K
}
Event: 2390.868 GC heap after
{Heap after GC invocations=468 (full 0):
 garbage-first heap   total 8224768K, used 3466970K [0x0000000600000000, 0x0000000800000000)
  region size 32768K, 4 young (131072K), 4 survivors (131072K)
 Metaspace       used 312760K, committed 318080K, reserved 1318912K
  class space    used 49179K, committed 51456K, reserved 1048576K
}
Event: 2396.302 GC heap before
{Heap before GC invocations=469 (full 0):
 garbage-first heap   total 8224768K, used 6416090K [0x0000000600000000, 0x0000000800000000)
  region size 32768K, 94 young (3080192K), 4 survivors (131072K)
 Metaspace       used 312764K, committed 318080K, reserved 1318912K
  class space    used 49179K, committed 51456K, reserved 1048576K
}
Event: 2396.342 GC heap after
{Heap after GC invocations=470 (full 0):
 garbage-first heap   total 8224768K, used 3481202K [0x0000000600000000, 0x0000000800000000)
  region size 32768K, 5 young (163840K), 5 survivors (163840K)
 Metaspace       used 312764K, committed 318080K, reserved 1318912K
  class space    used 49179K, committed 51456K, reserved 1048576K
}
Event: 2400.491 GC heap before
{Heap before GC invocations=470 (full 0):
 garbage-first heap   total 8224768K, used 4955762K [0x0000000600000000, 0x0000000800000000)
  region size 32768K, 50 young (1638400K), 5 survivors (163840K)
 Metaspace       used 312764K, committed 318080K, reserved 1318912K
  class space    used 49179K, committed 51456K, reserved 1048576K
}
Event: 2400.560 GC heap after
{Heap after GC invocations=471 (full 0):
 garbage-first heap   total 8224768K, used 3440126K [0x0000000600000000, 0x0000000800000000)
  region size 32768K, 4 young (131072K), 4 survivors (131072K)
 Metaspace       used 312764K, committed 318080K, reserved 1318912K
  class space    used 49179K, committed 51456K, reserved 1048576K
}
Event: 2405.773 GC heap before
{Heap before GC invocations=471 (full 0):
 garbage-first heap   total 8224768K, used 6356478K [0x0000000600000000, 0x0000000800000000)
  region size 32768K, 94 young (3080192K), 4 survivors (131072K)
 Metaspace       used 312767K, committed 318080K, reserved 1318912K
  class space    used 49179K, committed 51456K, reserved 1048576K
}
Event: 2405.813 GC heap after
{Heap after GC invocations=472 (full 0):
 garbage-first heap   total 8224768K, used 3453488K [0x0000000600000000, 0x0000000800000000)
  region size 32768K, 4 young (131072K), 4 survivors (131072K)
 Metaspace       used 312767K, committed 318080K, reserved 1318912K
  class space    used 49179K, committed 51456K, reserved 1048576K
}
Event: 2411.298 GC heap before
{Heap before GC invocations=472 (full 0):
 garbage-first heap   total 8224768K, used 6402608K [0x0000000600000000, 0x0000000800000000)
  region size 32768K, 94 young (3080192K), 4 survivors (131072K)
 Metaspace       used 312770K, committed 318080K, reserved 1318912K
  class space    used 49179K, committed 51456K, reserved 1048576K
}
Event: 2411.343 GC heap after
{Heap after GC invocations=473 (full 0):
 garbage-first heap   total 8224768K, used 3480658K [0x0000000600000000, 0x0000000800000000)
  region size 32768K, 5 young (163840K), 5 survivors (163840K)
 Metaspace       used 312770K, committed 318080K, reserved 1318912K
  class space    used 49179K, committed 51456K, reserved 1048576K
}

Deoptimization events (20 events):
Event: 2412.955 Thread 0x0000023d7533cd30 Uncommon trap: trap_request=0xffffff45 fr.pc=0x0000023bf4310ef4 relative=0x00000000000002d4
Event: 2412.955 Thread 0x0000023d7533cd30 Uncommon trap: reason=unstable_if action=reinterpret pc=0x0000023bf4310ef4 method=greekfantasy.entity.Dryad$FindTreeGoal.isTargetBlock(Lnet/minecraft/world/level/LevelReader;Lnet/minecraft/core/BlockPos;)Z @ 17 c2
Event: 2412.955 Thread 0x0000023d7533cd30 DEOPT PACKING pc=0x0000023bf4310ef4 sp=0x00000056c40fe860
Event: 2412.955 Thread 0x0000023d7533cd30 DEOPT UNPACKING pc=0x0000023be8fd23a3 sp=0x00000056c40fe820 mode 2
Event: 2412.955 Thread 0x0000023d7533cd30 Uncommon trap: trap_request=0xffffff45 fr.pc=0x0000023bf6665aac relative=0x000000000000008c
Event: 2412.955 Thread 0x0000023d7533cd30 Uncommon trap: reason=unstable_if action=reinterpret pc=0x0000023bf6665aac method=greekfantasy.entity.Dryad$FindTreeGoal.m_8036_()Z @ 33 c2
Event: 2412.955 Thread 0x0000023d7533cd30 DEOPT PACKING pc=0x0000023bf6665aac sp=0x00000056c40fea30
Event: 2412.955 Thread 0x0000023d7533cd30 DEOPT UNPACKING pc=0x0000023be8fd23a3 sp=0x00000056c40fe9c8 mode 2
Event: 2412.955 Thread 0x0000023d7533cd30 Uncommon trap: trap_request=0xffffff45 fr.pc=0x0000023bf666e1c4 relative=0x00000000000002e4
Event: 2412.955 Thread 0x0000023d7533cd30 Uncommon trap: reason=unstable_if action=reinterpret pc=0x0000023bf666e1c4 method=greekfantasy.entity.Dryad$GoToTreeGoal.m_8036_()Z @ 17 c2
Event: 2412.955 Thread 0x0000023d7533cd30 DEOPT PACKING pc=0x0000023bf666e1c4 sp=0x00000056c40fea00
Event: 2412.955 Thread 0x0000023d7533cd30 DEOPT UNPACKING pc=0x0000023be8fd23a3 sp=0x00000056c40fe9c8 mode 2
Event: 2412.955 Thread 0x0000023d7533cd30 Uncommon trap: trap_request=0xffffff45 fr.pc=0x0000023bf322a878 relative=0x00000000000006b8
Event: 2412.955 Thread 0x0000023d7533cd30 Uncommon trap: reason=unstable_if action=reinterpret pc=0x0000023bf322a878 method=greekfantasy.entity.Dryad.m_8107_()V @ 68 c2
Event: 2412.955 Thread 0x0000023d7533cd30 DEOPT PACKING pc=0x0000023bf322a878 sp=0x00000056c40fec50
Event: 2412.955 Thread 0x0000023d7533cd30 DEOPT UNPACKING pc=0x0000023be8fd23a3 sp=0x00000056c40fec28 mode 2
Event: 2413.085 Thread 0x0000023b98de2d40 DEOPT PACKING pc=0x0000023bed7ebeed sp=0x00000056c54fdf40
Event: 2413.085 Thread 0x0000023b98de2d40 DEOPT UNPACKING pc=0x0000023be8fd2b43 sp=0x00000056c54fd500 mode 0
Event: 2413.267 Thread 0x0000023b98de1060 DEOPT PACKING pc=0x0000023bed7ebeed sp=0x00000056c55fe180
Event: 2413.267 Thread 0x0000023b98de1060 DEOPT UNPACKING pc=0x0000023be8fd2b43 sp=0x00000056c55fd740 mode 0

Classes unloaded (20 events):
Event: 1203.832 Thread 0x0000023bfdc77930 Unloading class 0x0000000802bc8b60 'scripts/vii_mage_flame'
Event: 1203.832 Thread 0x0000023bfdc77930 Unloading class 0x0000000802bc8960 'scripts/vii_furnace'
Event: 1203.832 Thread 0x0000023bfdc77930 Unloading class 0x0000000802bc8708 'zsynthetic/lambda20'
Event: 1203.832 Thread 0x0000023bfdc77930 Unloading class 0x0000000802bc84b0 'j_util_function_Predicate_21'
Event: 1203.832 Thread 0x0000023bfdc77930 Unloading class 0x0000000802bc8258 'zsynthetic/lambda18'
Event: 1203.832 Thread 0x0000023bfdc77930 Unloading class 0x0000000802bc8000 'j_util_function_Predicate_19'
Event: 1203.832 Thread 0x0000023bfdc77930 Unloading class 0x0000000802bb9c60 'scripts/vii_early_game'
Event: 1203.832 Thread 0x0000023bfdc77930 Unloading class 0x0000000802bb9a60 'scripts/vii_basics'
Event: 1203.832 Thread 0x0000023bfdc77930 Unloading class 0x0000000802bb9860 'scripts/examples/jeitweaker/jeitweaker_basic'
Event: 1203.832 Thread 0x0000023bfdc77930 Unloading class 0x0000000802bb9660 'scripts/examples/crafttweaker_tags'
Event: 1203.832 Thread 0x0000023bfdc77930 Unloading class 0x0000000802bb9440 'com_blamejared_crafttweaker_api_misc_CTCauldronInteraction_15'
Event: 1203.832 Thread 0x0000023bfdc77930 Unloading class 0x0000000802bb9220 'com_blamejared_crafttweaker_api_misc_CTCauldronInteraction_7'
Event: 1203.832 Thread 0x0000023bfdc77930 Unloading class 0x0000000802bb9000 'com_blamejared_crafttweaker_api_misc_CTCauldronInteraction_3'
Event: 1203.832 Thread 0x0000023bfdc77930 Unloading class 0x0000000802bb8c70 'scripts/examples/crafttweaker_sequences_cauldron_saveddata'
Event: 1203.832 Thread 0x0000023bfdc77930 Unloading class 0x0000000802ae8e00 'scripts/examples/crafttweaker_hello_world'
Event: 1203.832 Thread 0x0000023bfdc77930 Unloading class 0x0000000802bb8a38 'j_util_function_Consumer_2'
Event: 1203.832 Thread 0x0000023bfdc77930 Unloading class 0x0000000802bb8800 'j_util_function_Consumer_1'
Event: 1203.832 Thread 0x0000023bfdc77930 Unloading class 0x0000000802ae8c00 'scripts/examples/crafttweaker_forge_events'
Event: 1203.832 Thread 0x0000023bfdc77930 Unloading class 0x0000000802ae8a00 'scripts/examples/crafttweaker_crafting_recipes'
Event: 1203.832 Thread 0x0000023bfdc77930 Unloading class 0x0000000802ae8800 'Scripts'

Classes redefined (0 events):
No events

Internal exceptions (20 events):
Event: 2408.162 Thread 0x0000023c0e9d2310 Exception <a 'sun/nio/fs/WindowsException'{0x00000007a84d9998}> (0x00000007a84d9998) 
thrown [d:\a\_work\1\jdk\src\hotspot\share\prims\jni.cpp, line 516]
Event: 2408.164 Thread 0x0000023c0e9d2310 Exception <a 'sun/nio/fs/WindowsException'{0x00000007a84e46a8}> (0x00000007a84e46a8) 
thrown [d:\a\_work\1\jdk\src\hotspot\share\prims\jni.cpp, line 516]
Event: 2408.167 Thread 0x0000023be02049a0 Exception <a 'sun/nio/fs/WindowsException'{0x00000007a8a2b900}> (0x00000007a8a2b900) 
thrown [d:\a\_work\1\jdk\src\hotspot\share\prims\jni.cpp, line 516]
Event: 2408.169 Thread 0x0000023c0e9d2310 Exception <a 'sun/nio/fs/WindowsException'{0x00000007a8a3ec00}> (0x00000007a8a3ec00) 
thrown [d:\a\_work\1\jdk\src\hotspot\share\prims\jni.cpp, line 516]
Event: 2408.171 Thread 0x0000023be02049a0 Exception <a 'sun/nio/fs/WindowsException'{0x00000007a8a479a8}> (0x00000007a8a479a8) 
thrown [d:\a\_work\1\jdk\src\hotspot\share\prims\jni.cpp, line 516]
Event: 2408.174 Thread 0x0000023c0e9d2310 Exception <a 'sun/nio/fs/WindowsException'{0x00000007a8b23648}> (0x00000007a8b23648) 
thrown [d:\a\_work\1\jdk\src\hotspot\share\prims\jni.cpp, line 516]
Event: 2408.176 Thread 0x0000023b98de1060 Exception <a 'sun/nio/fs/WindowsException'{0x00000007a87b7f58}> (0x00000007a87b7f58) 
thrown [d:\a\_work\1\jdk\src\hotspot\share\prims\jni.cpp, line 516]
Event: 2409.484 Thread 0x0000023c2e4c1d70 Exception <a 'sun/nio/fs/WindowsException'{0x00000007814832f0}> (0x00000007814832f0) 
thrown [d:\a\_work\1\jdk\src\hotspot\share\prims\jni.cpp, line 516]
Event: 2409.562 Thread 0x0000023be02049a0 Exception <a 'sun/nio/fs/WindowsException'{0x000000076e531d78}> (0x000000076e531d78) 
thrown [d:\a\_work\1\jdk\src\hotspot\share\prims\jni.cpp, line 516]
Event: 2410.166 Thread 0x0000023c2e4c1d70 Exception <a 'sun/nio/fs/WindowsException'{0x000000075bbdd558}> (0x000000075bbdd558) 
thrown [d:\a\_work\1\jdk\src\hotspot\share\prims\jni.cpp, line 516]
Event: 2410.167 Thread 0x0000023c2e4c1d70 Exception <a 'sun/nio/fs/WindowsException'{0x000000075bbe9d10}> (0x000000075bbe9d10) 
thrown [d:\a\_work\1\jdk\src\hotspot\share\prims\jni.cpp, line 516]
Event: 2411.448 Thread 0x0000023c2e4c1d70 Exception <a 'sun/nio/fs/WindowsException'{0x00000007ee00ab90}> (0x00000007ee00ab90) 
thrown [d:\a\_work\1\jdk\src\hotspot\share\prims\jni.cpp, line 516]
Event: 2411.448 Thread 0x0000023c0e9d2310 Exception <a 'sun/nio/fs/WindowsException'{0x00000007ee007ba8}> (0x00000007ee007ba8) 
thrown [d:\a\_work\1\jdk\src\hotspot\share\prims\jni.cpp, line 516]
Event: 2411.448 Thread 0x0000023c2e4c1d70 Exception <a 'sun/nio/fs/WindowsException'{0x00000007ee00ba30}> (0x00000007ee00ba30) 
thrown [d:\a\_work\1\jdk\src\hotspot\share\prims\jni.cpp, line 516]
Event: 2411.901 Thread 0x0000023c2e4c1d70 Exception <a 'sun/nio/fs/WindowsException'{0x00000007ef2b6f50}> (0x00000007ef2b6f50) 
thrown [d:\a\_work\1\jdk\src\hotspot\share\prims\jni.cpp, line 516]
Event: 2412.167 Thread 0x0000023c2e4c1d70 Exception <a 'sun/nio/fs/WindowsException'{0x00000007d2a616d8}> (0x00000007d2a616d8) 
thrown [d:\a\_work\1\jdk\src\hotspot\share\prims\jni.cpp, line 516]
Event: 2412.943 Thread 0x0000023c0e9d2310 Exception <a 'sun/nio/fs/WindowsException'{0x00000007ee009098}> (0x00000007ee009098) 
thrown [d:\a\_work\1\jdk\src\hotspot\share\prims\jni.cpp, line 516]
Event: 2413.376 Thread 0x0000023c2e4c1d70 Exception <a 'sun/nio/fs/WindowsException'{0x00000007a2ef2e98}> (0x00000007a2ef2e98) 
thrown [d:\a\_work\1\jdk\src\hotspot\share\prims\jni.cpp, line 516]
Event: 2413.378 Thread 0x0000023c0e9d2310 Exception <a 'sun/nio/fs/WindowsException'{0x00000007a2efb858}> (0x00000007a2efb858) 
thrown [d:\a\_work\1\jdk\src\hotspot\share\prims\jni.cpp, line 516]
Event: 2413.379 Thread 0x0000023c2e4c1d70 Exception <a 'sun/nio/fs/WindowsException'{0x00000007a33d5ce8}> (0x00000007a33d5ce8) 
thrown [d:\a\_work\1\jdk\src\hotspot\share\prims\jni.cpp, line 516]

VM Operations (20 events):
Event: 2404.561 Executing VM operation: Cleanup
Event: 2404.564 Executing VM operation: Cleanup done
Event: 2405.566 Executing VM operation: Cleanup
Event: 2405.575 Executing VM operation: Cleanup done
Event: 2405.773 Executing VM operation: G1CollectForAllocation
Event: 2405.815 Executing VM operation: G1CollectForAllocation done
Event: 2407.818 Executing VM operation: Cleanup
Event: 2407.818 Executing VM operation: Cleanup done
Event: 2408.819 Executing VM operation: Cleanup
Event: 2408.819 Executing VM operation: Cleanup done
Event: 2409.996 Executing VM operation: HandshakeAllThreads
Event: 2409.996 Executing VM operation: HandshakeAllThreads done
Event: 2409.996 Executing VM operation: Cleanup
Event: 2409.996 Executing VM operation: Cleanup done
Event: 2411.298 Executing VM operation: G1CollectForAllocation
Event: 2411.343 Executing VM operation: G1CollectForAllocation done
Event: 2412.343 Executing VM operation: Cleanup
Event: 2412.343 Executing VM operation: Cleanup done
Event: 2413.344 Executing VM operation: Cleanup
Event: 2413.344 Executing VM operation: Cleanup done

Events (20 events):
Event: 2410.054 Thread 0x0000023bfdd27f40 flushing nmethod 0x0000023bed1cab90
Event: 2410.054 Thread 0x0000023bfdd27f40 flushing nmethod 0x0000023bed222c90
Event: 2410.056 Thread 0x0000023bfdd27f40 flushing nmethod 0x0000023bed600b90
Event: 2410.056 Thread 0x0000023bfdd27f40 flushing nmethod 0x0000023bed6ed690
Event: 2410.056 Thread 0x0000023bfdd27f40 flushing nmethod 0x0000023bed740c10
Event: 2410.057 Thread 0x0000023bfdd27f40 flushing nmethod 0x0000023bed782490
Event: 2410.057 Thread 0x0000023bfdd27f40 flushing nmethod 0x0000023bed7fa510
Event: 2410.057 Thread 0x0000023bfdd27f40 flushing nmethod 0x0000023bed84e710
Event: 2410.058 Thread 0x0000023bfdd27f40 flushing nmethod 0x0000023bedbd7b10
Event: 2410.059 Thread 0x0000023bfdd27f40 flushing nmethod 0x0000023bedca1610
Event: 2410.059 Thread 0x0000023bfdd27f40 flushing nmethod 0x0000023bedce5710
Event: 2410.059 Thread 0x0000023bfdd27f40 flushing nmethod 0x0000023bedce7d10
Event: 2410.059 Thread 0x0000023bfdd27f40 flushing nmethod 0x0000023bedd63810
Event: 2410.059 Thread 0x0000023bfdd27f40 flushing nmethod 0x0000023beddd7a90
Event: 2410.059 Thread 0x0000023bfdd27f40 flushing nmethod 0x0000023bede22690
Event: 2410.060 Thread 0x0000023bfdd27f40 flushing nmethod 0x0000023bedf07b90
Event: 2410.061 Thread 0x0000023bfdd27f40 flushing nmethod 0x0000023bee32ac10
Event: 2410.061 Thread 0x0000023bfdd27f40 flushing nmethod 0x0000023bee424210
Event: 2412.006 Thread 0x0000023e02af7af0 Thread added: 0x0000023e02af7af0
Event: 2412.165 Thread 0x0000023e02af7af0 Thread exited: 0x0000023e02af7af0


Dynamic libraries:
0x00007ff7abc10000 - 0x00007ff7abc1e000 	Z:\Minecraft Launcher\runtime\java-runtime-gamma\windows-x64\java-runtime-gamma\bin\javaw.exe
0x00007ffca6470000 - 0x00007ffca6668000 	C:\WINDOWS\SYSTEM32\ntdll.dll
0x00007ffca4600000 - 0x00007ffca46bf000 	C:\WINDOWS\System32\KERNEL32.DLL
0x00007ffca3df0000 - 0x00007ffca40e6000 	C:\WINDOWS\System32\KERNELBASE.dll
0x00007ffca4140000 - 0x00007ffca4240000 	C:\WINDOWS\System32\ucrtbase.dll
0x00007ffc78c20000 - 0x00007ffc78c38000 	Z:\Minecraft Launcher\runtime\java-runtime-gamma\windows-x64\java-runtime-gamma\bin\jli.dll
0x00007ffca4b20000 - 0x00007ffca4cbd000 	C:\WINDOWS\System32\USER32.dll
0x00007ffca3dc0000 - 0x00007ffca3de2000 	C:\WINDOWS\System32\win32u.dll
0x00007ffc78c00000 - 0x00007ffc78c1b000 	Z:\Minecraft Launcher\runtime\java-runtime-gamma\windows-x64\java-runtime-gamma\bin\VCRUNTIME140.dll
0x00007ffca5d10000 - 0x00007ffca5d3c000 	C:\WINDOWS\System32\GDI32.dll
0x00007ffc97f60000 - 0x00007ffc981fa000 	C:\WINDOWS\WinSxS\amd64_microsoft.windows.common-controls_6595b64144ccf1df_6.0.19041.1110_none_60b5254171f9507e\COMCTL32.dll
0x00007ffca3ca0000 - 0x00007ffca3db5000 	C:\WINDOWS\System32\gdi32full.dll
0x00007ffca5d40000 - 0x00007ffca5dde000 	C:\WINDOWS\System32\msvcrt.dll
0x00007ffca3b50000 - 0x00007ffca3bed000 	C:\WINDOWS\System32\msvcp_win.dll
0x00007ffca4780000 - 0x00007ffca47b0000 	C:\WINDOWS\System32\IMM32.DLL
0x00007ffc7ffb0000 - 0x00007ffc7ffbc000 	Z:\Minecraft Launcher\runtime\java-runtime-gamma\windows-x64\java-runtime-gamma\bin\vcruntime140_1.dll
0x00007ffc78b70000 - 0x00007ffc78bfd000 	Z:\Minecraft Launcher\runtime\java-runtime-gamma\windows-x64\java-runtime-gamma\bin\msvcp140.dll
0x00007ffc59de0000 - 0x00007ffc5aa3d000 	Z:\Minecraft Launcher\runtime\java-runtime-gamma\windows-x64\java-runtime-gamma\bin\server\jvm.dll
0x00007ffca6380000 - 0x00007ffca642f000 	C:\WINDOWS\System32\ADVAPI32.dll
0x00007ffca4a80000 - 0x00007ffca4b1c000 	C:\WINDOWS\System32\sechost.dll
0x00007ffca4d20000 - 0x00007ffca4e46000 	C:\WINDOWS\System32\RPCRT4.dll
0x00007ffca5aa0000 - 0x00007ffca5aa8000 	C:\WINDOWS\System32\PSAPI.DLL
0x00007ffc92d90000 - 0x00007ffc92db7000 	C:\WINDOWS\SYSTEM32\WINMM.dll
0x00007ffc9ca50000 - 0x00007ffc9ca5a000 	C:\WINDOWS\SYSTEM32\VERSION.dll
0x00007ffc78b60000 - 0x00007ffc78b69000 	C:\WINDOWS\SYSTEM32\WSOCK32.dll
0x00007ffca47b0000 - 0x00007ffca481b000 	C:\WINDOWS\System32\WS2_32.dll
0x00007ffca1a30000 - 0x00007ffca1a42000 	C:\WINDOWS\SYSTEM32\kernel.appcore.dll
0x00007ffc75e70000 - 0x00007ffc75e7a000 	Z:\Minecraft Launcher\runtime\java-runtime-gamma\windows-x64\java-runtime-gamma\bin\jimage.dll
0x00007ffc90e20000 - 0x00007ffc91004000 	C:\WINDOWS\SYSTEM32\DBGHELP.DLL
0x00007ffc88d50000 - 0x00007ffc88d84000 	C:\WINDOWS\SYSTEM32\dbgcore.DLL
0x00007ffca4240000 - 0x00007ffca42c2000 	C:\WINDOWS\System32\bcryptPrimitives.dll
0x00007ffc5b140000 - 0x00007ffc5b165000 	Z:\Minecraft Launcher\runtime\java-runtime-gamma\windows-x64\java-runtime-gamma\bin\java.dll
0x00007ffc5b120000 - 0x00007ffc5b138000 	Z:\Minecraft Launcher\runtime\java-runtime-gamma\windows-x64\java-runtime-gamma\bin\zip.dll
0x00007ffc59d00000 - 0x00007ffc59dd7000 	Z:\Minecraft Launcher\runtime\java-runtime-gamma\windows-x64\java-runtime-gamma\bin\jsvml.dll
0x00007ffca4e60000 - 0x00007ffca55a4000 	C:\WINDOWS\System32\SHELL32.dll
0x00007ffca1c30000 - 0x00007ffca23c3000 	C:\WINDOWS\SYSTEM32\windows.storage.dll
0x00007ffca5690000 - 0x00007ffca59e4000 	C:\WINDOWS\System32\combase.dll
0x00007ffca34d0000 - 0x00007ffca34fe000 	C:\WINDOWS\SYSTEM32\Wldp.dll
0x00007ffca4820000 - 0x00007ffca48cd000 	C:\WINDOWS\System32\SHCORE.dll
0x00007ffca44d0000 - 0x00007ffca4525000 	C:\WINDOWS\System32\shlwapi.dll
0x00007ffca3a90000 - 0x00007ffca3aaf000 	C:\WINDOWS\SYSTEM32\profapi.dll
0x00007ffc5b100000 - 0x00007ffc5b119000 	Z:\Minecraft Launcher\runtime\java-runtime-gamma\windows-x64\java-runtime-gamma\bin\net.dll
0x00007ffc9bb40000 - 0x00007ffc9bc4a000 	C:\WINDOWS\SYSTEM32\WINHTTP.dll
0x00007ffca3230000 - 0x00007ffca329a000 	C:\WINDOWS\system32\mswsock.dll
0x00007ffc5b0e0000 - 0x00007ffc5b0f6000 	Z:\Minecraft Launcher\runtime\java-runtime-gamma\windows-x64\java-runtime-gamma\bin\nio.dll
0x00007ffc75e60000 - 0x00007ffc75e70000 	Z:\Minecraft Launcher\runtime\java-runtime-gamma\windows-x64\java-runtime-gamma\bin\verify.dll
0x00007ffc59950000 - 0x00007ffc59959000 	Z:\Minecraft Launcher\runtime\java-runtime-gamma\windows-x64\java-runtime-gamma\bin\management.dll
0x00007ffc59940000 - 0x00007ffc5994b000 	Z:\Minecraft Launcher\runtime\java-runtime-gamma\windows-x64\java-runtime-gamma\bin\management_ext.dll
0x00007ffc947f0000 - 0x00007ffc94807000 	C:\WINDOWS\system32\napinsp.dll
0x00007ffc93f30000 - 0x00007ffc93f4b000 	C:\WINDOWS\system32\pnrpnsp.dll
0x00007ffca0370000 - 0x00007ffca038d000 	C:\WINDOWS\system32\NLAapi.dll
0x00007ffca2f20000 - 0x00007ffca2f5c000 	C:\WINDOWS\SYSTEM32\IPHLPAPI.DLL
0x00007ffc9df70000 - 0x00007ffc9df85000 	C:\WINDOWS\system32\wshbth.dll
0x00007ffca2f60000 - 0x00007ffca302b000 	C:\WINDOWS\SYSTEM32\DNSAPI.dll
0x00007ffca4e50000 - 0x00007ffca4e58000 	C:\WINDOWS\System32\NSI.dll
0x00007ffc93f10000 - 0x00007ffc93f22000 	C:\WINDOWS\System32\winrnr.dll
0x00007ffc9abd0000 - 0x00007ffc9abda000 	C:\Windows\System32\rasadhlp.dll
0x00007ffc98730000 - 0x00007ffc987b2000 	C:\WINDOWS\System32\fwpuclnt.dll
0x00007ffca4430000 - 0x00007ffca4457000 	C:\WINDOWS\System32\bcrypt.dll
0x00007ffca3420000 - 0x00007ffca3438000 	C:\WINDOWS\SYSTEM32\CRYPTSP.dll
0x00007ffca2b50000 - 0x00007ffca2b84000 	C:\WINDOWS\system32\rsaenh.dll
0x00007ffca3a50000 - 0x00007ffca3a7e000 	C:\WINDOWS\SYSTEM32\USERENV.dll
0x00007ffca3440000 - 0x00007ffca344c000 	C:\WINDOWS\SYSTEM32\CRYPTBASE.dll
0x00007ffc9cdd0000 - 0x00007ffc9cde7000 	C:\WINDOWS\SYSTEM32\dhcpcsvc6.DLL
0x00007ffc9cd40000 - 0x00007ffc9cd5d000 	C:\WINDOWS\SYSTEM32\dhcpcsvc.DLL
0x00007ffc8a590000 - 0x00007ffc8a5d5000 	C:\Users\Victor\AppData\Local\Temp\jna--1732826265\jna2781838808705545217.dll
0x00007ffca6250000 - 0x00007ffca637a000 	C:\WINDOWS\System32\Ole32.dll
0x00007ffca59f0000 - 0x00007ffca5a99000 	C:\WINDOWS\System32\clbcatq.dll
0x00007ffca4530000 - 0x00007ffca45fd000 	C:\WINDOWS\System32\OleAut32.dll
0x00007ffc85b20000 - 0x00007ffc85b3f000 	C:\WINDOWS\SYSTEM32\amsi.dll
0x00007ffc85a30000 - 0x00007ffc85aab000 	C:\ProgramData\Microsoft\Windows Defender\Platform\4.18.2304.8-0\MpOav.dll
0x00007ffc7c470000 - 0x00007ffc7c4b9000 	C:\WINDOWS\SYSTEM32\Pdh.dll
0x00007ffc8a660000 - 0x00007ffc8a66f000 	C:\WINDOWS\System32\perfos.dll
0x00007ffc8a510000 - 0x00007ffc8a585000 	C:\Users\Victor\AppData\Local\Temp\lwjglVictor\3.3.1-build-7\lwjgl.dll
0x00007ffc58fc0000 - 0x00007ffc59219000 	C:\Users\Victor\AppData\Local\Temp\lwjglVictor\3.3.1-build-7\jemalloc.dll
0x00007ffc9e650000 - 0x00007ffc9e65d000 	Z:\Minecraft Launcher\runtime\java-runtime-gamma\windows-x64\java-runtime-gamma\bin\sunmscapi.dll
0x00007ffca42d0000 - 0x00007ffca442e000 	C:\WINDOWS\System32\CRYPT32.dll
0x00007ffca35b0000 - 0x00007ffca35d8000 	C:\WINDOWS\SYSTEM32\ncrypt.dll
0x00007ffca3500000 - 0x00007ffca353b000 	C:\WINDOWS\SYSTEM32\NTASN1.dll
0x00007ffc8a4a0000 - 0x00007ffc8a501000 	C:\Users\Victor\AppData\Local\Temp\lwjglVictor\3.3.1-build-7\glfw.dll
0x00007ffc5b020000 - 0x00007ffc5b065000 	C:\WINDOWS\SYSTEM32\dinput8.dll
0x00007ffc9dd70000 - 0x00007ffc9dd81000 	C:\WINDOWS\SYSTEM32\xinput1_4.dll
0x00007ffca40f0000 - 0x00007ffca413e000 	C:\WINDOWS\System32\cfgmgr32.dll
0x00007ffca3900000 - 0x00007ffca392c000 	C:\WINDOWS\SYSTEM32\DEVOBJ.dll
0x00007ffc95fe0000 - 0x00007ffc96132000 	C:\WINDOWS\SYSTEM32\inputhost.dll
0x00007ffc9f1f0000 - 0x00007ffc9f2e6000 	C:\WINDOWS\SYSTEM32\PROPSYS.dll
0x00007ffca0d00000 - 0x00007ffca0df2000 	C:\WINDOWS\SYSTEM32\CoreMessaging.dll
0x00007ffca04e0000 - 0x00007ffca0634000 	C:\WINDOWS\SYSTEM32\wintypes.dll
0x00007ffca0e00000 - 0x00007ffca115e000 	C:\WINDOWS\SYSTEM32\CoreUIComponents.dll
0x00007ffca2c90000 - 0x00007ffca2cc3000 	C:\WINDOWS\SYSTEM32\ntmarta.dll
0x00007ffca1920000 - 0x00007ffca194f000 	C:\WINDOWS\SYSTEM32\dwmapi.dll
0x00007ffca1560000 - 0x00007ffca15fe000 	C:\WINDOWS\system32\uxtheme.dll
0x00007ffca5bf0000 - 0x00007ffca5d04000 	C:\WINDOWS\System32\MSCTF.dll
0x00007ffc5ab50000 - 0x00007ffc5ac75000 	C:\WINDOWS\SYSTEM32\opengl32.dll
0x00007ffc75e30000 - 0x00007ffc75e5c000 	C:\WINDOWS\SYSTEM32\GLU32.dll
0x00007ffc539f0000 - 0x00007ffc57647000 	C:\WINDOWS\System32\DriverStore\FileRepository\nv_dispig.inf_amd64_e34a87a86b660c23\nvoglv64.dll
0x00007ffca5de0000 - 0x00007ffca6248000 	C:\WINDOWS\System32\SETUPAPI.dll
0x00007ffc9f640000 - 0x00007ffc9f654000 	C:\WINDOWS\SYSTEM32\WTSAPI32.dll
0x00007ffca36d0000 - 0x00007ffca36e2000 	C:\WINDOWS\SYSTEM32\msasn1.dll
0x00007ffc9b940000 - 0x00007ffc9b971000 	C:\WINDOWS\SYSTEM32\cryptnet.dll
0x00007ffc9b7f0000 - 0x00007ffc9b938000 	C:\WINDOWS\SYSTEM32\drvstore.dll
0x00007ffca4460000 - 0x00007ffca44c7000 	C:\WINDOWS\System32\WINTRUST.dll
0x00007ffc9ab40000 - 0x00007ffc9ab7b000 	C:\WINDOWS\SYSTEM32\dxcore.dll
0x00007ffc58ce0000 - 0x00007ffc58fb1000 	C:\WINDOWS\system32\nvspcap64.dll
0x00007ffca38b0000 - 0x00007ffca38fb000 	C:\WINDOWS\SYSTEM32\powrprof.dll
0x00007ffca36f0000 - 0x00007ffca3702000 	C:\WINDOWS\SYSTEM32\UMPDC.dll
0x00007ffca3540000 - 0x00007ffca35a4000 	C:\WINDOWS\SYSTEM32\WINSTA.dll
0x00007ffc96140000 - 0x00007ffc9623a000 	C:\WINDOWS\SYSTEM32\textinputframework.dll
0x00007ffc8a600000 - 0x00007ffc8a65d000 	C:\Users\Victor\AppData\Local\Temp\lwjglVictor\3.3.1-build-7\lwjgl_opengl.dll
0x00007ffc58c50000 - 0x00007ffc58cd1000 	C:\Users\Victor\AppData\Local\Temp\lwjglVictor\3.3.1-build-7\lwjgl_stb.dll
0x00007ffc9ae80000 - 0x00007ffc9af2e000 	C:\WINDOWS\SYSTEM32\mscms.dll
0x00007ffc9acf0000 - 0x00007ffc9ad01000 	C:\WINDOWS\SYSTEM32\ColorAdapterClient.dll
0x00007ffc5af90000 - 0x00007ffc5afd3000 	C:\WINDOWS\SYSTEM32\icm32.dll
0x00007ffc52850000 - 0x00007ffc52ab6000 	C:\Users\Victor\AppData\Local\Temp\de.fabmax.physx-jni\1.1.0\PhysX_64.dll
0x00007ffc52670000 - 0x00007ffc52847000 	C:\Users\Victor\AppData\Local\Temp\de.fabmax.physx-jni\1.1.0\PhysXCommon_64.dll
0x00007ffc525c0000 - 0x00007ffc5266a000 	C:\Users\Victor\AppData\Local\Temp\de.fabmax.physx-jni\1.1.0\PhysXCooking_64.dll
0x00007ffc52520000 - 0x00007ffc525b1000 	C:\Users\Victor\AppData\Local\Temp\de.fabmax.physx-jni\1.1.0\PhysXFoundation_64.dll
0x00007ffc52310000 - 0x00007ffc52519000 	C:\Users\Victor\AppData\Local\Temp\de.fabmax.physx-jni\1.1.0\PhysXJniBindings_64.dll
0x00007ffc520d0000 - 0x00007ffc5230c000 	C:\Users\Victor\AppData\Roaming\.minecraft\natives\Windows64ReleaseSp_bulletjme.dll
0x00007ffc51ec0000 - 0x00007ffc52057000 	C:\Users\Victor\AppData\Local\Temp\lwjglVictor\3.3.1-build-7\OpenAL.dll
0x00007ffc9d7b0000 - 0x00007ffc9d835000 	C:\WINDOWS\System32\MMDevApi.dll
0x00007ffc51d30000 - 0x00007ffc51eb6000 	C:\WINDOWS\System32\Speech\Common\sapi.dll
0x00007ffc78c80000 - 0x00007ffc78c9e000 	C:\WINDOWS\SYSTEM32\MSACM32.dll
0x00007ffc8a490000 - 0x00007ffc8a49b000 	C:\WINDOWS\SYSTEM32\msdmo.dll
0x00007ffc95d10000 - 0x00007ffc95d36000 	C:\WINDOWS\SYSTEM32\winmmbase.dll
0x00007ffc8ac70000 - 0x00007ffc8ad1c000 	C:\WINDOWS\SYSTEM32\TextShaping.dll
0x00007ffc592c0000 - 0x00007ffc5944e000 	Z:\Minecraft Launcher\runtime\java-runtime-gamma\windows-x64\java-runtime-gamma\bin\awt.dll
0x00007ffca13b0000 - 0x00007ffca1441000 	C:\WINDOWS\SYSTEM32\apphelp.dll

dbghelp: loaded successfully - version: 4.0.5 - missing functions: none
symbol engine: initialized successfully - sym options: 0x614 - pdb path: .;Z:\Minecraft Launcher\runtime\java-runtime-gamma\windows-x64\java-runtime-gamma\bin;C:\WINDOWS\SYSTEM32;C:\WINDOWS\WinSxS\amd64_microsoft.windows.common-controls_6595b64144ccf1df_6.0.19041.1110_none_60b5254171f9507e;Z:\Minecraft Launcher\runtime\java-runtime-gamma\windows-x64\java-runtime-gamma\bin\server;C:\Users\Victor\AppData\Local\Temp\jna--1732826265;C:\ProgramData\Microsoft\Windows Defender\Platform\4.18.2304.8-0;C:\Users\Victor\AppData\Local\Temp\lwjglVictor\3.3.1-build-7;C:\WINDOWS\System32\DriverStore\FileRepository\nv_dispig.inf_amd64_e34a87a86b660c23;C:\Users\Victor\AppData\Local\Temp\de.fabmax.physx-jni\1.1.0;C:\Users\Victor\AppData\Roaming\.minecraft\natives;C:\WINDOWS\System32\Speech\Common

VM Arguments:
jvm_args: -XX:HeapDumpPath=MojangTricksIntelDriversForPerformance_javaw.exe_minecraft.exe.heapdump -Dos.name=Windows 10 -Dos.version=10.0 -Xss1M -Djava.library.path=C:\Users\Victor\AppData\Roaming\.minecraft\bin\44f0f6310b5cf669dc9eb2646e42ba1bf12bd968 -Dminecraft.launcher.brand=minecraft-launcher -Dminecraft.launcher.version=2.4.69 -Djava.net.preferIPv6Addresses=system -DignoreList=bootstraplauncher,securejarhandler,asm-commons,asm-util,asm-analysis,asm-tree,asm,JarJarFileSystems,client-extra,fmlcore,javafmllanguage,lowcodelanguage,mclanguage,forge-,1.19.2-forge-43.2.0.jar -DmergeModules=jna-5.10.0.jar,jna-platform-5.10.0.jar -DlibraryDirectory=C:\Users\Victor\AppData\Roaming\.minecraft\libraries --module-path=C:\Users\Victor\AppData\Roaming\.minecraft\libraries/cpw/mods/bootstraplauncher/1.1.2/bootstraplauncher-1.1.2.jar;C:\Users\Victor\AppData\Roaming\.minecraft\libraries/cpw/mods/securejarhandler/2.1.4/securejarhandler-2.1.4.jar;C:\Users\Victor\AppData\Roaming\.minecraft\libraries/org/ow2/asm/asm-commons/9.3/asm-commons-9.3.jar;C:\Users\Victor\AppData\Roaming\.minecraft\libraries/org/ow2/asm/asm-util/9.3/asm-util-9.3.jar;C:\Users\Victor\AppData\Roaming\.minecraft\libraries/org/ow2/asm/asm-analysis/9.3/asm-analysis-9.3.jar;C:\Users\Victor\AppData\Roaming\.minecraft\libraries/org/ow2/asm/asm-tree/9.3/asm-tree-9.3.jar;C:\Users\Victor\AppData\Roaming\.minecraft\libraries/org/ow2/asm/asm/9.3/asm-9.3.jar;C:\Users\Victor\AppData\Roaming\.minecraft\libraries/net/minecraftforge/JarJarFileSystems/0.3.16/JarJarFileSystems-0.3.16.jar --add-modules=ALL-MODULE-PATH --add-opens=java.base/java.util.jar=cpw.mods.securejarhandler --add-opens=java.base/java.lang.invoke=cpw.mods.securejarhandler --add-exports=java.base/sun.security.util=cpw.mods.securejarhandler --add-exports=jdk.naming.dns/com.sun.jndi.dns=java.naming -Xmx8G -XX:+UnlockExperimentalVMOptions -XX:+UseG1GC -XX:G1NewSizePercent=20 -XX:G1ReservePercent=20 -XX:MaxGCPauseMillis=50 -XX:G1HeapRegionSize=32M 
java_command: cpw.mods.bootstraplauncher.BootstrapLauncher --username Viitox --version 1.19.2-forge-43.2.0 --gameDir C:\Users\Victor\AppData\Roaming\.minecraft --assetsDir C:\Users\Victor\AppData\Roaming\.minecraft\assets --assetIndex 1.19 --uuid f894014521ca4c3c975bfc9153eb87f5 --accessToken eyJraWQiOiJhYzg0YSIsImFsZyI6IkhTMjU2In0.eyJ4dWlkIjoiMjUzNTQyNjIyMDAxMDU0NSIsImFnZyI6IkFkdWx0Iiwic3ViIjoiNjAzZWQyYTktYzM3Zi00MGQzLWE0OGYtM2VhMTJiMjc0ZTU2IiwiYXV0aCI6IlhCT1giLCJucyI6ImRlZmF1bHQiLCJyb2xlcyI6W10sImlzcyI6ImF1dGhlbnRpY2F0aW9uIiwiZmxhZ3MiOlsidHdvZmFjdG9yYXV0aCIsIm9yZGVyc18yMDIyIl0sInBsYXRmb3JtIjoiUENfTEFVTkNIRVIiLCJ5dWlkIjoiODU5OWQ3NTM4YTgwNGVlZWJhYmFkOGE2ODc5OGQxOGIiLCJuYmYiOjE2ODQ1NDAwMjcsImV4cCI6MTY4NDYyNjQyNywiaWF0IjoxNjg0NTQwMDI3fQ.CnnQlfBGQcG2-eMNcM1d0W1AqquEnDik6ghZFXQjJpQ --clientId NzRiM2JjY2EtNjllZC00Y2ZlLTg1NDktZWQyYmMxNmZiMWQ2 --xuid 2535426220010545 --userType msa --versionType release --launchTarget forgeclient --fml.forgeVersion 43.2.0 --fml.mcVersion 1.19.2 --fml.forgeGroup net.minecraftforge --fml.mcpVersion 20220805.130853
java_class_path (initial): C:\Users\Victor\AppData\Roaming\.minecraft\libraries\cpw\mods\securejarhandler\2.1.4\securejarhandler-2.1.4.jar;C:\Users\Victor\AppData\Roaming\.minecraft\libraries\org\ow2\asm\asm\9.3\asm-9.3.jar;C:\Users\Victor\AppData\Roaming\.minecraft\libraries\org\ow2\asm\asm-commons\9.3\asm-commons-9.3.jar;C:\Users\Victor\AppData\Roaming\.minecraft\libraries\org\ow2\asm\asm-tree\9.3\asm-tree-9.3.jar;C:\Users\Victor\AppData\Roaming\.minecraft\libraries\org\ow2\asm\asm-util\9.3\asm-util-9.3.jar;C:\Users\Victor\AppData\Roaming\.minecraft\libraries\org\ow2\asm\asm-analysis\9.3\asm-analysis-9.3.jar;C:\Users\Victor\AppData\Roaming\.minecraft\libraries\net\minecraftforge\accesstransformers\8.0.4\accesstransformers-8.0.4.jar;C:\Users\Victor\AppData\Roaming\.minecraft\libraries\org\antlr\antlr4-runtime\4.9.1\antlr4-runtime-4.9.1.jar;C:\Users\Victor\AppData\Roaming\.minecraft\libraries\net\minecraftforge\eventbus\6.0.3\eventbus-6.0.3.jar;C:\Users\Victor\AppData\Roaming\.minecraft\libraries\net\minecraftforge\forgespi\6.0.0\forgespi-6.0.0.jar;C:\Users\Victor\AppData\Roaming\.minecraft\libraries\net\minecraftforge\coremods\5.0.1\coremods-5.0.1.jar;C:\Users\Victor\AppData\Roaming\.minecraft\libraries\cpw\mods\modlauncher\10.0.8\modlauncher-10.0.8.jar;C:\Users\Victor\AppData\Roaming\.minecraft\libraries\net\minecraftforge\unsafe\0.2.0\unsafe-0.2.0.jar;C:\Users\Victor\AppData\Roaming\.minecraft\libraries\com\electronwill\night-config\core\3.6.4\core-3.6.4.jar;C:\Users\Victor\AppData\Roaming\.minecraft\libraries\com\electronwill\night-config\toml\3.6.4\toml-3.6.4.jar;C:\Users\Victor\AppData\Roaming\.minecraft\libraries\org\apache\maven\maven-artifact\3.8.5\maven-artifact-3.8.5.jar;C:\Users\Victor\AppData\Roaming\.minecraft\libraries\net\jodah\typetools\0.8.3\typetools-0.8.3.jar;C:\Users\Victor\AppData\Roaming\.minecraft\libraries\net\minecrell\terminalconsoleappender\1.2.0\terminalconsoleappender-1.2.0.jar;C:\Users\Victor\AppData\Roaming\.minecraft\libraries\org\
Launcher Type: SUN_STANDARD

[Global flags]
     intx CICompilerCount                          = 4                                         {product} {ergonomic}
     uint ConcGCThreads                            = 2                                         {product} {ergonomic}
     uint G1ConcRefinementThreads                  = 8                                         {product} {ergonomic}
     uint G1EagerReclaimRemSetThreshold            = 256                                  {experimental} {ergonomic}
   size_t G1HeapRegionSize                         = 33554432                                  {product} {command line}
    uintx G1NewSizePercent                         = 20                                   {experimental} {command line}
    uintx G1ReservePercent                         = 20                                        {product} {command line}
    uintx GCDrainStackTargetSize                   = 64                                        {product} {ergonomic}
    ccstr HeapDumpPath                             = MojangTricksIntelDriversForPerformance_javaw.exe_minecraft.exe.heapdump         {manageable} {command line}
   size_t InitialHeapSize                          = 268435456                                 {product} {ergonomic}
   size_t MarkStackSize                            = 4194304                                   {product} {ergonomic}
    uintx MaxGCPauseMillis                         = 50                                        {product} {command line}
   size_t MaxHeapSize                              = 8589934592                                {product} {command line}
   size_t MaxNewSize                               = 5133828096                                {product} {ergonomic}
   size_t MinHeapDeltaBytes                        = 33554432                                  {product} {ergonomic}
   size_t MinHeapSize                              = 33554432                                  {product} {ergonomic}
    uintx NonNMethodCodeHeapSize                   = 5839372                                {pd product} {ergonomic}
    uintx NonProfiledCodeHeapSize                  = 122909434                              {pd product} {ergonomic}
    uintx ProfiledCodeHeapSize                     = 122909434                              {pd product} {ergonomic}
    uintx ReservedCodeCacheSize                    = 251658240                              {pd product} {ergonomic}
     bool SegmentedCodeCache                       = true                                      {product} {ergonomic}
   size_t SoftMaxHeapSize                          = 8589934592                             {manageable} {ergonomic}
     intx ThreadStackSize                          = 1024                                   {pd product} {command line}
     bool UnlockExperimentalVMOptions              = true                                 {experimental} {command line}
     bool UseCompressedClassPointers               = true                           {product lp64_product} {ergonomic}
     bool UseCompressedOops                        = true                           {product lp64_product} {ergonomic}
     bool UseFastUnorderedTimeStamps               = true                                 {experimental} {ergonomic}
     bool UseG1GC                                  = true                                      {product} {command line}
     bool UseLargePagesIndividualAllocation        = false                                  {pd product} {ergonomic}

Logging:
Log output configuration:
 #0: stdout all=warning uptime,level,tags
 #1: stderr all=off uptime,level,tags

Environment Variables:
PATH=C:\Program Files\Common Files\Oracle\Java\javapath;C:\Program Files (x86)\Common Files\Oracle\Java\javapath;C:\Program Files (x86)\Common Files\Intel\Shared Libraries\redist\intel64\compiler;C:\WINDOWS\system32;C:\WINDOWS;C:\WINDOWS\System32\Wbem;C:\WINDOWS\System32\WindowsPowerShell\v1.0\;C:\WINDOWS\System32\OpenSSH\;C:\Program Files\nodejs\;C:\Program Files\Git\cmd;C:\Program Files (x86)\NVIDIA Corporation\PhysX\Common;C:\Program Files\NVIDIA Corporation\NVIDIA NvDLISR;C:\Users\Victor\AppData\Local\Microsoft\WindowsApps;C:\Users\Victor\AppData\Roaming\npm;C:\Users\Victor\AppData\Local\Programs\Microsoft VS Code\bin
USERNAME=Victor
OS=Windows_NT
PROCESSOR_IDENTIFIER=Intel64 Family 6 Model 158 Stepping 9, GenuineIntel



---------------  S Y S T E M  ---------------

OS:
 Windows 10 , 64 bit Build 19041 (10.0.19041.2913)
OS uptime: 0 days 0:42 hours

CPU: total 8 (initial active 8) (4 cores per cpu, 2 threads per core) family 6 model 158 stepping 9 microcode 0xb4, cx8, cmov, fxsr, ht, mmx, 3dnowpref, sse, sse2, sse3, ssse3, sse4.1, sse4.2, popcnt, lzcnt, tsc, tscinvbit, avx, avx2, aes, erms, clmul, bmi1, bmi2, rtm, adx, fma, vzeroupper, clflush, clflushopt

Memory: 4k page, system-wide physical 16322M (1619M free)
TotalPageFile size 30551M (AvailPageFile size 6M)
current process WorkingSet (physical memory assigned to process): 11060M, peak: 11065M
current process commit charge ("private bytes"): 22479M, peak: 22487M

vm_info: OpenJDK 64-Bit Server VM (17.0.3+7-LTS) for windows-amd64 JRE (17.0.3+7-LTS), built on Apr 20 2022 04:24:16 by "" with MS VC++ 16.10 / 16.11 (VS2019)

END.
