#
# There is insufficient memory for the Java Runtime Environment to continue.
# Native memory allocation (malloc) failed to allocate 1048576 bytes for AllocateHeap
# Possible reasons:
#   The system is out of physical RAM or swap space
#   The process is running with CompressedOops enabled, and the Java Heap may be blocking the growth of the native heap
# Possible solutions:
#   Reduce memory load on the system
#   Increase physical memory or swap space
#   Check if swap backing store is full
#   Decrease Java heap size (-Xmx/-Xms)
#   Decrease number of Java threads
#   Decrease Java thread stack sizes (-Xss)
#   Set larger code cache with -XX:ReservedCodeCacheSize=
#   JVM is running with Zero Based Compressed Oops mode in which the Java heap is
#     placed in the first 32GB address space. The Java Heap base address is the
#     maximum limit for the native heap growth. Please use -XX:HeapBaseMinAddress
#     to set the Java Heap base and to place the Java Heap above 32GB virtual address.
# This output file may be truncated or incomplete.
#
#  Out of Memory Error (allocation.cpp:44), pid=21412, tid=16424
#
# JRE version: OpenJDK Runtime Environment Microsoft-32931 (17.0.3+7) (build 17.0.3+7-LTS)
# Java VM: OpenJDK 64-Bit Server VM Microsoft-32931 (17.0.3+7-LTS, mixed mode, tiered, compressed oops, compressed class ptrs, g1 gc, windows-amd64)
# No core dump will be written. Minidumps are not enabled by default on client versions of Windows
#

---------------  S U M M A R Y ------------

Command Line: -XX:HeapDumpPath=MojangTricksIntelDriversForPerformance_javaw.exe_minecraft.exe.heapdump -Dos.name=Windows 10 -Dos.version=10.0 -Xss1M -Djava.library.path=C:\Users\Victor\AppData\Roaming\.minecraft\bin\358dfae2e720c6f2984d8eaeed0a23d9a72bb2bc -Dminecraft.launcher.brand=minecraft-launcher -Dminecraft.launcher.version=2.4.57 -Djava.net.preferIPv6Addresses=system -DignoreList=bootstraplauncher,securejarhandler,asm-commons,asm-util,asm-analysis,asm-tree,asm,JarJarFileSystems,client-extra,fmlcore,javafmllanguage,lowcodelanguage,mclanguage,forge-,1.19.2-forge-43.2.0.jar -DmergeModules=jna-5.10.0.jar,jna-platform-5.10.0.jar -DlibraryDirectory=C:\Users\Victor\AppData\Roaming\.minecraft\libraries --module-path=C:\Users\Victor\AppData\Roaming\.minecraft\libraries/cpw/mods/bootstraplauncher/1.1.2/bootstraplauncher-1.1.2.jar;C:\Users\Victor\AppData\Roaming\.minecraft\libraries/cpw/mods/securejarhandler/2.1.4/securejarhandler-2.1.4.jar;C:\Users\Victor\AppData\Roaming\.minecraft\libraries/org/ow2/asm/asm-commons/9.3/asm-commons-9.3.jar;C:\Users\Victor\AppData\Roaming\.minecraft\libraries/org/ow2/asm/asm-util/9.3/asm-util-9.3.jar;C:\Users\Victor\AppData\Roaming\.minecraft\libraries/org/ow2/asm/asm-analysis/9.3/asm-analysis-9.3.jar;C:\Users\Victor\AppData\Roaming\.minecraft\libraries/org/ow2/asm/asm-tree/9.3/asm-tree-9.3.jar;C:\Users\Victor\AppData\Roaming\.minecraft\libraries/org/ow2/asm/asm/9.3/asm-9.3.jar;C:\Users\Victor\AppData\Roaming\.minecraft\libraries/net/minecraftforge/JarJarFileSystems/0.3.16/JarJarFileSystems-0.3.16.jar --add-modules=ALL-MODULE-PATH --add-opens=java.base/java.util.jar=cpw.mods.securejarhandler --add-opens=java.base/java.lang.invoke=cpw.mods.securejarhandler --add-exports=java.base/sun.security.util=cpw.mods.securejarhandler --add-exports=jdk.naming.dns/com.sun.jndi.dns=java.naming -Xmx6G -XX:+UnlockExperimentalVMOptions -XX:+UseG1GC -XX:G1NewSizePercent=20 -XX:G1ReservePercent=20 -XX:MaxGCPauseMillis=50 -XX:G1HeapRegionSize=32M cpw.mods.bootstraplauncher.BootstrapLauncher --username Viitox --version 1.19.2-forge-43.2.0 --gameDir C:\Users\Victor\AppData\Roaming\.minecraft --assetsDir C:\Users\Victor\AppData\Roaming\.minecraft\assets --assetIndex 1.19 --uuid f894014521ca4c3c975bfc9153eb87f5 --accessToken eyJraWQiOiJhYzg0YSIsImFsZyI6IkhTMjU2In0.eyJ4dWlkIjoiMjUzNTQyNjIyMDAxMDU0NSIsImFnZyI6IkFkdWx0Iiwic3ViIjoiNjAzZWQyYTktYzM3Zi00MGQzLWE0OGYtM2VhMTJiMjc0ZTU2IiwiYXV0aCI6IlhCT1giLCJucyI6ImRlZmF1bHQiLCJyb2xlcyI6W10sImlzcyI6ImF1dGhlbnRpY2F0aW9uIiwiZmxhZ3MiOlsidHdvZmFjdG9yYXV0aCIsIm9yZGVyc18yMDIyIl0sInBsYXRmb3JtIjoiUENfTEFVTkNIRVIiLCJ5dWlkIjoiODU5OWQ3NTM4YTgwNGVlZWJhYmFkOGE2ODc5OGQxOGIiLCJuYmYiOjE2ODM2NzcwOTQsImV4cCI6MTY4Mzc2MzQ5NCwiaWF0IjoxNjgzNjc3MDk0fQ.asJFrjwAktIFALuLjnY9LXj0HTO9h7y8TAphVN89VTw --clientId NzRiM2JjY2EtNjllZC00Y2ZlLTg1NDktZWQyYmMxNmZiMWQ2 --xuid 2535426220010545 --userType msa --versionType release --launchTarget forgeclient --fml.forgeVersion 43.2.0 --fml.mcVersion 1.19.2 --fml.forgeGroup net.minecraftforge --fml.mcpVersion 20220805.130853

Host: Intel(R) Core(TM) i7-7740X CPU @ 4.30GHz, 8 cores, 15G,  Windows 10 , 64 bit Build 19041 (10.0.19041.2788)
Time: Tue May  9 22:06:26 2023 Hora oficial do Brasil elapsed time: 3628.630365 seconds (0d 1h 0m 28s)

---------------  T H R E A D  ---------------

Current thread (0x00000263eed6e910):  VMThread "VM Thread" [stack: 0x000000daf4900000,0x000000daf4a00000] [id=16424]

Stack: [0x000000daf4900000,0x000000daf4a00000]
Native frames: (J=compiled Java code, j=interpreted, Vv=VM code, C=native code)
V  [jvm.dll+0x6771da]
V  [jvm.dll+0x8324e4]
V  [jvm.dll+0x833c8e]
V  [jvm.dll+0x8342f3]
V  [jvm.dll+0x245815]
V  [jvm.dll+0xa6533]
V  [jvm.dll+0x2f58b3]
V  [jvm.dll+0x2f15a0]
V  [jvm.dll+0x2d9ce7]
V  [jvm.dll+0x31ccc7]
V  [jvm.dll+0x8387cb]
V  [jvm.dll+0x839504]
V  [jvm.dll+0x839a1d]
V  [jvm.dll+0x839df4]
V  [jvm.dll+0x839ec0]
V  [jvm.dll+0x7e22da]
V  [jvm.dll+0x676065]
C  [ucrtbase.dll+0x21bb2]
C  [KERNEL32.DLL+0x17604]
C  [ntdll.dll+0x526a1]

VM_Operation (0x000000daf43fe400): G1CollectFull, mode: safepoint, requested by thread 0x00000263eecaa720


---------------  P R O C E S S  ---------------

Threads class SMR info:
_java_thread_list=0x000002640a2f1920, length=52, elements={
0x00000263eecaa720, 0x00000263fd55da10, 0x00000263fd55f7a0, 0x00000263fd5e8790,
0x00000263fd5c68c0, 0x00000263fd5c9190, 0x00000263fd5c9a50, 0x00000263fd5dacb0,
0x00000263fd5db5b0, 0x00000263fd5cce00, 0x00000263fd5f1fe0, 0x00000263fe18d080,
0x0000026396f4ea40, 0x0000026396f50720, 0x000002639572dab0, 0x00000263979f07c0,
0x00000263979f1b00, 0x00000263ad985970, 0x00000263b083c970, 0x00000263b083ce40,
0x00000263b2b36d40, 0x00000263b25db260, 0x00000263979f1160, 0x00000263979f2970,
0x00000263979f54c0, 0x0000026409b21c50, 0x00000263b25dbc00, 0x00000263afe0ae80,
0x00000263afe0a9b0, 0x00000263afe08cd0, 0x00000263fd439da0, 0x0000026427d79540,
0x0000026436796440, 0x00000263b6fb9880, 0x00000263d25b9880, 0x000002640a462540,
0x0000026436796910, 0x00000263fd4380c0, 0x00000263afe09b40, 0x00000264282bf9c0,
0x0000026427d7a880, 0x0000026436797780, 0x0000026436797c50, 0x00000263979f1630,
0x00000263979f6800, 0x0000026427dc7cd0, 0x00000263979f02f0, 0x00000263979f0c90,
0x00000263fd43ac10, 0x000002639af04b80, 0x000002639cea14a0, 0x00000263fd4398d0
}

Java Threads: ( => current thread )
  0x00000263eecaa720 JavaThread "Render thread" [_thread_blocked, id=988, stack(0x000000daf4300000,0x000000daf4400000)]
  0x00000263fd55da10 JavaThread "Reference Handler" daemon [_thread_blocked, id=20172, stack(0x000000daf4a00000,0x000000daf4b00000)]
  0x00000263fd55f7a0 JavaThread "Finalizer" daemon [_thread_blocked, id=22060, stack(0x000000daf4b00000,0x000000daf4c00000)]
  0x00000263fd5e8790 JavaThread "Signal Dispatcher" daemon [_thread_blocked, id=15864, stack(0x000000daf4c00000,0x000000daf4d00000)]
  0x00000263fd5c68c0 JavaThread "Attach Listener" daemon [_thread_blocked, id=4360, stack(0x000000daf4d00000,0x000000daf4e00000)]
  0x00000263fd5c9190 JavaThread "Service Thread" daemon [_thread_blocked, id=21992, stack(0x000000daf4e00000,0x000000daf4f00000)]
  0x00000263fd5c9a50 JavaThread "Monitor Deflation Thread" daemon [_thread_blocked, id=2064, stack(0x000000daf4f00000,0x000000daf5000000)]
  0x00000263fd5dacb0 JavaThread "C2 CompilerThread0" daemon [_thread_blocked, id=15872, stack(0x000000daf5000000,0x000000daf5100000)]
  0x00000263fd5db5b0 JavaThread "C1 CompilerThread0" daemon [_thread_blocked, id=2644, stack(0x000000daf5100000,0x000000daf5200000)]
  0x00000263fd5cce00 JavaThread "Sweeper thread" daemon [_thread_blocked, id=14900, stack(0x000000daf5200000,0x000000daf5300000)]
  0x00000263fd5f1fe0 JavaThread "Common-Cleaner" daemon [_thread_blocked, id=21816, stack(0x000000daf5300000,0x000000daf5400000)]
  0x00000263fe18d080 JavaThread "Notification Thread" daemon [_thread_blocked, id=22012, stack(0x000000daf5500000,0x000000daf5600000)]
  0x0000026396f4ea40 JavaThread "Thread-0" daemon [_thread_blocked, id=17324, stack(0x000000daf5f00000,0x000000daf6000000)]
  0x0000026396f50720 JavaThread "FileSystemWatchService" daemon [_thread_in_native, id=644, stack(0x000000daf6000000,0x000000daf6100000)]
  0x000002639572dab0 JavaThread "Timer hack thread" daemon [_thread_blocked, id=3232, stack(0x000000daf6600000,0x000000daf6700000)]
  0x00000263979f07c0 JavaThread "Cloth Updater Thread" daemon [_thread_blocked, id=16168, stack(0x000000daf7600000,0x000000daf7700000)]
  0x00000263979f1b00 JavaThread "FileSystemWatchService" daemon [_thread_in_native, id=5180, stack(0x000000daf7800000,0x000000daf7900000)]
  0x00000263ad985970 JavaThread "FileSystemWatchService" daemon [_thread_in_native, id=19012, stack(0x000000daf8500000,0x000000daf8600000)]
  0x00000263b083c970 JavaThread "FileSystemWatchService" daemon [_thread_in_native, id=22332, stack(0x000000daf8600000,0x000000daf8700000)]
  0x00000263b083ce40 JavaThread "Java2D Disposer" daemon [_thread_blocked, id=18940, stack(0x000000daf8800000,0x000000daf8900000)]
  0x00000263b2b36d40 JavaThread "CullThread" daemon [_thread_blocked, id=2432, stack(0x000000daf7e00000,0x000000daf7f00000)]
  0x00000263b25db260 JavaThread "FileSystemWatchService" daemon [_thread_in_native, id=2240, stack(0x000000daf9900000,0x000000daf9a00000)]
  0x00000263979f1160 JavaThread "Physics Cleaner" daemon [_thread_blocked, id=19480, stack(0x000000daf4200000,0x000000daf4300000)]
  0x00000263979f2970 JavaThread "Netty Server IO #0" daemon [_thread_in_native, id=18896, stack(0x000000daf4100000,0x000000daf4200000)]
  0x00000263979f54c0 JavaThread "Netty Local Client IO #0" daemon [_thread_blocked, id=18484, stack(0x000000daf6300000,0x000000daf6400000)]
  0x0000026409b21c50 JavaThread "Netty Server IO #1" daemon [_thread_in_native, id=17956, stack(0x000000daf6500000,0x000000daf6600000)]
  0x00000263b25dbc00 JavaThread "Telemetry-Sender-#1" [_thread_blocked, id=21720, stack(0x000000daf8a00000,0x000000daf8b00000)]
  0x00000263afe0ae80 JavaThread "Flywheel 0" [_thread_blocked, id=916, stack(0x000000daf8d00000,0x000000daf8e00000)]
  0x00000263afe0a9b0 JavaThread "Flywheel 1" [_thread_blocked, id=17040, stack(0x000000daf9d00000,0x000000daf9e00000)]
  0x00000263afe08cd0 JavaThread "FileSystemWatchService" daemon [_thread_in_native, id=4508, stack(0x000000daf6900000,0x000000daf6a00000)]
  0x00000263fd439da0 JavaThread "FileSystemWatchService" daemon [_thread_in_native, id=1940, stack(0x000000daf6d00000,0x000000daf6e00000)]
  0x0000026427d79540 JavaThread "Server thread" [_thread_blocked, id=22156, stack(0x000000daf6f00000,0x000000daf7000000)]
  0x0000026436796440 JavaThread "Server Physics Thread" [_thread_blocked, id=15540, stack(0x000000daf7000000,0x000000daf7100000)]
  0x00000263b6fb9880 JavaThread "FileSystemWatchService" daemon [_thread_in_native, id=3652, stack(0x000000daf7500000,0x000000daf7600000)]
  0x00000263d25b9880 JavaThread "Netty Server IO #2" daemon [_thread_in_native, id=7052, stack(0x000000daf7f00000,0x000000daf8000000)]
  0x000002640a462540 JavaThread "Netty Local Client IO #1" daemon [_thread_blocked, id=7056, stack(0x000000daf8000000,0x000000daf8100000)]
  0x0000026436796910 JavaThread "Netty Server IO #3" daemon [_thread_in_native, id=7068, stack(0x000000daf8200000,0x000000daf8300000)]
  0x00000263fd4380c0 JavaThread "Client Physics Thread" [_thread_blocked, id=7104, stack(0x000000daf8b00000,0x000000daf8c00000)]
  0x00000263afe09b40 JavaThread "Sound engine" daemon [_thread_blocked, id=6984, stack(0x000000daf9700000,0x000000daf9800000)]
  0x00000264282bf9c0 JavaThread "JEI Library Config file watcher" daemon [_thread_blocked, id=6720, stack(0x000000daf9800000,0x000000daf9900000)]
  0x0000026427d7a880 JavaThread "JEI GUI Config file watcher" daemon [_thread_blocked, id=6776, stack(0x000000daf9a00000,0x000000daf9b00000)]
  0x0000026436797780 JavaThread "Snow Contouring Thread" daemon [_thread_blocked, id=268, stack(0x000000dafa400000,0x000000dafa500000)]
  0x0000026436797c50 JavaThread "Ocean Processor Thread" daemon [_thread_blocked, id=6972, stack(0x000000dafa500000,0x000000dafa600000)]
  0x00000263979f1630 JavaThread "Worker-Main29" daemon [_thread_blocked, id=22584, stack(0x000000daf6700000,0x000000daf6800000)]
  0x00000263979f6800 JavaThread "Worker-Main30" daemon [_thread_blocked, id=3120, stack(0x000000daf6e00000,0x000000daf6f00000)]
  0x0000026427dc7cd0 JavaThread "Worker-Main31" daemon [_thread_blocked, id=20564, stack(0x000000daf7100000,0x000000daf7200000)]
  0x00000263979f02f0 JavaThread "Worker-Main32" daemon [_thread_blocked, id=22552, stack(0x000000daf7400000,0x000000daf7500000)]
  0x00000263979f0c90 JavaThread "IO-Worker-37" [_thread_blocked, id=22460, stack(0x000000daf5700000,0x000000daf5800000)]
  0x00000263fd43ac10 JavaThread "IO-Worker-38" [_thread_blocked, id=5168, stack(0x000000daf6400000,0x000000daf6500000)]
  0x000002639af04b80 JavaThread "ForkJoinPool.commonPool-worker-17" daemon [_thread_blocked, id=1484, stack(0x000000daf7300000,0x000000daf7400000)]
  0x000002639cea14a0 JavaThread "ForkJoinPool.commonPool-worker-18" daemon [_thread_blocked, id=22396, stack(0x000000daf7700000,0x000000daf7800000)]
  0x00000263fd4398d0 JavaThread "IO-Worker-39" [_thread_blocked, id=22432, stack(0x000000daf7900000,0x000000daf7a00000)]

Other Threads:
=>0x00000263eed6e910 VMThread "VM Thread" [stack: 0x000000daf4900000,0x000000daf4a00000] [id=16424]
  0x00000263eed11ec0 WatcherThread [stack: 0x000000daf5600000,0x000000daf5700000] [id=21976]
  0x00000263eed07530 GCTaskThread "GC Thread#0" [stack: 0x000000daf4400000,0x000000daf4500000] [id=4288]
  0x00000263fe9c2e40 GCTaskThread "GC Thread#1" [stack: 0x000000daf5800000,0x000000daf5900000] [id=2068]
  0x00000263fe9c30f0 GCTaskThread "GC Thread#2" [stack: 0x000000daf5900000,0x000000daf5a00000] [id=21040]
  0x00000263fea93000 GCTaskThread "GC Thread#3" [stack: 0x000000daf5a00000,0x000000daf5b00000] [id=19708]
  0x00000263fea932b0 GCTaskThread "GC Thread#4" [stack: 0x000000daf5b00000,0x000000daf5c00000] [id=2036]
  0x00000263fea93560 GCTaskThread "GC Thread#5" [stack: 0x000000daf5c00000,0x000000daf5d00000] [id=16196]
  0x0000026396a1cba0 GCTaskThread "GC Thread#6" [stack: 0x000000daf5d00000,0x000000daf5e00000] [id=2156]
  0x0000026395cd0e40 GCTaskThread "GC Thread#7" [stack: 0x000000daf5e00000,0x000000daf5f00000] [id=1936]
  0x00000263eed09b80 ConcurrentGCThread "G1 Main Marker" [stack: 0x000000daf4500000,0x000000daf4600000] [id=3500]
  0x00000263eed0ac40 ConcurrentGCThread "G1 Conc#0" [stack: 0x000000daf4600000,0x000000daf4700000] [id=14992]
  0x0000026397376eb0 ConcurrentGCThread "G1 Conc#1" [stack: 0x000000daf6100000,0x000000daf6200000] [id=2196]
  0x00000263eed405f0 ConcurrentGCThread "G1 Refine#0" [stack: 0x000000daf4700000,0x000000daf4800000] [id=21744]
  0x00000263b6545330 ConcurrentGCThread "G1 Refine#1" [stack: 0x000000daf9000000,0x000000daf9100000] [id=21320]
  0x00000263b6541f70 ConcurrentGCThread "G1 Refine#2" [stack: 0x000000daf9100000,0x000000daf9200000] [id=18348]
  0x00000263b6545bd0 ConcurrentGCThread "G1 Refine#3" [stack: 0x000000daf9200000,0x000000daf9300000] [id=15596]
  0x00000263b6543950 ConcurrentGCThread "G1 Refine#4" [stack: 0x000000daf9300000,0x000000daf9400000] [id=15600]
  0x00000263b6543c30 ConcurrentGCThread "G1 Refine#5" [stack: 0x000000daf9400000,0x000000daf9500000] [id=15676]
  0x00000263b6542250 ConcurrentGCThread "G1 Refine#6" [stack: 0x000000daf9500000,0x000000daf9600000] [id=15768]
  0x00000263b65441f0 ConcurrentGCThread "G1 Refine#7" [stack: 0x000000daf8900000,0x000000daf8a00000] [id=15844]
  0x00000263eed42b00 ConcurrentGCThread "G1 Service" [stack: 0x000000daf4800000,0x000000daf4900000] [id=688]

Threads with active compile tasks:

VM state: at safepoint (normal execution)

VM Mutex/Monitor currently owned by a thread:  ([mutex/lock_event])
[0x00000263eeca55d0] Threads_lock - owner thread: 0x00000263eed6e910
[0x00000263eeca6110] Heap_lock - owner thread: 0x00000263eecaa720

Heap address: 0x0000000680000000, size: 6144 MB, Compressed Oops mode: Zero based, Oop shift amount: 3

CDS archive(s) not mapped
Compressed class space mapped at: 0x0000000800000000-0x0000000840000000, reserved size: 1073741824
Narrow klass base: 0x0000000800000000, Narrow klass shift: 0, Narrow klass range: 0x40000000

GC Precious Log:
 CPUs: 8 total, 8 available
 Memory: 16322M
 Large Page Support: Disabled
 NUMA Support: Disabled
 Compressed Oops: Enabled (Zero based)
 Heap Region Size: 32M
 Heap Min Capacity: 32M
 Heap Initial Capacity: 256M
 Heap Max Capacity: 6G
 Pre-touch: Disabled
 Parallel Workers: 8
 Concurrent Workers: 2
 Concurrent Refinement Workers: 8
 Periodic GC: Disabled

Heap:
 garbage-first heap   total 5373952K, used 2396939K [0x0000000680000000, 0x0000000800000000)
  region size 32768K, 6 young (196608K), 2 survivors (65536K)
 Metaspace       used 256034K, committed 261056K, reserved 1277952K
  class space    used 37472K, committed 39552K, reserved 1048576K

Heap Regions: E=young(eden), S=young(survivor), O=old, HS=humongous(starts), HC=humongous(continues), CS=collection set, F=free, OA=open archive, CA=closed archive, TAMS=top-at-mark-start (previous, next)
|   0|0x0000000680000000, 0x0000000682000000, 0x0000000682000000|100%| O|  |TAMS 0x0000000682000000, 0x0000000680000000| Untracked 
|   1|0x0000000682000000, 0x0000000684000000, 0x0000000684000000|100%| O|  |TAMS 0x0000000684000000, 0x0000000682000000| Untracked 
|   2|0x0000000684000000, 0x0000000686000000, 0x0000000686000000|100%| O|  |TAMS 0x0000000686000000, 0x0000000684000000| Untracked 
|   3|0x0000000686000000, 0x0000000688000000, 0x0000000688000000|100%| O|  |TAMS 0x0000000688000000, 0x0000000686000000| Untracked 
|   4|0x0000000688000000, 0x000000068a000000, 0x000000068a000000|100%| O|  |TAMS 0x000000068a000000, 0x0000000688000000| Untracked 
|   5|0x000000068a000000, 0x000000068c000000, 0x000000068c000000|100%| O|  |TAMS 0x000000068c000000, 0x000000068a000000| Untracked 
|   6|0x000000068c000000, 0x000000068e000000, 0x000000068e000000|100%| O|  |TAMS 0x000000068e000000, 0x000000068c000000| Untracked 
|   7|0x000000068e000000, 0x0000000690000000, 0x0000000690000000|100%| O|  |TAMS 0x0000000690000000, 0x000000068e000000| Untracked 
|   8|0x0000000690000000, 0x0000000692000000, 0x0000000692000000|100%| O|  |TAMS 0x0000000692000000, 0x0000000690000000| Untracked 
|   9|0x0000000692000000, 0x0000000694000000, 0x0000000694000000|100%| O|  |TAMS 0x0000000694000000, 0x0000000692000000| Untracked 
|  10|0x0000000694000000, 0x0000000696000000, 0x0000000696000000|100%| O|  |TAMS 0x0000000696000000, 0x0000000694000000| Untracked 
|  11|0x0000000696000000, 0x0000000698000000, 0x0000000698000000|100%| O|  |TAMS 0x0000000698000000, 0x0000000696000000| Untracked 
|  12|0x0000000698000000, 0x000000069a000000, 0x000000069a000000|100%| O|  |TAMS 0x000000069a000000, 0x0000000698000000| Untracked 
|  13|0x000000069a000000, 0x000000069c000000, 0x000000069c000000|100%| O|  |TAMS 0x000000069c000000, 0x000000069a000000| Untracked 
|  14|0x000000069c000000, 0x000000069e000000, 0x000000069e000000|100%| O|  |TAMS 0x000000069e000000, 0x000000069c000000| Untracked 
|  15|0x000000069e000000, 0x00000006a0000000, 0x00000006a0000000|100%| O|  |TAMS 0x000000069e000000, 0x000000069e000000| Untracked 
|  16|0x00000006a0000000, 0x00000006a2000000, 0x00000006a2000000|100%| O|  |TAMS 0x00000006a2000000, 0x00000006a0000000| Untracked 
|  17|0x00000006a2000000, 0x00000006a4000000, 0x00000006a4000000|100%| O|  |TAMS 0x00000006a4000000, 0x00000006a2000000| Untracked 
|  18|0x00000006a4000000, 0x00000006a6000000, 0x00000006a6000000|100%| O|  |TAMS 0x00000006a6000000, 0x00000006a4000000| Untracked 
|  19|0x00000006a6000000, 0x00000006a8000000, 0x00000006a8000000|100%| O|  |TAMS 0x00000006a6000000, 0x00000006a6000000| Untracked 
|  20|0x00000006a8000000, 0x00000006aa000000, 0x00000006aa000000|100%| O|  |TAMS 0x00000006aa000000, 0x00000006a8000000| Untracked 
|  21|0x00000006aa000000, 0x00000006ac000000, 0x00000006ac000000|100%| O|  |TAMS 0x00000006ac000000, 0x00000006aa000000| Untracked 
|  22|0x00000006ac000000, 0x00000006ae000000, 0x00000006ae000000|100%| O|  |TAMS 0x00000006ae000000, 0x00000006ac000000| Untracked 
|  23|0x00000006ae000000, 0x00000006b0000000, 0x00000006b0000000|100%| O|  |TAMS 0x00000006b0000000, 0x00000006ae000000| Untracked 
|  24|0x00000006b0000000, 0x00000006b2000000, 0x00000006b2000000|100%| O|  |TAMS 0x00000006b2000000, 0x00000006b0000000| Untracked 
|  25|0x00000006b2000000, 0x00000006b4000000, 0x00000006b4000000|100%| O|  |TAMS 0x00000006b2000000, 0x00000006b2000000| Untracked 
|  26|0x00000006b4000000, 0x00000006b6000000, 0x00000006b6000000|100%| O|  |TAMS 0x00000006b6000000, 0x00000006b4000000| Untracked 
|  27|0x00000006b6000000, 0x00000006b8000000, 0x00000006b8000000|100%| O|  |TAMS 0x00000006b8000000, 0x00000006b6000000| Untracked 
|  28|0x00000006b8000000, 0x00000006ba000000, 0x00000006ba000000|100%| O|  |TAMS 0x00000006b8000000, 0x00000006b8000000| Untracked 
|  29|0x00000006ba000000, 0x00000006bc000000, 0x00000006bc000000|100%| O|  |TAMS 0x00000006ba000000, 0x00000006ba000000| Untracked 
|  30|0x00000006bc000000, 0x00000006be000000, 0x00000006be000000|100%| O|  |TAMS 0x00000006be000000, 0x00000006bc000000| Untracked 
|  31|0x00000006be000000, 0x00000006c0000000, 0x00000006c0000000|100%| O|  |TAMS 0x00000006c0000000, 0x00000006be000000| Untracked 
|  32|0x00000006c0000000, 0x00000006c2000000, 0x00000006c2000000|100%| O|  |TAMS 0x00000006c0000000, 0x00000006c0000000| Untracked 
|  33|0x00000006c2000000, 0x00000006c4000000, 0x00000006c4000000|100%| O|  |TAMS 0x00000006c2000000, 0x00000006c2000000| Untracked 
|  34|0x00000006c4000000, 0x00000006c6000000, 0x00000006c6000000|100%| O|  |TAMS 0x00000006c4000000, 0x00000006c4000000| Untracked 
|  35|0x00000006c6000000, 0x00000006c8000000, 0x00000006c8000000|100%| O|  |TAMS 0x00000006c6000000, 0x00000006c6000000| Untracked 
|  36|0x00000006c8000000, 0x00000006ca000000, 0x00000006ca000000|100%| O|  |TAMS 0x00000006c8000000, 0x00000006c8000000| Untracked 
|  37|0x00000006ca000000, 0x00000006cc000000, 0x00000006cc000000|100%| O|  |TAMS 0x00000006ca000000, 0x00000006ca000000| Untracked 
|  38|0x00000006cc000000, 0x00000006ce000000, 0x00000006ce000000|100%| O|  |TAMS 0x00000006cc000000, 0x00000006cc000000| Untracked 
|  39|0x00000006ce000000, 0x00000006d0000000, 0x00000006d0000000|100%| O|  |TAMS 0x00000006d0000000, 0x00000006ce000000| Untracked 
|  40|0x00000006d0000000, 0x00000006d2000000, 0x00000006d2000000|100%| O|  |TAMS 0x00000006d0000000, 0x00000006d0000000| Untracked 
|  41|0x00000006d2000000, 0x00000006d4000000, 0x00000006d4000000|100%| O|  |TAMS 0x00000006d2000000, 0x00000006d2000000| Untracked 
|  42|0x00000006d4000000, 0x00000006d5b1ce00, 0x00000006d6000000| 84%| O|  |TAMS 0x00000006d4000000, 0x00000006d4000000| Untracked 
|  43|0x00000006d6000000, 0x00000006d6000000, 0x00000006d8000000|  0%| F|  |TAMS 0x00000006d6000000, 0x00000006d6000000| Untracked 
|  44|0x00000006d8000000, 0x00000006d8000000, 0x00000006da000000|  0%| F|  |TAMS 0x00000006d8000000, 0x00000006d8000000| Untracked 
|  45|0x00000006da000000, 0x00000006da000000, 0x00000006dc000000|  0%| F|  |TAMS 0x00000006da000000, 0x00000006da000000| Untracked 
|  46|0x00000006dc000000, 0x00000006dc000000, 0x00000006de000000|  0%| F|  |TAMS 0x00000006dc000000, 0x00000006dc000000| Untracked 
|  47|0x00000006de000000, 0x00000006de000000, 0x00000006e0000000|  0%| F|  |TAMS 0x00000006de000000, 0x00000006de000000| Untracked 
|  48|0x00000006e0000000, 0x00000006e0000000, 0x00000006e2000000|  0%| F|  |TAMS 0x00000006e0000000, 0x00000006e0000000| Untracked 
|  49|0x00000006e2000000, 0x00000006e2000000, 0x00000006e4000000|  0%| F|  |TAMS 0x00000006e2000000, 0x00000006e2000000| Untracked 
|  50|0x00000006e4000000, 0x00000006e4000000, 0x00000006e6000000|  0%| F|  |TAMS 0x00000006e4000000, 0x00000006e4000000| Untracked 
|  51|0x00000006e6000000, 0x00000006e6000000, 0x00000006e8000000|  0%| F|  |TAMS 0x00000006e6000000, 0x00000006e6000000| Untracked 
|  52|0x00000006e8000000, 0x00000006e8000000, 0x00000006ea000000|  0%| F|  |TAMS 0x00000006e8000000, 0x00000006e8000000| Untracked 
|  53|0x00000006ea000000, 0x00000006ea000000, 0x00000006ec000000|  0%| F|  |TAMS 0x00000006ea000000, 0x00000006ea000000| Untracked 
|  54|0x00000006ec000000, 0x00000006ee000000, 0x00000006ee000000|100%| O|  |TAMS 0x00000006ee000000, 0x00000006ec000000| Untracked 
|  55|0x00000006ee000000, 0x00000006f0000000, 0x00000006f0000000|100%| O|  |TAMS 0x00000006f0000000, 0x00000006ee000000| Untracked 
|  56|0x00000006f0000000, 0x00000006f2000000, 0x00000006f2000000|100%| O|  |TAMS 0x00000006f2000000, 0x00000006f0000000| Untracked 
|  57|0x00000006f2000000, 0x00000006f4000000, 0x00000006f4000000|100%| O|  |TAMS 0x00000006f4000000, 0x00000006f2000000| Untracked 
|  58|0x00000006f4000000, 0x00000006f6000000, 0x00000006f6000000|100%| O|  |TAMS 0x00000006f6000000, 0x00000006f4000000| Untracked 
|  59|0x00000006f6000000, 0x00000006f8000000, 0x00000006f8000000|100%| O|  |TAMS 0x00000006f8000000, 0x00000006f6000000| Untracked 
|  60|0x00000006f8000000, 0x00000006fa000000, 0x00000006fa000000|100%| O|  |TAMS 0x00000006fa000000, 0x00000006f8000000| Untracked 
|  61|0x00000006fa000000, 0x00000006fc000000, 0x00000006fc000000|100%| O|  |TAMS 0x00000006fc000000, 0x00000006fa000000| Untracked 
|  62|0x00000006fc000000, 0x00000006fe000000, 0x00000006fe000000|100%| O|  |TAMS 0x00000006fe000000, 0x00000006fc000000| Untracked 
|  63|0x00000006fe000000, 0x00000006fe000000, 0x0000000700000000|  0%| F|  |TAMS 0x00000006fe000000, 0x00000006fe000000| Untracked 
|  64|0x0000000700000000, 0x0000000700000000, 0x0000000702000000|  0%| F|  |TAMS 0x0000000700000000, 0x0000000700000000| Untracked 
|  65|0x0000000702000000, 0x0000000704000000, 0x0000000704000000|100%| O|  |TAMS 0x0000000704000000, 0x0000000702000000| Untracked 
|  66|0x0000000704000000, 0x0000000706000000, 0x0000000706000000|100%| O|  |TAMS 0x0000000706000000, 0x0000000704000000| Untracked 
|  67|0x0000000706000000, 0x0000000706000000, 0x0000000708000000|  0%| F|  |TAMS 0x0000000706000000, 0x0000000706000000| Untracked 
|  68|0x0000000708000000, 0x0000000708000000, 0x000000070a000000|  0%| F|  |TAMS 0x0000000708000000, 0x0000000708000000| Untracked 
|  69|0x000000070a000000, 0x000000070a000000, 0x000000070c000000|  0%| F|  |TAMS 0x000000070a000000, 0x000000070a000000| Untracked 
|  70|0x000000070c000000, 0x000000070c000000, 0x000000070e000000|  0%| F|  |TAMS 0x000000070c000000, 0x000000070c000000| Untracked 
|  71|0x000000070e000000, 0x000000070e000000, 0x0000000710000000|  0%| F|  |TAMS 0x000000070e000000, 0x000000070e000000| Untracked 
|  72|0x0000000710000000, 0x0000000710000000, 0x0000000712000000|  0%| F|  |TAMS 0x0000000710000000, 0x0000000710000000| Untracked 
|  73|0x0000000712000000, 0x0000000712000000, 0x0000000714000000|  0%| F|  |TAMS 0x0000000712000000, 0x0000000712000000| Untracked 
|  74|0x0000000714000000, 0x0000000716000000, 0x0000000716000000|100%| O|  |TAMS 0x0000000716000000, 0x0000000714000000| Untracked 
|  75|0x0000000716000000, 0x0000000716000000, 0x0000000718000000|  0%| F|  |TAMS 0x0000000716000000, 0x0000000716000000| Untracked 
|  76|0x0000000718000000, 0x000000071a000000, 0x000000071a000000|100%| O|  |TAMS 0x000000071a000000, 0x0000000718000000| Untracked 
|  77|0x000000071a000000, 0x000000071c000000, 0x000000071c000000|100%| O|  |TAMS 0x000000071c000000, 0x000000071a000000| Untracked 
|  78|0x000000071c000000, 0x000000071e000000, 0x000000071e000000|100%| O|  |TAMS 0x000000071e000000, 0x000000071c000000| Untracked 
|  79|0x000000071e000000, 0x0000000720000000, 0x0000000720000000|100%| O|  |TAMS 0x0000000720000000, 0x000000071e000000| Untracked 
|  80|0x0000000720000000, 0x0000000722000000, 0x0000000722000000|100%| O|  |TAMS 0x0000000722000000, 0x0000000720000000| Untracked 
|  81|0x0000000722000000, 0x0000000724000000, 0x0000000724000000|100%| O|  |TAMS 0x0000000724000000, 0x0000000722000000| Untracked 
|  82|0x0000000724000000, 0x0000000725fffff8, 0x0000000726000000| 99%| O|  |TAMS 0x0000000725fffff8, 0x0000000724000000| Untracked 
|  83|0x0000000726000000, 0x0000000728000000, 0x0000000728000000|100%| O|  |TAMS 0x0000000728000000, 0x0000000726000000| Untracked 
|  84|0x0000000728000000, 0x000000072a000000, 0x000000072a000000|100%| O|  |TAMS 0x000000072a000000, 0x0000000728000000| Untracked 
|  85|0x000000072a000000, 0x000000072c000000, 0x000000072c000000|100%| O|  |TAMS 0x000000072c000000, 0x000000072a000000| Untracked 
|  86|0x000000072c000000, 0x000000072e000000, 0x000000072e000000|100%| O|  |TAMS 0x000000072e000000, 0x000000072c000000| Untracked 
|  87|0x000000072e000000, 0x0000000730000000, 0x0000000730000000|100%| O|  |TAMS 0x0000000730000000, 0x000000072e000000| Untracked 
|  88|0x0000000730000000, 0x0000000732000000, 0x0000000732000000|100%| O|  |TAMS 0x0000000730c38a00, 0x0000000730000000| Untracked 
|  89|0x0000000732000000, 0x0000000734000000, 0x0000000734000000|100%| O|  |TAMS 0x0000000732000000, 0x0000000732000000| Untracked 
|  90|0x0000000734000000, 0x0000000734000000, 0x0000000736000000|  0%| F|  |TAMS 0x0000000734000000, 0x0000000734000000| Untracked 
|  91|0x0000000736000000, 0x0000000736000000, 0x0000000738000000|  0%| F|  |TAMS 0x0000000736000000, 0x0000000736000000| Untracked 
|  92|0x0000000738000000, 0x0000000738000000, 0x000000073a000000|  0%| F|  |TAMS 0x0000000738000000, 0x0000000738000000| Untracked 
|  93|0x000000073a000000, 0x000000073a000000, 0x000000073c000000|  0%| F|  |TAMS 0x000000073a000000, 0x000000073a000000| Untracked 
|  94|0x000000073c000000, 0x000000073c000000, 0x000000073e000000|  0%| F|  |TAMS 0x000000073c000000, 0x000000073c000000| Untracked 
|  95|0x000000073e000000, 0x000000073e000000, 0x0000000740000000|  0%| F|  |TAMS 0x000000073e000000, 0x000000073e000000| Untracked 
|  96|0x0000000740000000, 0x0000000740000000, 0x0000000742000000|  0%| F|  |TAMS 0x0000000740000000, 0x0000000740000000| Untracked 
|  97|0x0000000742000000, 0x0000000742000000, 0x0000000744000000|  0%| F|  |TAMS 0x0000000742000000, 0x0000000742000000| Untracked 
|  98|0x0000000744000000, 0x0000000744000000, 0x0000000746000000|  0%| F|  |TAMS 0x0000000744000000, 0x0000000744000000| Untracked 
|  99|0x0000000746000000, 0x0000000746000000, 0x0000000748000000|  0%| F|  |TAMS 0x0000000746000000, 0x0000000746000000| Untracked 
| 100|0x0000000748000000, 0x0000000748000000, 0x000000074a000000|  0%| F|  |TAMS 0x0000000748000000, 0x0000000748000000| Untracked 
| 101|0x000000074a000000, 0x000000074a000000, 0x000000074c000000|  0%| F|  |TAMS 0x000000074a000000, 0x000000074a000000| Untracked 
| 102|0x000000074c000000, 0x000000074c9a61f8, 0x000000074e000000| 30%| S|CS|TAMS 0x000000074c000000, 0x000000074c000000| Complete 
| 103|0x000000074e000000, 0x0000000750000000, 0x0000000750000000|100%| S|CS|TAMS 0x000000074e000000, 0x000000074e000000| Complete 
| 104|0x0000000750000000, 0x0000000750000000, 0x0000000752000000|  0%| F|  |TAMS 0x0000000750000000, 0x0000000750000000| Untracked 
| 105|0x0000000752000000, 0x0000000752000000, 0x0000000754000000|  0%| F|  |TAMS 0x0000000752000000, 0x0000000752000000| Untracked 
| 106|0x0000000754000000, 0x0000000754000000, 0x0000000756000000|  0%| F|  |TAMS 0x0000000754000000, 0x0000000754000000| Untracked 
| 107|0x0000000756000000, 0x0000000756000000, 0x0000000758000000|  0%| F|  |TAMS 0x0000000756000000, 0x0000000756000000| Untracked 
| 108|0x0000000758000000, 0x0000000758000000, 0x000000075a000000|  0%| F|  |TAMS 0x0000000758000000, 0x0000000758000000| Untracked 
| 109|0x000000075a000000, 0x000000075a000000, 0x000000075c000000|  0%| F|  |TAMS 0x000000075a000000, 0x000000075a000000| Untracked 
| 110|0x000000075c000000, 0x000000075c000000, 0x000000075e000000|  0%| F|  |TAMS 0x000000075c000000, 0x000000075c000000| Untracked 
| 111|0x000000075e000000, 0x000000075e000000, 0x0000000760000000|  0%| F|  |TAMS 0x000000075e000000, 0x000000075e000000| Untracked 
| 112|0x0000000760000000, 0x0000000760000000, 0x0000000762000000|  0%| F|  |TAMS 0x0000000760000000, 0x0000000760000000| Untracked 
| 113|0x0000000762000000, 0x0000000762000000, 0x0000000764000000|  0%| F|  |TAMS 0x0000000762000000, 0x0000000762000000| Untracked 
| 114|0x0000000764000000, 0x0000000764000000, 0x0000000766000000|  0%| F|  |TAMS 0x0000000764000000, 0x0000000764000000| Untracked 
| 115|0x0000000766000000, 0x0000000766000000, 0x0000000768000000|  0%| F|  |TAMS 0x0000000766000000, 0x0000000766000000| Untracked 
| 116|0x0000000768000000, 0x0000000768000000, 0x000000076a000000|  0%| F|  |TAMS 0x0000000768000000, 0x0000000768000000| Untracked 
| 117|0x000000076a000000, 0x000000076a000000, 0x000000076c000000|  0%| F|  |TAMS 0x000000076a000000, 0x000000076a000000| Untracked 
| 118|0x000000076c000000, 0x000000076c000000, 0x000000076e000000|  0%| F|  |TAMS 0x000000076c000000, 0x000000076c000000| Untracked 
| 119|0x000000076e000000, 0x000000076e000000, 0x0000000770000000|  0%| F|  |TAMS 0x000000076e000000, 0x000000076e000000| Untracked 
| 120|0x0000000770000000, 0x0000000770000000, 0x0000000772000000|  0%| F|  |TAMS 0x0000000770000000, 0x0000000770000000| Untracked 
| 121|0x0000000772000000, 0x0000000772000000, 0x0000000774000000|  0%| F|  |TAMS 0x0000000772000000, 0x0000000772000000| Untracked 
| 122|0x0000000774000000, 0x0000000774000000, 0x0000000776000000|  0%| F|  |TAMS 0x0000000774000000, 0x0000000774000000| Untracked 
| 123|0x0000000776000000, 0x0000000776000000, 0x0000000778000000|  0%| F|  |TAMS 0x0000000776000000, 0x0000000776000000| Untracked 
| 124|0x0000000778000000, 0x0000000778000000, 0x000000077a000000|  0%| F|  |TAMS 0x0000000778000000, 0x0000000778000000| Untracked 
| 125|0x000000077a000000, 0x000000077a000000, 0x000000077c000000|  0%| F|  |TAMS 0x000000077a000000, 0x000000077a000000| Untracked 
| 126|0x000000077c000000, 0x000000077c000000, 0x000000077e000000|  0%| F|  |TAMS 0x000000077c000000, 0x000000077c000000| Untracked 
| 127|0x000000077e000000, 0x000000077e000000, 0x0000000780000000|  0%| F|  |TAMS 0x000000077e000000, 0x000000077e000000| Untracked 
| 128|0x0000000780000000, 0x0000000780000000, 0x0000000782000000|  0%| F|  |TAMS 0x0000000780000000, 0x0000000780000000| Untracked 
| 129|0x0000000782000000, 0x0000000782000000, 0x0000000784000000|  0%| F|  |TAMS 0x0000000782000000, 0x0000000782000000| Untracked 
| 130|0x0000000784000000, 0x0000000784000000, 0x0000000786000000|  0%| F|  |TAMS 0x0000000784000000, 0x0000000784000000| Untracked 
| 131|0x0000000786000000, 0x0000000786000000, 0x0000000788000000|  0%| F|  |TAMS 0x0000000786000000, 0x0000000786000000| Untracked 
| 132|0x0000000788000000, 0x0000000788000000, 0x000000078a000000|  0%| F|  |TAMS 0x0000000788000000, 0x0000000788000000| Untracked 
| 133|0x000000078a000000, 0x000000078a000000, 0x000000078c000000|  0%| F|  |TAMS 0x000000078a000000, 0x000000078a000000| Untracked 
| 134|0x000000078c000000, 0x000000078c000000, 0x000000078e000000|  0%| F|  |TAMS 0x000000078c000000, 0x000000078c000000| Untracked 
| 135|0x000000078e000000, 0x000000078e000000, 0x0000000790000000|  0%| F|  |TAMS 0x000000078e000000, 0x000000078e000000| Untracked 
| 136|0x0000000790000000, 0x0000000790000000, 0x0000000792000000|  0%| F|  |TAMS 0x0000000790000000, 0x0000000790000000| Untracked 
| 137|0x0000000792000000, 0x0000000792000000, 0x0000000794000000|  0%| F|  |TAMS 0x0000000792000000, 0x0000000792000000| Untracked 
| 138|0x0000000794000000, 0x0000000794000000, 0x0000000796000000|  0%| F|  |TAMS 0x0000000794000000, 0x0000000794000000| Untracked 
| 139|0x0000000796000000, 0x0000000796000000, 0x0000000798000000|  0%| F|  |TAMS 0x0000000796000000, 0x0000000796000000| Untracked 
| 140|0x0000000798000000, 0x0000000798000000, 0x000000079a000000|  0%| F|  |TAMS 0x0000000798000000, 0x0000000798000000| Untracked 
| 141|0x000000079a000000, 0x000000079a000000, 0x000000079c000000|  0%| F|  |TAMS 0x000000079a000000, 0x000000079a000000| Untracked 
| 142|0x000000079c000000, 0x000000079c000000, 0x000000079e000000|  0%| F|  |TAMS 0x000000079c000000, 0x000000079c000000| Untracked 
| 143|0x000000079e000000, 0x000000079e000000, 0x00000007a0000000|  0%| F|  |TAMS 0x000000079e000000, 0x000000079e000000| Untracked 
| 144|0x00000007a0000000, 0x00000007a0000000, 0x00000007a2000000|  0%| F|  |TAMS 0x00000007a0000000, 0x00000007a0000000| Untracked 
| 145|0x00000007a2000000, 0x00000007a2000000, 0x00000007a4000000|  0%| F|  |TAMS 0x00000007a2000000, 0x00000007a2000000| Untracked 
| 146|0x00000007a4000000, 0x00000007a4000000, 0x00000007a6000000|  0%| F|  |TAMS 0x00000007a4000000, 0x00000007a4000000| Untracked 
| 147|0x00000007a6000000, 0x00000007a6000000, 0x00000007a8000000|  0%| F|  |TAMS 0x00000007a6000000, 0x00000007a6000000| Untracked 
| 148|0x00000007a8000000, 0x00000007a8000000, 0x00000007aa000000|  0%| F|  |TAMS 0x00000007a8000000, 0x00000007a8000000| Untracked 
| 149|0x00000007aa000000, 0x00000007aa000000, 0x00000007ac000000|  0%| F|  |TAMS 0x00000007aa000000, 0x00000007aa000000| Untracked 
| 150|0x00000007ac000000, 0x00000007ac000000, 0x00000007ae000000|  0%| F|  |TAMS 0x00000007ac000000, 0x00000007ac000000| Untracked 
| 151|0x00000007ae000000, 0x00000007ae000000, 0x00000007b0000000|  0%| F|  |TAMS 0x00000007ae000000, 0x00000007ae000000| Untracked 
| 152|0x00000007b0000000, 0x00000007b0000000, 0x00000007b2000000|  0%| F|  |TAMS 0x00000007b0000000, 0x00000007b0000000| Untracked 
| 153|0x00000007b2000000, 0x00000007b2000000, 0x00000007b4000000|  0%| F|  |TAMS 0x00000007b2000000, 0x00000007b2000000| Untracked 
| 154|0x00000007b4000000, 0x00000007b4000000, 0x00000007b6000000|  0%| F|  |TAMS 0x00000007b4000000, 0x00000007b4000000| Untracked 
| 155|0x00000007b6000000, 0x00000007b6000000, 0x00000007b8000000|  0%| F|  |TAMS 0x00000007b6000000, 0x00000007b6000000| Untracked 
| 156|0x00000007b8000000, 0x00000007b8000000, 0x00000007ba000000|  0%| F|  |TAMS 0x00000007b8000000, 0x00000007b8000000| Untracked 
| 157|0x00000007ba000000, 0x00000007ba000000, 0x00000007bc000000|  0%| F|  |TAMS 0x00000007ba000000, 0x00000007ba000000| Untracked 
| 158|0x00000007bc000000, 0x00000007bc000000, 0x00000007be000000|  0%| F|  |TAMS 0x00000007bc000000, 0x00000007bc000000| Untracked 
| 159|0x00000007be000000, 0x00000007be000000, 0x00000007c0000000|  0%| F|  |TAMS 0x00000007be000000, 0x00000007be000000| Untracked 
| 160|0x00000007c0000000, 0x00000007c000fde8, 0x00000007c2000000|  0%| E|  |TAMS 0x00000007c0000000, 0x00000007c0000000| Complete 
| 161|0x00000007c2000000, 0x00000007c4000000, 0x00000007c4000000|100%| E|CS|TAMS 0x00000007c2000000, 0x00000007c2000000| Complete 
| 162|0x00000007c4000000, 0x00000007c6000000, 0x00000007c6000000|100%| E|CS|TAMS 0x00000007c4000000, 0x00000007c4000000| Complete 
| 163|0x00000007c6000000, 0x00000007c8000000, 0x00000007c8000000|100%| E|CS|TAMS 0x00000007c6000000, 0x00000007c6000000| Complete 

Card table byte_map: [0x00000263f3380000,0x00000263f3f80000] _byte_map_base: 0x00000263eff80000

Marking Bits (Prev, Next): (CMBitMap*) 0x00000263eed07a90, (CMBitMap*) 0x00000263eed07a50
 Prev Bits: [0x000002638f000000, 0x0000026395000000)
 Next Bits: [0x00000263f4b80000, 0x00000263fab80000)

Polling page: 0x00000263ecbb0000

Metaspace:

Usage:
  Non-class:    213.44 MB used.
      Class:     36.59 MB used.
       Both:    250.03 MB used.

Virtual space:
  Non-class space:      224.00 MB reserved,     216.31 MB ( 97%) committed,  28 nodes.
      Class space:        1.00 GB reserved,      38.62 MB (  4%) committed,  1 nodes.
             Both:        1.22 GB reserved,     254.94 MB ( 20%) committed. 

Chunk freelists:
   Non-Class:  3.59 MB
       Class:  1.38 MB
        Both:  4.97 MB

MaxMetaspaceSize: unlimited
CompressedClassSpaceSize: 1.00 GB
Initial GC threshold: 21.00 MB
Current GC threshold: 419.19 MB
CDS: off
MetaspaceReclaimPolicy: balanced
 - commit_granule_bytes: 65536.
 - commit_granule_words: 8192.
 - virtual_space_node_default_size: 1048576.
 - enlarge_chunks_in_place: 1.
 - new_chunks_are_fully_committed: 0.
 - uncommit_free_chunks: 1.
 - use_allocation_guard: 0.
 - handle_deallocations: 1.


Internal statistics:

num_allocs_failed_limit: 84.
num_arena_births: 5890.
num_arena_deaths: 390.
num_vsnodes_births: 29.
num_vsnodes_deaths: 0.
num_space_committed: 4075.
num_space_uncommitted: 2.
num_chunks_returned_to_freelist: 630.
num_chunks_taken_from_freelist: 16955.
num_chunk_merges: 305.
num_chunk_splits: 10832.
num_chunks_enlarged: 6674.
num_purges: 6.
num_inconsistent_stats: 0.

CodeHeap 'non-profiled nmethods': size=120000Kb used=72086Kb max_used=72086Kb free=47913Kb
 bounds [0x0000026387ad0000, 0x000002638c1e0000, 0x000002638f000000]
CodeHeap 'profiled nmethods': size=120000Kb used=68165Kb max_used=69076Kb free=51834Kb
 bounds [0x00000263805a0000, 0x0000026384a50000, 0x0000026387ad0000]
CodeHeap 'non-nmethods': size=5760Kb used=2894Kb max_used=3008Kb free=2865Kb
 bounds [0x0000026380000000, 0x0000026380320000, 0x00000263805a0000]
 total_blobs=46545 nmethods=43876 adapters=2576
 compilation: enabled
              stopped_count=0, restarted_count=0
 full_count=0

Compilation events (20 events):
Event: 3628.593 Thread 0x00000263fd5db5b0 72182       3       com.sun.jna.Structure::<init> (81 bytes)
Event: 3628.594 Thread 0x00000263fd5db5b0 nmethod 72182 0x0000026382307010 code [0x0000026382307340, 0x0000026382308638]
Event: 3628.594 Thread 0x00000263fd5db5b0 72181       3       com.sun.jna.platform.win32.OaIdl$VARIANT_BOOL::<init> (7 bytes)
Event: 3628.594 Thread 0x00000263fd5db5b0 nmethod 72181 0x0000026383e5ef90 code [0x0000026383e5f120, 0x0000026383e5f268]
Event: 3628.594 Thread 0x00000263fd5db5b0 72183       3       java.lang.Number::shortValue (6 bytes)
Event: 3628.594 Thread 0x00000263fd5db5b0 nmethod 72183 0x0000026383f38310 code [0x0000026383f384c0, 0x0000026383f38688]
Event: 3628.594 Thread 0x00000263fd5db5b0 72184       3       com.sun.jna.Memory::getByte (12 bytes)
Event: 3628.594 Thread 0x00000263fd5db5b0 nmethod 72184 0x0000026382306b10 code [0x0000026382306cc0, 0x0000026382306ef8]
Event: 3628.595 Thread 0x00000263fd5dacb0 72185       4       com.sun.jna.Memory::boundsCheck (90 bytes)
Event: 3628.595 Thread 0x00000263fd5dacb0 nmethod 72185 0x000002638af95790 code [0x000002638af95900, 0x000002638af959f8]
Event: 3628.596 Thread 0x00000263fd5db5b0 72186       3       com.sun.jna.IntegerType::fromNative (37 bytes)
Event: 3628.596 Thread 0x00000263fd5db5b0 nmethod 72186 0x0000026382306210 code [0x00000263823063e0, 0x0000026382306948]
Event: 3628.596 Thread 0x00000263fd5db5b0 72187       3       com.sun.jna.Memory::getLong (14 bytes)
Event: 3628.596 Thread 0x00000263fd5db5b0 nmethod 72187 0x0000026382305d90 code [0x0000026382305f40, 0x0000026382306158]
Event: 3628.596 Thread 0x00000263fd5db5b0 72188       3       com.sun.jna.Pointer::getLong (10 bytes)
Event: 3628.596 Thread 0x00000263fd5db5b0 nmethod 72188 0x0000026383ef1a10 code [0x0000026383ef1ba0, 0x0000026383ef1ce8]
Event: 3628.616 Thread 0x00000263fd5db5b0 72190       3       com.sun.jna.Function::invoke (769 bytes)
Event: 3628.620 Thread 0x00000263fd5db5b0 nmethod 72190 0x00000263822ff910 code [0x00000263823001a0, 0x0000026382304948]
Event: 3628.625 Thread 0x00000263fd5db5b0 72191       3       java.lang.invoke.BoundMethodHandle$Species_LLLLLL::speciesData (4 bytes)
Event: 3628.625 Thread 0x00000263fd5db5b0 nmethod 72191 0x0000026384637610 code [0x00000263846377a0, 0x00000263846378b8]

GC Heap History (20 events):
Event: 3573.370 GC heap before
{Heap before GC invocations=645 (full 0):
 garbage-first heap   total 5373952K, used 4162625K [0x0000000680000000, 0x0000000800000000)
  region size 32768K, 60 young (1966080K), 3 survivors (98304K)
 Metaspace       used 255241K, committed 260288K, reserved 1269760K
  class space    used 37371K, committed 39488K, reserved 1048576K
}
Event: 3573.392 GC heap after
{Heap after GC invocations=646 (full 0):
 garbage-first heap   total 5373952K, used 2291262K [0x0000000680000000, 0x0000000800000000)
  region size 32768K, 2 young (65536K), 2 survivors (65536K)
 Metaspace       used 255241K, committed 260288K, reserved 1269760K
  class space    used 37371K, committed 39488K, reserved 1048576K
}
Event: 3578.114 GC heap before
{Heap before GC invocations=646 (full 0):
 garbage-first heap   total 5373952K, used 4224574K [0x0000000680000000, 0x0000000800000000)
  region size 32768K, 61 young (1998848K), 2 survivors (65536K)
 Metaspace       used 255350K, committed 260352K, reserved 1269760K
  class space    used 37379K, committed 39488K, reserved 1048576K
}
Event: 3578.136 GC heap after
{Heap after GC invocations=647 (full 0):
 garbage-first heap   total 5373952K, used 2291178K [0x0000000680000000, 0x0000000800000000)
  region size 32768K, 2 young (65536K), 2 survivors (65536K)
 Metaspace       used 255350K, committed 260352K, reserved 1269760K
  class space    used 37379K, committed 39488K, reserved 1048576K
}
Event: 3583.975 GC heap before
{Heap before GC invocations=647 (full 0):
 garbage-first heap   total 5373952K, used 4158954K [0x0000000680000000, 0x0000000800000000)
  region size 32768K, 60 young (1966080K), 2 survivors (65536K)
 Metaspace       used 255719K, committed 260736K, reserved 1277952K
  class space    used 37431K, committed 39552K, reserved 1048576K
}
Event: 3583.996 GC heap after
{Heap after GC invocations=648 (full 0):
 garbage-first heap   total 5373952K, used 2292185K [0x0000000680000000, 0x0000000800000000)
  region size 32768K, 2 young (65536K), 2 survivors (65536K)
 Metaspace       used 255719K, committed 260736K, reserved 1277952K
  class space    used 37431K, committed 39552K, reserved 1048576K
}
Event: 3588.764 GC heap before
{Heap before GC invocations=648 (full 0):
 garbage-first heap   total 5373952K, used 4192729K [0x0000000680000000, 0x0000000800000000)
  region size 32768K, 60 young (1966080K), 2 survivors (65536K)
 Metaspace       used 255745K, committed 260736K, reserved 1277952K
  class space    used 37433K, committed 39552K, reserved 1048576K
}
Event: 3588.786 GC heap after
{Heap after GC invocations=649 (full 0):
 garbage-first heap   total 5373952K, used 2290099K [0x0000000680000000, 0x0000000800000000)
  region size 32768K, 2 young (65536K), 2 survivors (65536K)
 Metaspace       used 255745K, committed 260736K, reserved 1277952K
  class space    used 37433K, committed 39552K, reserved 1048576K
}
Event: 3594.870 GC heap before
{Heap before GC invocations=649 (full 0):
 garbage-first heap   total 5373952K, used 4190643K [0x0000000680000000, 0x0000000800000000)
  region size 32768K, 60 young (1966080K), 2 survivors (65536K)
 Metaspace       used 255774K, committed 260800K, reserved 1277952K
  class space    used 37437K, committed 39552K, reserved 1048576K
}
Event: 3594.889 GC heap after
{Heap after GC invocations=650 (full 0):
 garbage-first heap   total 5373952K, used 2289553K [0x0000000680000000, 0x0000000800000000)
  region size 32768K, 2 young (65536K), 2 survivors (65536K)
 Metaspace       used 255774K, committed 260800K, reserved 1277952K
  class space    used 37437K, committed 39552K, reserved 1048576K
}
Event: 3601.599 GC heap before
{Heap before GC invocations=650 (full 0):
 garbage-first heap   total 5373952K, used 4190097K [0x0000000680000000, 0x0000000800000000)
  region size 32768K, 60 young (1966080K), 2 survivors (65536K)
 Metaspace       used 255822K, committed 260864K, reserved 1277952K
  class space    used 37441K, committed 39552K, reserved 1048576K
}
Event: 3601.617 GC heap after
{Heap after GC invocations=651 (full 0):
 garbage-first heap   total 5373952K, used 2291617K [0x0000000680000000, 0x0000000800000000)
  region size 32768K, 2 young (65536K), 2 survivors (65536K)
 Metaspace       used 255822K, committed 260864K, reserved 1277952K
  class space    used 37441K, committed 39552K, reserved 1048576K
}
Event: 3608.418 GC heap before
{Heap before GC invocations=651 (full 0):
 garbage-first heap   total 5373952K, used 4192161K [0x0000000680000000, 0x0000000800000000)
  region size 32768K, 60 young (1966080K), 2 survivors (65536K)
 Metaspace       used 255859K, committed 260864K, reserved 1277952K
  class space    used 37444K, committed 39552K, reserved 1048576K
}
Event: 3608.436 GC heap after
{Heap after GC invocations=652 (full 0):
 garbage-first heap   total 5373952K, used 2289670K [0x0000000680000000, 0x0000000800000000)
  region size 32768K, 2 young (65536K), 2 survivors (65536K)
 Metaspace       used 255859K, committed 260864K, reserved 1277952K
  class space    used 37444K, committed 39552K, reserved 1048576K
}
Event: 3615.210 GC heap before
{Heap before GC invocations=652 (full 0):
 garbage-first heap   total 5373952K, used 4190214K [0x0000000680000000, 0x0000000800000000)
  region size 32768K, 60 young (1966080K), 2 survivors (65536K)
 Metaspace       used 255895K, committed 260928K, reserved 1277952K
  class space    used 37447K, committed 39552K, reserved 1048576K
}
Event: 3615.226 GC heap after
{Heap after GC invocations=653 (full 0):
 garbage-first heap   total 5373952K, used 2287261K [0x0000000680000000, 0x0000000800000000)
  region size 32768K, 2 young (65536K), 2 survivors (65536K)
 Metaspace       used 255895K, committed 260928K, reserved 1277952K
  class space    used 37447K, committed 39552K, reserved 1048576K
}
Event: 3623.600 GC heap before
{Heap before GC invocations=653 (full 0):
 garbage-first heap   total 5373952K, used 4187805K [0x0000000680000000, 0x0000000800000000)
  region size 32768K, 60 young (1966080K), 2 survivors (65536K)
 Metaspace       used 255900K, committed 260928K, reserved 1277952K
  class space    used 37447K, committed 39552K, reserved 1048576K
}
Event: 3623.614 GC heap after
{Heap after GC invocations=654 (full 0):
 garbage-first heap   total 5373952K, used 2287217K [0x0000000680000000, 0x0000000800000000)
  region size 32768K, 2 young (65536K), 2 survivors (65536K)
 Metaspace       used 255900K, committed 260928K, reserved 1277952K
  class space    used 37447K, committed 39552K, reserved 1048576K
}
Event: 3628.477 GC heap before
{Heap before GC invocations=654 (full 0):
 garbage-first heap   total 5373952K, used 4187761K [0x0000000680000000, 0x0000000800000000)
  region size 32768K, 60 young (1966080K), 2 survivors (65536K)
 Metaspace       used 255920K, committed 260992K, reserved 1277952K
  class space    used 37449K, committed 39552K, reserved 1048576K
}
Event: 3628.500 GC heap after
{Heap after GC invocations=655 (full 0):
 garbage-first heap   total 5373952K, used 2298635K [0x0000000680000000, 0x0000000800000000)
  region size 32768K, 2 young (65536K), 2 survivors (65536K)
 Metaspace       used 255920K, committed 260992K, reserved 1277952K
  class space    used 37449K, committed 39552K, reserved 1048576K
}

Deoptimization events (20 events):
Event: 3628.318 Thread 0x00000263eecaa720 Uncommon trap: trap_request=0xffffff45 fr.pc=0x00000263891abc20 relative=0x0000000000001500
Event: 3628.318 Thread 0x00000263eecaa720 Uncommon trap: reason=unstable_if action=reinterpret pc=0x00000263891abc20 method=java.util.concurrent.ConcurrentHashMap.putVal(Ljava/lang/Object;Ljava/lang/Object;Z)Ljava/lang/Object; @ 401 c2
Event: 3628.318 Thread 0x00000263eecaa720 DEOPT PACKING pc=0x00000263891abc20 sp=0x000000daf43fdf00
Event: 3628.318 Thread 0x00000263eecaa720 DEOPT UNPACKING pc=0x00000263800523a3 sp=0x000000daf43fde90 mode 2
Event: 3628.411 Thread 0x0000026427d79540 Uncommon trap: trap_request=0xffffff45 fr.pc=0x000002638bdb2f4c relative=0x00000000000037ec
Event: 3628.411 Thread 0x0000026427d79540 Uncommon trap: reason=unstable_if action=reinterpret pc=0x000002638bdb2f4c method=net.minecraft.server.level.ServerEntity.m_8533_()V @ 576 c2
Event: 3628.412 Thread 0x0000026427d79540 DEOPT PACKING pc=0x000002638bdb2f4c sp=0x000000daf6fff090
Event: 3628.412 Thread 0x0000026427d79540 DEOPT UNPACKING pc=0x00000263800523a3 sp=0x000000daf6fff008 mode 2
Event: 3628.515 Thread 0x00000263979f1160 Uncommon trap: trap_request=0xffffff45 fr.pc=0x000002638b75b130 relative=0x0000000000000af0
Event: 3628.515 Thread 0x00000263979f1160 Uncommon trap: reason=unstable_if action=reinterpret pc=0x000002638b75b130 method=java.util.concurrent.ConcurrentHashMap.replaceNode(Ljava/lang/Object;Ljava/lang/Object;Ljava/lang/Object;)Ljava/lang/Object; @ 104 c2
Event: 3628.515 Thread 0x00000263979f1160 DEOPT PACKING pc=0x000002638b75b130 sp=0x000000daf42ff1f0
Event: 3628.515 Thread 0x00000263979f1160 DEOPT UNPACKING pc=0x00000263800523a3 sp=0x000000daf42ff170 mode 2
Event: 3628.620 Thread 0x00000263eecaa720 Uncommon trap: trap_request=0x000003f6 fr.pc=0x000002638a3b4454 relative=0x0000000000001754
Event: 3628.620 Thread 0x00000263eecaa720 Uncommon trap: reason=unloaded action=reinterpret pc=0x000002638a3b4454 method=net.minecraft.world.level.Level.m_46653_(Ljava/util/function/Consumer;Lnet/minecraft/world/entity/Entity;)V @ 121 c2
Event: 3628.620 Thread 0x00000263eecaa720 DEOPT PACKING pc=0x000002638a3b4454 sp=0x000000daf43fe380
Event: 3628.620 Thread 0x00000263eecaa720 DEOPT UNPACKING pc=0x00000263800523a3 sp=0x000000daf43fe338 mode 2
Event: 3628.620 Thread 0x00000263eecaa720 Uncommon trap: trap_request=0xffffffad fr.pc=0x0000026389ae2bf4 relative=0x00000000000006f4
Event: 3628.620 Thread 0x00000263eecaa720 Uncommon trap: reason=uninitialized action=reinterpret pc=0x0000026389ae2bf4 method=net.minecraft.client.Minecraft.m_91374_()V @ 204 c2
Event: 3628.620 Thread 0x00000263eecaa720 DEOPT PACKING pc=0x0000026389ae2bf4 sp=0x000000daf43fe640
Event: 3628.620 Thread 0x00000263eecaa720 DEOPT UNPACKING pc=0x00000263800523a3 sp=0x000000daf43fe5f0 mode 2

Classes unloaded (20 events):
Event: 698.336 Thread 0x00000263eed6e910 Unloading class 0x0000000802621200 'org/openjdk/nashorn/internal/scripts/Script$79$\^eval\_'
Event: 698.336 Thread 0x00000263eed6e910 Unloading class 0x0000000802621000 'org/openjdk/nashorn/internal/scripts/ModuleGraphManipulator'
Event: 698.336 Thread 0x00000263eed6e910 Unloading class 0x0000000802620a00 'org/openjdk/nashorn/internal/scripts/Script$78$\^eval\_'
Event: 698.336 Thread 0x00000263eed6e910 Unloading class 0x0000000802620800 'org/openjdk/nashorn/internal/scripts/ModuleGraphManipulator'
Event: 698.336 Thread 0x00000263eed6e910 Unloading class 0x0000000802620200 'org/openjdk/nashorn/internal/scripts/Script$77$\^eval\_'
Event: 698.336 Thread 0x00000263eed6e910 Unloading class 0x0000000802620000 'org/openjdk/nashorn/internal/scripts/ModuleGraphManipulator'
Event: 698.336 Thread 0x00000263eed6e910 Unloading class 0x000000080261fa00 'org/openjdk/nashorn/internal/scripts/Script$76$\^eval\_'
Event: 698.336 Thread 0x00000263eed6e910 Unloading class 0x000000080261f800 'org/openjdk/nashorn/internal/scripts/ModuleGraphManipulator'
Event: 698.336 Thread 0x00000263eed6e910 Unloading class 0x000000080261f200 'org/openjdk/nashorn/internal/scripts/Script$75$\^eval\_'
Event: 698.336 Thread 0x00000263eed6e910 Unloading class 0x000000080261f000 'org/openjdk/nashorn/internal/scripts/ModuleGraphManipulator'
Event: 698.336 Thread 0x00000263eed6e910 Unloading class 0x000000080261ea00 'org/openjdk/nashorn/internal/scripts/Script$74$\^eval\_'
Event: 698.336 Thread 0x00000263eed6e910 Unloading class 0x000000080261e800 'org/openjdk/nashorn/internal/scripts/ModuleGraphManipulator'
Event: 698.336 Thread 0x00000263eed6e910 Unloading class 0x000000080261e200 'org/openjdk/nashorn/internal/scripts/Script$73$\^eval\_'
Event: 698.336 Thread 0x00000263eed6e910 Unloading class 0x000000080261e000 'org/openjdk/nashorn/internal/scripts/ModuleGraphManipulator'
Event: 698.336 Thread 0x00000263eed6e910 Unloading class 0x000000080261da00 'org/openjdk/nashorn/internal/scripts/Script$72$\^eval\_'
Event: 698.336 Thread 0x00000263eed6e910 Unloading class 0x000000080261d800 'org/openjdk/nashorn/internal/scripts/ModuleGraphManipulator'
Event: 698.336 Thread 0x00000263eed6e910 Unloading class 0x000000080261d200 'org/openjdk/nashorn/internal/scripts/Script$71$\^eval\_'
Event: 698.336 Thread 0x00000263eed6e910 Unloading class 0x000000080261d000 'org/openjdk/nashorn/internal/scripts/ModuleGraphManipulator'
Event: 698.336 Thread 0x00000263eed6e910 Unloading class 0x000000080261ca00 'org/openjdk/nashorn/internal/scripts/Script$70$\^eval\_'
Event: 698.336 Thread 0x00000263eed6e910 Unloading class 0x000000080261c800 'org/openjdk/nashorn/internal/scripts/ModuleGraphManipulator'

Classes redefined (0 events):
No events

Internal exceptions (20 events):
Event: 3620.870 Thread 0x00000263fd4398d0 Exception <a 'sun/nio/fs/WindowsException'{0x0000000779cdff70}> (0x0000000779cdff70) 
thrown [d:\a\_work\1\jdk\src\hotspot\share\prims\jni.cpp, line 516]
Event: 3621.069 Thread 0x00000263fd4398d0 Exception <a 'sun/nio/fs/WindowsException'{0x00000007740fc1c8}> (0x00000007740fc1c8) 
thrown [d:\a\_work\1\jdk\src\hotspot\share\prims\jni.cpp, line 516]
Event: 3621.817 Thread 0x00000263fd4398d0 Exception <a 'sun/nio/fs/WindowsException'{0x000000076ab1fe28}> (0x000000076ab1fe28) 
thrown [d:\a\_work\1\jdk\src\hotspot\share\prims\jni.cpp, line 516]
Event: 3621.869 Thread 0x00000263fd4398d0 Exception <a 'sun/nio/fs/WindowsException'{0x000000076bd7bc28}> (0x000000076bd7bc28) 
thrown [d:\a\_work\1\jdk\src\hotspot\share\prims\jni.cpp, line 516]
Event: 3621.968 Thread 0x00000263fd4398d0 Exception <a 'sun/nio/fs/WindowsException'{0x0000000769d3c840}> (0x0000000769d3c840) 
thrown [d:\a\_work\1\jdk\src\hotspot\share\prims\jni.cpp, line 516]
Event: 3622.216 Thread 0x00000263fd4398d0 Exception <a 'sun/nio/fs/WindowsException'{0x00000007651752d0}> (0x00000007651752d0) 
thrown [d:\a\_work\1\jdk\src\hotspot\share\prims\jni.cpp, line 516]
Event: 3622.671 Thread 0x00000263fd4398d0 Exception <a 'sun/nio/fs/WindowsException'{0x000000075fdc1930}> (0x000000075fdc1930) 
thrown [d:\a\_work\1\jdk\src\hotspot\share\prims\jni.cpp, line 516]
Event: 3622.720 Thread 0x00000263fd4398d0 Exception <a 'sun/nio/fs/WindowsException'{0x000000075fdfc260}> (0x000000075fdfc260) 
thrown [d:\a\_work\1\jdk\src\hotspot\share\prims\jni.cpp, line 516]
Event: 3622.969 Thread 0x00000263fd4398d0 Exception <a 'sun/nio/fs/WindowsException'{0x000000075bc92760}> (0x000000075bc92760) 
thrown [d:\a\_work\1\jdk\src\hotspot\share\prims\jni.cpp, line 516]
Event: 3623.269 Thread 0x00000263fd4398d0 Exception <a 'sun/nio/fs/WindowsException'{0x0000000756b12628}> (0x0000000756b12628) 
thrown [d:\a\_work\1\jdk\src\hotspot\share\prims\jni.cpp, line 516]
Event: 3623.416 Thread 0x00000263fd4398d0 Exception <a 'sun/nio/fs/WindowsException'{0x00000007540edf30}> (0x00000007540edf30) 
thrown [d:\a\_work\1\jdk\src\hotspot\share\prims\jni.cpp, line 516]
Event: 3623.816 Thread 0x00000263fd4398d0 Exception <a 'sun/nio/fs/WindowsException'{0x00000007c5efc1e0}> (0x00000007c5efc1e0) 
thrown [d:\a\_work\1\jdk\src\hotspot\share\prims\jni.cpp, line 516]
Event: 3624.874 Thread 0x00000263fd4398d0 Exception <a 'sun/nio/fs/WindowsException'{0x00000007b4bebde0}> (0x00000007b4bebde0) 
thrown [d:\a\_work\1\jdk\src\hotspot\share\prims\jni.cpp, line 516]
Event: 3625.322 Thread 0x00000263fd4398d0 Exception <a 'sun/nio/fs/WindowsException'{0x00000007b4bec7f0}> (0x00000007b4bec7f0) 
thrown [d:\a\_work\1\jdk\src\hotspot\share\prims\jni.cpp, line 516]
Event: 3625.630 Thread 0x00000263fd4398d0 Exception <a 'sun/nio/fs/WindowsException'{0x00000007a7ba8d38}> (0x00000007a7ba8d38) 
thrown [d:\a\_work\1\jdk\src\hotspot\share\prims\jni.cpp, line 516]
Event: 3626.870 Thread 0x00000263979f0c90 Exception <a 'sun/nio/fs/WindowsException'{0x00000007851ca9e8}> (0x00000007851ca9e8) 
thrown [d:\a\_work\1\jdk\src\hotspot\share\prims\jni.cpp, line 516]
Event: 3627.187 Thread 0x00000263979f0c90 Exception <a 'sun/nio/fs/WindowsException'{0x000000077df87b88}> (0x000000077df87b88) 
thrown [d:\a\_work\1\jdk\src\hotspot\share\prims\jni.cpp, line 516]
Event: 3627.621 Thread 0x00000263979f0c90 Exception <a 'sun/nio/fs/WindowsException'{0x000000076e6aa8a8}> (0x000000076e6aa8a8) 
thrown [d:\a\_work\1\jdk\src\hotspot\share\prims\jni.cpp, line 516]
Event: 3628.223 Thread 0x00000263979f0c90 Exception <a 'sun/nio/fs/WindowsException'{0x000000075f796cb8}> (0x000000075f796cb8) 
thrown [d:\a\_work\1\jdk\src\hotspot\share\prims\jni.cpp, line 516]
Event: 3628.623 Thread 0x00000263eecaa720 Exception <a 'java/lang/NoSuchMethodError'{0x00000007c74a5d80}: 'java.lang.Object java.lang.invoke.DirectMethodHandle$Holder.invokeSpecialIFC(java.lang.Object, java.lang.Object)'> (0x00000007c74a5d80) 
thrown [d:\a\_work\1\jdk\src\hotspot\share\interpreter\linkResolver.cpp, line 766]

VM Operations (20 events):
Event: 3619.229 Executing VM operation: Cleanup done
Event: 3620.230 Executing VM operation: Cleanup
Event: 3620.230 Executing VM operation: Cleanup done
Event: 3621.230 Executing VM operation: Cleanup
Event: 3621.230 Executing VM operation: Cleanup done
Event: 3623.231 Executing VM operation: Cleanup
Event: 3623.231 Executing VM operation: Cleanup done
Event: 3623.599 Executing VM operation: G1CollectForAllocation
Event: 3623.614 Executing VM operation: G1CollectForAllocation done
Event: 3624.614 Executing VM operation: Cleanup
Event: 3624.614 Executing VM operation: Cleanup done
Event: 3625.615 Executing VM operation: Cleanup
Event: 3625.616 Executing VM operation: Cleanup done
Event: 3626.616 Executing VM operation: Cleanup
Event: 3626.616 Executing VM operation: Cleanup done
Event: 3627.616 Executing VM operation: Cleanup
Event: 3627.616 Executing VM operation: Cleanup done
Event: 3628.477 Executing VM operation: G1CollectForAllocation
Event: 3628.507 Executing VM operation: G1CollectForAllocation done
Event: 3628.627 Executing VM operation: G1CollectFull

Events (20 events):
Event: 3609.425 Thread 0x00000263fd5cce00 flushing nmethod 0x0000026382041a10
Event: 3609.426 Thread 0x00000263fd5cce00 flushing nmethod 0x00000263820c0f90
Event: 3609.431 Thread 0x00000263fd5cce00 flushing nmethod 0x000002638270b790
Event: 3609.439 Thread 0x00000263fd5cce00 flushing nmethod 0x00000263831c8710
Event: 3609.440 Thread 0x00000263fd5cce00 flushing nmethod 0x0000026383384490
Event: 3609.440 Thread 0x00000263fd5cce00 flushing nmethod 0x0000026383494a10
Event: 3609.440 Thread 0x00000263fd5cce00 flushing nmethod 0x00000263834a9e10
Event: 3609.442 Thread 0x00000263fd5cce00 flushing nmethod 0x00000263837ce890
Event: 3609.444 Thread 0x00000263fd5cce00 flushing nmethod 0x0000026383ad2d10
Event: 3609.447 Thread 0x00000263fd5cce00 flushing nmethod 0x00000263840f3610
Event: 3609.447 Thread 0x00000263fd5cce00 flushing nmethod 0x00000263841b3710
Event: 3609.449 Thread 0x00000263fd5cce00 flushing nmethod 0x00000263845d4690
Event: 3609.450 Thread 0x00000263fd5cce00 flushing nmethod 0x0000026384a09110
Event: 3615.948 Thread 0x00000263b266eda0 Thread added: 0x00000263b266eda0
Event: 3616.749 Thread 0x00000263b266eda0 Thread exited: 0x00000263b266eda0
Event: 3627.743 Thread 0x0000026409b20de0 Thread exited: 0x0000026409b20de0
Event: 3628.318 loading class java/util/concurrent/ConcurrentHashMap$TreeNode
Event: 3628.319 loading class java/util/concurrent/ConcurrentHashMap$TreeNode done
Event: 3628.319 loading class java/util/concurrent/ConcurrentHashMap$TreeBin
Event: 3628.319 loading class java/util/concurrent/ConcurrentHashMap$TreeBin done


Dynamic libraries:
0x00007ff6bf8b0000 - 0x00007ff6bf8be000 	Z:\Minecraft Launcher\runtime\java-runtime-gamma\windows-x64\java-runtime-gamma\bin\javaw.exe
0x00007ffabb6f0000 - 0x00007ffabb8e8000 	C:\WINDOWS\SYSTEM32\ntdll.dll
0x00007ffab9b90000 - 0x00007ffab9c4f000 	C:\WINDOWS\System32\KERNEL32.DLL
0x00007ffab8e00000 - 0x00007ffab90da000 	C:\WINDOWS\System32\KERNELBASE.dll
0x00007ffab9650000 - 0x00007ffab9750000 	C:\WINDOWS\System32\ucrtbase.dll
0x00007ffab4900000 - 0x00007ffab4918000 	Z:\Minecraft Launcher\runtime\java-runtime-gamma\windows-x64\java-runtime-gamma\bin\jli.dll
0x00007ffaafe70000 - 0x00007ffaafe8b000 	Z:\Minecraft Launcher\runtime\java-runtime-gamma\windows-x64\java-runtime-gamma\bin\VCRUNTIME140.dll
0x00007ffab9900000 - 0x00007ffab9a9d000 	C:\WINDOWS\System32\USER32.dll
0x00007ffab9290000 - 0x00007ffab92b2000 	C:\WINDOWS\System32\win32u.dll
0x00007ffab9cb0000 - 0x00007ffab9cdb000 	C:\WINDOWS\System32\GDI32.dll
0x00007ffaa6bf0000 - 0x00007ffaa6e8a000 	C:\WINDOWS\WinSxS\amd64_microsoft.windows.common-controls_6595b64144ccf1df_6.0.19041.1110_none_60b5254171f9507e\COMCTL32.dll
0x00007ffab90e0000 - 0x00007ffab91f0000 	C:\WINDOWS\System32\gdi32full.dll
0x00007ffabae60000 - 0x00007ffabaefe000 	C:\WINDOWS\System32\msvcrt.dll
0x00007ffab91f0000 - 0x00007ffab928d000 	C:\WINDOWS\System32\msvcp_win.dll
0x00007ffab9aa0000 - 0x00007ffab9ad0000 	C:\WINDOWS\System32\IMM32.DLL
0x00007ffab6640000 - 0x00007ffab664c000 	Z:\Minecraft Launcher\runtime\java-runtime-gamma\windows-x64\java-runtime-gamma\bin\vcruntime140_1.dll
0x00007ffa9fef0000 - 0x00007ffa9ff7d000 	Z:\Minecraft Launcher\runtime\java-runtime-gamma\windows-x64\java-runtime-gamma\bin\msvcp140.dll
0x00007ffa5cb10000 - 0x00007ffa5d76d000 	Z:\Minecraft Launcher\runtime\java-runtime-gamma\windows-x64\java-runtime-gamma\bin\server\jvm.dll
0x00007ffaba4f0000 - 0x00007ffaba59e000 	C:\WINDOWS\System32\ADVAPI32.dll
0x00007ffaba890000 - 0x00007ffaba92c000 	C:\WINDOWS\System32\sechost.dll
0x00007ffaba5a0000 - 0x00007ffaba6c6000 	C:\WINDOWS\System32\RPCRT4.dll
0x00007ffabb220000 - 0x00007ffabb228000 	C:\WINDOWS\System32\PSAPI.DLL
0x00007ffab15c0000 - 0x00007ffab15ca000 	C:\WINDOWS\SYSTEM32\VERSION.dll
0x00007ffaafe30000 - 0x00007ffaafe57000 	C:\WINDOWS\SYSTEM32\WINMM.dll
0x00007ffab48f0000 - 0x00007ffab48f9000 	C:\WINDOWS\SYSTEM32\WSOCK32.dll
0x00007ffabb640000 - 0x00007ffabb6ab000 	C:\WINDOWS\System32\WS2_32.dll
0x00007ffab6ce0000 - 0x00007ffab6cf2000 	C:\WINDOWS\SYSTEM32\kernel.appcore.dll
0x00007ffaafe60000 - 0x00007ffaafe6a000 	Z:\Minecraft Launcher\runtime\java-runtime-gamma\windows-x64\java-runtime-gamma\bin\jimage.dll
0x00007ffaa7f40000 - 0x00007ffaa8124000 	C:\WINDOWS\SYSTEM32\DBGHELP.DLL
0x00007ffaa29c0000 - 0x00007ffaa29f4000 	C:\WINDOWS\SYSTEM32\dbgcore.DLL
0x00007ffab9370000 - 0x00007ffab93f2000 	C:\WINDOWS\System32\bcryptPrimitives.dll
0x00007ffaaf960000 - 0x00007ffaaf985000 	Z:\Minecraft Launcher\runtime\java-runtime-gamma\windows-x64\java-runtime-gamma\bin\java.dll
0x00007ffaafdb0000 - 0x00007ffaafdc8000 	Z:\Minecraft Launcher\runtime\java-runtime-gamma\windows-x64\java-runtime-gamma\bin\zip.dll
0x00007ffa8bad0000 - 0x00007ffa8bba7000 	Z:\Minecraft Launcher\runtime\java-runtime-gamma\windows-x64\java-runtime-gamma\bin\jsvml.dll
0x00007ffab9ce0000 - 0x00007ffaba424000 	C:\WINDOWS\System32\SHELL32.dll
0x00007ffab6ee0000 - 0x00007ffab7673000 	C:\WINDOWS\SYSTEM32\windows.storage.dll
0x00007ffabb230000 - 0x00007ffabb584000 	C:\WINDOWS\System32\combase.dll
0x00007ffab8860000 - 0x00007ffab888e000 	C:\WINDOWS\SYSTEM32\Wldp.dll
0x00007ffabb590000 - 0x00007ffabb63d000 	C:\WINDOWS\System32\SHCORE.dll
0x00007ffaba830000 - 0x00007ffaba885000 	C:\WINDOWS\System32\shlwapi.dll
0x00007ffab8d40000 - 0x00007ffab8d5f000 	C:\WINDOWS\SYSTEM32\profapi.dll
0x00007ffaa3b60000 - 0x00007ffaa3b79000 	Z:\Minecraft Launcher\runtime\java-runtime-gamma\windows-x64\java-runtime-gamma\bin\net.dll
0x00007ffab1840000 - 0x00007ffab194a000 	C:\WINDOWS\SYSTEM32\WINHTTP.dll
0x00007ffab85c0000 - 0x00007ffab862a000 	C:\WINDOWS\system32\mswsock.dll
0x00007ffa9ca00000 - 0x00007ffa9ca16000 	Z:\Minecraft Launcher\runtime\java-runtime-gamma\windows-x64\java-runtime-gamma\bin\nio.dll
0x00007ffaafb10000 - 0x00007ffaafb20000 	Z:\Minecraft Launcher\runtime\java-runtime-gamma\windows-x64\java-runtime-gamma\bin\verify.dll
0x00007ffaa36d0000 - 0x00007ffaa36d9000 	Z:\Minecraft Launcher\runtime\java-runtime-gamma\windows-x64\java-runtime-gamma\bin\management.dll
0x00007ffaa2db0000 - 0x00007ffaa2dbb000 	Z:\Minecraft Launcher\runtime\java-runtime-gamma\windows-x64\java-runtime-gamma\bin\management_ext.dll
0x00007ffa8b260000 - 0x00007ffa8b277000 	C:\WINDOWS\system32\napinsp.dll
0x00007ffa8b240000 - 0x00007ffa8b25b000 	C:\WINDOWS\system32\pnrpnsp.dll
0x00007ffab47d0000 - 0x00007ffab47ed000 	C:\WINDOWS\system32\NLAapi.dll
0x00007ffab8260000 - 0x00007ffab829c000 	C:\WINDOWS\SYSTEM32\IPHLPAPI.DLL
0x00007ffab3900000 - 0x00007ffab3915000 	C:\WINDOWS\system32\wshbth.dll
0x00007ffab82b0000 - 0x00007ffab837b000 	C:\WINDOWS\SYSTEM32\DNSAPI.dll
0x00007ffaba930000 - 0x00007ffaba938000 	C:\WINDOWS\System32\NSI.dll
0x00007ffa8b220000 - 0x00007ffa8b232000 	C:\WINDOWS\System32\winrnr.dll
0x00007ffaafda0000 - 0x00007ffaafdaa000 	C:\Windows\System32\rasadhlp.dll
0x00007ffaaf650000 - 0x00007ffaaf6d0000 	C:\WINDOWS\System32\fwpuclnt.dll
0x00007ffab9450000 - 0x00007ffab9477000 	C:\WINDOWS\System32\bcrypt.dll
0x00007ffab87c0000 - 0x00007ffab87d8000 	C:\WINDOWS\SYSTEM32\CRYPTSP.dll
0x00007ffab7e00000 - 0x00007ffab7e34000 	C:\WINDOWS\system32\rsaenh.dll
0x00007ffab8d00000 - 0x00007ffab8d2e000 	C:\WINDOWS\SYSTEM32\USERENV.dll
0x00007ffab87b0000 - 0x00007ffab87bc000 	C:\WINDOWS\SYSTEM32\CRYPTBASE.dll
0x00007ffab1f60000 - 0x00007ffab1f77000 	C:\WINDOWS\SYSTEM32\dhcpcsvc6.DLL
0x00007ffab2650000 - 0x00007ffab266d000 	C:\WINDOWS\SYSTEM32\dhcpcsvc.DLL
0x00007ffa8d960000 - 0x00007ffa8d9a5000 	C:\Users\Victor\AppData\Local\Temp\jna--1732826265\jna17226554883657255341.dll
0x00007ffabaf00000 - 0x00007ffabb02a000 	C:\WINDOWS\System32\Ole32.dll
0x00007ffaba440000 - 0x00007ffaba4e9000 	C:\WINDOWS\System32\clbcatq.dll
0x00007ffabb030000 - 0x00007ffabb0fd000 	C:\WINDOWS\System32\OleAut32.dll
0x00007ffaa0bb0000 - 0x00007ffaa0bcf000 	C:\WINDOWS\SYSTEM32\amsi.dll
0x00007ffaa0b30000 - 0x00007ffaa0bab000 	C:\ProgramData\Microsoft\Windows Defender\Platform\4.18.2304.8-0\MpOav.dll
0x00007ffa963e0000 - 0x00007ffa96429000 	C:\WINDOWS\SYSTEM32\Pdh.dll
0x00007ffa9fee0000 - 0x00007ffa9feef000 	C:\WINDOWS\System32\perfos.dll
0x00007ffa8cbb0000 - 0x00007ffa8cc25000 	C:\Users\Victor\AppData\Local\Temp\lwjglVictor\3.3.1-build-7\lwjgl.dll
0x00007ffa8b650000 - 0x00007ffa8b8a9000 	C:\Users\Victor\AppData\Local\Temp\lwjglVictor\3.3.1-build-7\jemalloc.dll
0x00007ffa8d950000 - 0x00007ffa8d95d000 	Z:\Minecraft Launcher\runtime\java-runtime-gamma\windows-x64\java-runtime-gamma\bin\sunmscapi.dll
0x00007ffab94f0000 - 0x00007ffab9646000 	C:\WINDOWS\System32\CRYPT32.dll
0x00007ffab88d0000 - 0x00007ffab88f8000 	C:\WINDOWS\SYSTEM32\ncrypt.dll
0x00007ffab8890000 - 0x00007ffab88cb000 	C:\WINDOWS\SYSTEM32\NTASN1.dll
0x00007ffa8ba60000 - 0x00007ffa8bac1000 	C:\Users\Victor\AppData\Local\Temp\lwjglVictor\3.3.1-build-7\glfw.dll
0x00007ffa8b600000 - 0x00007ffa8b645000 	C:\WINDOWS\SYSTEM32\dinput8.dll
0x00007ffa8ca70000 - 0x00007ffa8ca81000 	C:\WINDOWS\SYSTEM32\xinput1_4.dll
0x00007ffab9400000 - 0x00007ffab944e000 	C:\WINDOWS\System32\cfgmgr32.dll
0x00007ffab8bb0000 - 0x00007ffab8bdc000 	C:\WINDOWS\SYSTEM32\DEVOBJ.dll
0x00007ffaa2aa0000 - 0x00007ffaa2bf2000 	C:\WINDOWS\SYSTEM32\inputhost.dll
0x00007ffab6360000 - 0x00007ffab6452000 	C:\WINDOWS\SYSTEM32\CoreMessaging.dll
0x00007ffab5900000 - 0x00007ffab5a54000 	C:\WINDOWS\SYSTEM32\wintypes.dll
0x00007ffab47f0000 - 0x00007ffab48e6000 	C:\WINDOWS\SYSTEM32\PROPSYS.dll
0x00007ffab6000000 - 0x00007ffab635e000 	C:\WINDOWS\SYSTEM32\CoreUIComponents.dll
0x00007ffab7f40000 - 0x00007ffab7f73000 	C:\WINDOWS\SYSTEM32\ntmarta.dll
0x00007ffab6bd0000 - 0x00007ffab6bff000 	C:\WINDOWS\SYSTEM32\dwmapi.dll
0x00007ffab6810000 - 0x00007ffab68ae000 	C:\WINDOWS\system32\uxtheme.dll
0x00007ffabb100000 - 0x00007ffabb214000 	C:\WINDOWS\System32\MSCTF.dll
0x00007ffa65d60000 - 0x00007ffa65e85000 	C:\WINDOWS\SYSTEM32\opengl32.dll
0x00007ffa8b5d0000 - 0x00007ffa8b5fc000 	C:\WINDOWS\SYSTEM32\GLU32.dll
0x00007ffa6a3e0000 - 0x00007ffa6dd11000 	C:\WINDOWS\System32\DriverStore\FileRepository\nv_dispig.inf_amd64_009debfbd2e1619b\nvoglv64.dll
0x00007ffaba9f0000 - 0x00007ffabae58000 	C:\WINDOWS\System32\SETUPAPI.dll
0x00007ffab4af0000 - 0x00007ffab4b04000 	C:\WINDOWS\SYSTEM32\WTSAPI32.dll
0x00007ffab89f0000 - 0x00007ffab8a02000 	C:\WINDOWS\SYSTEM32\msasn1.dll
0x00007ffab1400000 - 0x00007ffab1431000 	C:\WINDOWS\SYSTEM32\cryptnet.dll
0x00007ffab08c0000 - 0x00007ffab0a08000 	C:\WINDOWS\SYSTEM32\drvstore.dll
0x00007ffab9480000 - 0x00007ffab94e7000 	C:\WINDOWS\System32\WINTRUST.dll
0x00007ffaae370000 - 0x00007ffaae3ab000 	C:\WINDOWS\SYSTEM32\dxcore.dll
0x00007ffab83d0000 - 0x00007ffab841b000 	C:\WINDOWS\SYSTEM32\powrprof.dll
0x00007ffab8240000 - 0x00007ffab8252000 	C:\WINDOWS\SYSTEM32\UMPDC.dll
0x00007ffab80a0000 - 0x00007ffab8104000 	C:\WINDOWS\SYSTEM32\WINSTA.dll
0x00007ffaa3a40000 - 0x00007ffaa3b39000 	C:\WINDOWS\SYSTEM32\textinputframework.dll
0x00007ffa66160000 - 0x00007ffa661bd000 	C:\Users\Victor\AppData\Local\Temp\lwjglVictor\3.3.1-build-7\lwjgl_opengl.dll
0x00007ffa65fe0000 - 0x00007ffa66061000 	C:\Users\Victor\AppData\Local\Temp\lwjglVictor\3.3.1-build-7\lwjgl_stb.dll
0x00007ffaaff90000 - 0x00007ffab003e000 	C:\WINDOWS\SYSTEM32\mscms.dll
0x00007ffaaff70000 - 0x00007ffaaff81000 	C:\WINDOWS\SYSTEM32\ColorAdapterClient.dll
0x00007ffa6fcd0000 - 0x00007ffa6fd13000 	C:\WINDOWS\SYSTEM32\icm32.dll
0x00007ffa5c8a0000 - 0x00007ffa5cb06000 	C:\Users\Victor\AppData\Local\Temp\de.fabmax.physx-jni\1.1.0\PhysX_64.dll
0x00007ffa5c6c0000 - 0x00007ffa5c897000 	C:\Users\Victor\AppData\Local\Temp\de.fabmax.physx-jni\1.1.0\PhysXCommon_64.dll
0x00007ffa65cb0000 - 0x00007ffa65d5a000 	C:\Users\Victor\AppData\Local\Temp\de.fabmax.physx-jni\1.1.0\PhysXCooking_64.dll
0x00007ffa5c620000 - 0x00007ffa5c6b1000 	C:\Users\Victor\AppData\Local\Temp\de.fabmax.physx-jni\1.1.0\PhysXFoundation_64.dll
0x00007ffa5c410000 - 0x00007ffa5c619000 	C:\Users\Victor\AppData\Local\Temp\de.fabmax.physx-jni\1.1.0\PhysXJniBindings_64.dll
0x00007ffa5c1d0000 - 0x00007ffa5c40c000 	C:\Users\Victor\AppData\Roaming\.minecraft\natives\Windows64ReleaseSp_bulletjme.dll
0x00007ffa5c030000 - 0x00007ffa5c1c7000 	C:\Users\Victor\AppData\Local\Temp\lwjglVictor\3.3.1-build-7\OpenAL.dll
0x00007ffab29d0000 - 0x00007ffab2a55000 	C:\WINDOWS\System32\MMDevApi.dll
0x00007ffa5bea0000 - 0x00007ffa5c026000 	C:\WINDOWS\System32\Speech\Common\sapi.dll
0x00007ffa6e520000 - 0x00007ffa6e53e000 	C:\WINDOWS\SYSTEM32\MSACM32.dll
0x00007ffa8bcd0000 - 0x00007ffa8bcdb000 	C:\WINDOWS\SYSTEM32\msdmo.dll
0x00007ffaa5b40000 - 0x00007ffaa5b66000 	C:\WINDOWS\SYSTEM32\winmmbase.dll
0x00007ffa5bd10000 - 0x00007ffa5be9e000 	Z:\Minecraft Launcher\runtime\java-runtime-gamma\windows-x64\java-runtime-gamma\bin\awt.dll
0x00007ffab66e0000 - 0x00007ffab6770000 	C:\WINDOWS\SYSTEM32\apphelp.dll
0x00007ffa80790000 - 0x00007ffa80797000 	C:\WINDOWS\system32\wshunix.dll
0x00007ffab2b20000 - 0x00007ffab2ca2000 	C:\WINDOWS\SYSTEM32\AUDIOSES.DLL

dbghelp: loaded successfully - version: 4.0.5 - missing functions: none
symbol engine: initialized successfully - sym options: 0x614 - pdb path: .;Z:\Minecraft Launcher\runtime\java-runtime-gamma\windows-x64\java-runtime-gamma\bin;C:\WINDOWS\SYSTEM32;C:\WINDOWS\WinSxS\amd64_microsoft.windows.common-controls_6595b64144ccf1df_6.0.19041.1110_none_60b5254171f9507e;Z:\Minecraft Launcher\runtime\java-runtime-gamma\windows-x64\java-runtime-gamma\bin\server;C:\Users\Victor\AppData\Local\Temp\jna--1732826265;C:\ProgramData\Microsoft\Windows Defender\Platform\4.18.2304.8-0;C:\Users\Victor\AppData\Local\Temp\lwjglVictor\3.3.1-build-7;C:\WINDOWS\System32\DriverStore\FileRepository\nv_dispig.inf_amd64_009debfbd2e1619b;C:\Users\Victor\AppData\Local\Temp\de.fabmax.physx-jni\1.1.0;C:\Users\Victor\AppData\Roaming\.minecraft\natives;C:\WINDOWS\System32\Speech\Common;C:\WINDOWS\system32\wbem

VM Arguments:
jvm_args: -XX:HeapDumpPath=MojangTricksIntelDriversForPerformance_javaw.exe_minecraft.exe.heapdump -Dos.name=Windows 10 -Dos.version=10.0 -Xss1M -Djava.library.path=C:\Users\Victor\AppData\Roaming\.minecraft\bin\358dfae2e720c6f2984d8eaeed0a23d9a72bb2bc -Dminecraft.launcher.brand=minecraft-launcher -Dminecraft.launcher.version=2.4.57 -Djava.net.preferIPv6Addresses=system -DignoreList=bootstraplauncher,securejarhandler,asm-commons,asm-util,asm-analysis,asm-tree,asm,JarJarFileSystems,client-extra,fmlcore,javafmllanguage,lowcodelanguage,mclanguage,forge-,1.19.2-forge-43.2.0.jar -DmergeModules=jna-5.10.0.jar,jna-platform-5.10.0.jar -DlibraryDirectory=C:\Users\Victor\AppData\Roaming\.minecraft\libraries --module-path=C:\Users\Victor\AppData\Roaming\.minecraft\libraries/cpw/mods/bootstraplauncher/1.1.2/bootstraplauncher-1.1.2.jar;C:\Users\Victor\AppData\Roaming\.minecraft\libraries/cpw/mods/securejarhandler/2.1.4/securejarhandler-2.1.4.jar;C:\Users\Victor\AppData\Roaming\.minecraft\libraries/org/ow2/asm/asm-commons/9.3/asm-commons-9.3.jar;C:\Users\Victor\AppData\Roaming\.minecraft\libraries/org/ow2/asm/asm-util/9.3/asm-util-9.3.jar;C:\Users\Victor\AppData\Roaming\.minecraft\libraries/org/ow2/asm/asm-analysis/9.3/asm-analysis-9.3.jar;C:\Users\Victor\AppData\Roaming\.minecraft\libraries/org/ow2/asm/asm-tree/9.3/asm-tree-9.3.jar;C:\Users\Victor\AppData\Roaming\.minecraft\libraries/org/ow2/asm/asm/9.3/asm-9.3.jar;C:\Users\Victor\AppData\Roaming\.minecraft\libraries/net/minecraftforge/JarJarFileSystems/0.3.16/JarJarFileSystems-0.3.16.jar --add-modules=ALL-MODULE-PATH --add-opens=java.base/java.util.jar=cpw.mods.securejarhandler --add-opens=java.base/java.lang.invoke=cpw.mods.securejarhandler --add-exports=java.base/sun.security.util=cpw.mods.securejarhandler --add-exports=jdk.naming.dns/com.sun.jndi.dns=java.naming -Xmx6G -XX:+UnlockExperimentalVMOptions -XX:+UseG1GC -XX:G1NewSizePercent=20 -XX:G1ReservePercent=20 -XX:MaxGCPauseMillis=50 -XX:G1HeapRegionSize=32M 
java_command: cpw.mods.bootstraplauncher.BootstrapLauncher --username Viitox --version 1.19.2-forge-43.2.0 --gameDir C:\Users\Victor\AppData\Roaming\.minecraft --assetsDir C:\Users\Victor\AppData\Roaming\.minecraft\assets --assetIndex 1.19 --uuid f894014521ca4c3c975bfc9153eb87f5 --accessToken eyJraWQiOiJhYzg0YSIsImFsZyI6IkhTMjU2In0.eyJ4dWlkIjoiMjUzNTQyNjIyMDAxMDU0NSIsImFnZyI6IkFkdWx0Iiwic3ViIjoiNjAzZWQyYTktYzM3Zi00MGQzLWE0OGYtM2VhMTJiMjc0ZTU2IiwiYXV0aCI6IlhCT1giLCJucyI6ImRlZmF1bHQiLCJyb2xlcyI6W10sImlzcyI6ImF1dGhlbnRpY2F0aW9uIiwiZmxhZ3MiOlsidHdvZmFjdG9yYXV0aCIsIm9yZGVyc18yMDIyIl0sInBsYXRmb3JtIjoiUENfTEFVTkNIRVIiLCJ5dWlkIjoiODU5OWQ3NTM4YTgwNGVlZWJhYmFkOGE2ODc5OGQxOGIiLCJuYmYiOjE2ODM2NzcwOTQsImV4cCI6MTY4Mzc2MzQ5NCwiaWF0IjoxNjgzNjc3MDk0fQ.asJFrjwAktIFALuLjnY9LXj0HTO9h7y8TAphVN89VTw --clientId NzRiM2JjY2EtNjllZC00Y2ZlLTg1NDktZWQyYmMxNmZiMWQ2 --xuid 2535426220010545 --userType msa --versionType release --launchTarget forgeclient --fml.forgeVersion 43.2.0 --fml.mcVersion 1.19.2 --fml.forgeGroup net.minecraftforge --fml.mcpVersion 20220805.130853
java_class_path (initial): C:\Users\Victor\AppData\Roaming\.minecraft\libraries\cpw\mods\securejarhandler\2.1.4\securejarhandler-2.1.4.jar;C:\Users\Victor\AppData\Roaming\.minecraft\libraries\org\ow2\asm\asm\9.3\asm-9.3.jar;C:\Users\Victor\AppData\Roaming\.minecraft\libraries\org\ow2\asm\asm-commons\9.3\asm-commons-9.3.jar;C:\Users\Victor\AppData\Roaming\.minecraft\libraries\org\ow2\asm\asm-tree\9.3\asm-tree-9.3.jar;C:\Users\Victor\AppData\Roaming\.minecraft\libraries\org\ow2\asm\asm-util\9.3\asm-util-9.3.jar;C:\Users\Victor\AppData\Roaming\.minecraft\libraries\org\ow2\asm\asm-analysis\9.3\asm-analysis-9.3.jar;C:\Users\Victor\AppData\Roaming\.minecraft\libraries\net\minecraftforge\accesstransformers\8.0.4\accesstransformers-8.0.4.jar;C:\Users\Victor\AppData\Roaming\.minecraft\libraries\org\antlr\antlr4-runtime\4.9.1\antlr4-runtime-4.9.1.jar;C:\Users\Victor\AppData\Roaming\.minecraft\libraries\net\minecraftforge\eventbus\6.0.3\eventbus-6.0.3.jar;C:\Users\Victor\AppData\Roaming\.minecraft\libraries\net\minecraftforge\forgespi\6.0.0\forgespi-6.0.0.jar;C:\Users\Victor\AppData\Roaming\.minecraft\libraries\net\minecraftforge\coremods\5.0.1\coremods-5.0.1.jar;C:\Users\Victor\AppData\Roaming\.minecraft\libraries\cpw\mods\modlauncher\10.0.8\modlauncher-10.0.8.jar;C:\Users\Victor\AppData\Roaming\.minecraft\libraries\net\minecraftforge\unsafe\0.2.0\unsafe-0.2.0.jar;C:\Users\Victor\AppData\Roaming\.minecraft\libraries\com\electronwill\night-config\core\3.6.4\core-3.6.4.jar;C:\Users\Victor\AppData\Roaming\.minecraft\libraries\com\electronwill\night-config\toml\3.6.4\toml-3.6.4.jar;C:\Users\Victor\AppData\Roaming\.minecraft\libraries\org\apache\maven\maven-artifact\3.8.5\maven-artifact-3.8.5.jar;C:\Users\Victor\AppData\Roaming\.minecraft\libraries\net\jodah\typetools\0.8.3\typetools-0.8.3.jar;C:\Users\Victor\AppData\Roaming\.minecraft\libraries\net\minecrell\terminalconsoleappender\1.2.0\terminalconsoleappender-1.2.0.jar;C:\Users\Victor\AppData\Roaming\.minecraft\libraries\org\
Launcher Type: SUN_STANDARD

[Global flags]
     intx CICompilerCount                          = 4                                         {product} {ergonomic}
     uint ConcGCThreads                            = 2                                         {product} {ergonomic}
     uint G1ConcRefinementThreads                  = 8                                         {product} {ergonomic}
     uint G1EagerReclaimRemSetThreshold            = 256                                  {experimental} {ergonomic}
   size_t G1HeapRegionSize                         = 33554432                                  {product} {command line}
    uintx G1NewSizePercent                         = 20                                   {experimental} {command line}
    uintx G1ReservePercent                         = 20                                        {product} {command line}
    uintx GCDrainStackTargetSize                   = 64                                        {product} {ergonomic}
    ccstr HeapDumpPath                             = MojangTricksIntelDriversForPerformance_javaw.exe_minecraft.exe.heapdump         {manageable} {command line}
   size_t InitialHeapSize                          = 268435456                                 {product} {ergonomic}
   size_t MarkStackSize                            = 4194304                                   {product} {ergonomic}
    uintx MaxGCPauseMillis                         = 50                                        {product} {command line}
   size_t MaxHeapSize                              = 6442450944                                {product} {command line}
   size_t MaxNewSize                               = 3858759680                                {product} {ergonomic}
   size_t MinHeapDeltaBytes                        = 33554432                                  {product} {ergonomic}
   size_t MinHeapSize                              = 33554432                                  {product} {ergonomic}
    uintx NonNMethodCodeHeapSize                   = 5839372                                {pd product} {ergonomic}
    uintx NonProfiledCodeHeapSize                  = 122909434                              {pd product} {ergonomic}
    uintx ProfiledCodeHeapSize                     = 122909434                              {pd product} {ergonomic}
    uintx ReservedCodeCacheSize                    = 251658240                              {pd product} {ergonomic}
     bool SegmentedCodeCache                       = true                                      {product} {ergonomic}
   size_t SoftMaxHeapSize                          = 6442450944                             {manageable} {ergonomic}
     intx ThreadStackSize                          = 1024                                   {pd product} {command line}
     bool UnlockExperimentalVMOptions              = true                                 {experimental} {command line}
     bool UseCompressedClassPointers               = true                           {product lp64_product} {ergonomic}
     bool UseCompressedOops                        = true                           {product lp64_product} {ergonomic}
     bool UseFastUnorderedTimeStamps               = true                                 {experimental} {ergonomic}
     bool UseG1GC                                  = true                                      {product} {command line}
     bool UseLargePagesIndividualAllocation        = false                                  {pd product} {ergonomic}

Logging:
Log output configuration:
 #0: stdout all=warning uptime,level,tags
 #1: stderr all=off uptime,level,tags

Environment Variables:
PATH=C:\Program Files\Common Files\Oracle\Java\javapath;C:\Program Files (x86)\Common Files\Oracle\Java\javapath;C:\Program Files (x86)\Common Files\Intel\Shared Libraries\redist\intel64\compiler;C:\WINDOWS\system32;C:\WINDOWS;C:\WINDOWS\System32\Wbem;C:\WINDOWS\System32\WindowsPowerShell\v1.0\;C:\WINDOWS\System32\OpenSSH\;C:\Program Files\nodejs\;C:\Program Files\Git\cmd;C:\Users\Victor\AppData\Local\Microsoft\WindowsApps;C:\Users\Victor\AppData\Roaming\npm;C:\Users\Victor\AppData\Local\Programs\Microsoft VS Code\bin
USERNAME=Victor
OS=Windows_NT
PROCESSOR_IDENTIFIER=Intel64 Family 6 Model 158 Stepping 9, GenuineIntel



---------------  S Y S T E M  ---------------

OS:
 Windows 10 , 64 bit Build 19041 (10.0.19041.2788)
OS uptime: 0 days 1:03 hours

CPU: total 8 (initial active 8) (4 cores per cpu, 2 threads per core) family 6 model 158 stepping 9 microcode 0xb4, cx8, cmov, fxsr, ht, mmx, 3dnowpref, sse, sse2, sse3, ssse3, sse4.1, sse4.2, popcnt, lzcnt, tsc, tscinvbit, avx, avx2, aes, erms, clmul, bmi1, bmi2, rtm, adx, fma, vzeroupper, clflush, clflushopt

Memory: 4k page, system-wide physical 16322M (7122M free)
TotalPageFile size 30551M (AvailPageFile size 4M)
current process WorkingSet (physical memory assigned to process): 3685M, peak: 7267M
current process commit charge ("private bytes"): 21831M, peak: 21842M

vm_info: OpenJDK 64-Bit Server VM (17.0.3+7-LTS) for windows-amd64 JRE (17.0.3+7-LTS), built on Apr 20 2022 04:24:16 by "" with MS VC++ 16.10 / 16.11 (VS2019)

END.
